2019-02-13 22:51:58,937: control.pubsub.sub.0001: pmgr.0000.launching.0           : MainThread     : INFO    : python.interpreter   version: 2.7.12 (default, Nov 12 2018, 14:36:49) [GCC 5.4.0 20160609]
2019-02-13 22:51:58,937: control.pubsub.sub.0001: pmgr.0000.launching.0           : MainThread     : INFO    :                      pid/tid: 20958/MainThread
2019-02-13 22:51:58,938: control.pubsub.sub.0001: pmgr.0000.launching.0           : MainThread     : INFO    : create control_pubsub - sub - tcp://138.201.86.166:43036
2019-02-13 22:51:58,990: control.pubsub.sub.0001: pmgr.0000.launching.0           : MainThread     : DEBUG   : start process
2019-02-13 22:51:58,990: control.pubsub.sub.0001: pmgr.0000.launching.0           : MainThread     : DEBUG   : ru_initialize_common (NOOP)
2019-02-13 22:51:58,990: control.pubsub.sub.0001: pmgr.0000.launching.0           : MainThread     : DEBUG   : ru_initialize_parent (NOOP)
2019-02-13 22:51:58,990: control.pubsub.sub.0001: pmgr.0000.launching.0           : MainThread     : DEBUG   : process class started (no child)
2019-02-14 06:47:04,196: control.pubsub.sub.0001: umgr.0000.staging.input.0       : Thread-1       : INFO    : python.interpreter   version: 2.7.12 (default, Nov 12 2018, 14:36:49) [GCC 5.4.0 20160609]
2019-02-14 06:47:04,196: control.pubsub.sub.0001: umgr.0000.staging.input.0       : Thread-1       : INFO    :                      pid/tid: 23859/Thread-1
2019-02-14 06:47:04,196: control.pubsub.sub.0001: umgr.0000.staging.input.0       : Thread-1       : INFO    : create control_pubsub - sub - tcp://138.201.86.166:43036
2019-02-14 06:47:04,197: control.pubsub.sub.0001: umgr.0000.staging.input.0       : Thread-1       : DEBUG   : start process
2019-02-14 06:47:04,197: control.pubsub.sub.0001: umgr.0000.staging.input.0       : Thread-1       : DEBUG   : ru_initialize_common (NOOP)
2019-02-14 06:47:04,197: control.pubsub.sub.0001: umgr.0000.staging.input.0       : Thread-1       : DEBUG   : ru_initialize_parent (NOOP)
2019-02-14 06:47:04,197: control.pubsub.sub.0001: umgr.0000.staging.input.0       : Thread-1       : DEBUG   : process class started (no child)
2019-02-14 06:47:04,377: control.pubsub.sub.0001: umgr.0000.staging.output.0      : Thread-1       : INFO    : python.interpreter   version: 2.7.12 (default, Nov 12 2018, 14:36:49) [GCC 5.4.0 20160609]
2019-02-14 06:47:04,377: control.pubsub.sub.0001: umgr.0000.staging.output.0      : Thread-1       : INFO    :                      pid/tid: 23894/Thread-1
2019-02-14 06:47:04,377: control.pubsub.sub.0001: umgr.0000.staging.output.0      : Thread-1       : INFO    : create control_pubsub - sub - tcp://138.201.86.166:43036
2019-02-14 06:47:04,378: control.pubsub.sub.0001: umgr.0000.staging.output.0      : Thread-1       : DEBUG   : start process
2019-02-14 06:47:04,378: control.pubsub.sub.0001: umgr.0000.staging.output.0      : Thread-1       : DEBUG   : ru_initialize_common (NOOP)
2019-02-14 06:47:04,378: control.pubsub.sub.0001: umgr.0000.staging.output.0      : Thread-1       : DEBUG   : ru_initialize_parent (NOOP)
2019-02-14 06:47:04,378: control.pubsub.sub.0001: umgr.0000.staging.output.0      : Thread-1       : DEBUG   : process class started (no child)
2019-02-14 06:47:04,496: control.pubsub.sub.0001: umgr.0000.scheduling.0          : Thread-1       : INFO    : python.interpreter   version: 2.7.12 (default, Nov 12 2018, 14:36:49) [GCC 5.4.0 20160609]
2019-02-14 06:47:04,496: control.pubsub.sub.0001: umgr.0000.scheduling.0          : Thread-1       : INFO    :                      pid/tid: 23916/Thread-1
2019-02-14 06:47:04,496: control.pubsub.sub.0001: umgr.0000.scheduling.0          : Thread-1       : INFO    : create control_pubsub - sub - tcp://138.201.86.166:43036
2019-02-14 06:47:04,496: control.pubsub.sub.0001: umgr.0000.scheduling.0          : Thread-1       : DEBUG   : start process
2019-02-14 06:47:04,496: control.pubsub.sub.0001: umgr.0000.scheduling.0          : Thread-1       : DEBUG   : ru_initialize_common (NOOP)
2019-02-14 06:47:04,496: control.pubsub.sub.0001: umgr.0000.scheduling.0          : Thread-1       : DEBUG   : ru_initialize_parent (NOOP)
2019-02-14 06:47:04,496: control.pubsub.sub.0001: umgr.0000.scheduling.0          : Thread-1       : DEBUG   : process class started (no child)
2019-02-14 08:47:42,579: control.pubsub.sub.0001: umgr.0000.scheduling.0          : Thread-1       : INFO    : parent stops child  23916 -> None [control.pubsub.sub.0001]
2019-02-14 08:47:42,579: control.pubsub.sub.0001: umgr.0000.scheduling.0          : Thread-1       : DEBUG   : ru_finalize_parent (NOOP)
2019-02-14 08:47:42,600: control.pubsub.sub.0001: umgr.0000.staging.output.0      : Thread-1       : INFO    : parent stops child  23894 -> None [control.pubsub.sub.0001]
2019-02-14 08:47:42,600: control.pubsub.sub.0001: umgr.0000.staging.output.0      : Thread-1       : DEBUG   : ru_finalize_parent (NOOP)
2019-02-14 08:47:42,652: control.pubsub.sub.0001: umgr.0000.staging.input.0       : Thread-1       : INFO    : parent stops child  23859 -> None [control.pubsub.sub.0001]
2019-02-14 08:47:42,652: control.pubsub.sub.0001: umgr.0000.staging.input.0       : Thread-1       : DEBUG   : ru_finalize_parent (NOOP)
