2019-02-13 22:51:57,729: control.pubsub.sub.0000: update.0                        : MainThread     : INFO    : python.interpreter   version: 2.7.12 (default, Nov 12 2018, 14:36:49) [GCC 5.4.0 20160609]
2019-02-13 22:51:57,729: control.pubsub.sub.0000: update.0                        : MainThread     : INFO    :                      pid/tid: 20862/MainThread
2019-02-13 22:51:57,729: control.pubsub.sub.0000: update.0                        : MainThread     : INFO    : create control_pubsub - sub - tcp://138.201.86.166:43036
2019-02-13 22:51:57,734: control.pubsub.sub.0000: update.0                        : MainThread     : DEBUG   : start process
2019-02-13 22:51:57,734: control.pubsub.sub.0000: update.0                        : MainThread     : DEBUG   : ru_initialize_common (NOOP)
2019-02-13 22:51:57,735: control.pubsub.sub.0000: update.0                        : MainThread     : DEBUG   : ru_initialize_parent (NOOP)
2019-02-13 22:51:57,735: control.pubsub.sub.0000: update.0                        : MainThread     : DEBUG   : process class started (no child)
2019-02-13 22:51:58,908: control.pubsub.sub.0000: pmgr.0000.launching.0           : MainThread     : INFO    : python.interpreter   version: 2.7.12 (default, Nov 12 2018, 14:36:49) [GCC 5.4.0 20160609]
2019-02-13 22:51:58,909: control.pubsub.sub.0000: pmgr.0000.launching.0           : MainThread     : INFO    :                      pid/tid: 20958/MainThread
2019-02-13 22:51:58,909: control.pubsub.sub.0000: pmgr.0000.launching.0           : MainThread     : INFO    : create control_pubsub - sub - tcp://138.201.86.166:43036
2019-02-13 22:51:58,922: control.pubsub.sub.0000: pmgr.0000.launching.0           : MainThread     : DEBUG   : start process
2019-02-13 22:51:58,923: control.pubsub.sub.0000: pmgr.0000.launching.0           : MainThread     : DEBUG   : ru_initialize_common (NOOP)
2019-02-13 22:51:58,923: control.pubsub.sub.0000: pmgr.0000.launching.0           : MainThread     : DEBUG   : ru_initialize_parent (NOOP)
2019-02-13 22:51:58,923: control.pubsub.sub.0000: pmgr.0000.launching.0           : MainThread     : DEBUG   : process class started (no child)
2019-02-13 22:51:59,102: control.pubsub.sub.0000: MainProcess                     : MainThread     : INFO    : python.interpreter   version: 2.7.12 (default, Nov 12 2018, 14:36:49) [GCC 5.4.0 20160609]
2019-02-13 22:51:59,103: control.pubsub.sub.0000: MainProcess                     : MainThread     : INFO    :                      pid/tid: 20716/MainThread
2019-02-13 22:51:59,103: control.pubsub.sub.0000: MainProcess                     : MainThread     : INFO    : create control_pubsub - sub - tcp://138.201.86.166:43036
2019-02-13 22:51:59,103: control.pubsub.sub.0000: MainProcess                     : MainThread     : DEBUG   : start process
2019-02-13 22:51:59,103: control.pubsub.sub.0000: MainProcess                     : MainThread     : DEBUG   : ru_initialize_common (NOOP)
2019-02-13 22:51:59,103: control.pubsub.sub.0000: MainProcess                     : MainThread     : DEBUG   : ru_initialize_parent (NOOP)
2019-02-13 22:51:59,103: control.pubsub.sub.0000: MainProcess                     : MainThread     : DEBUG   : process class started (no child)
2019-02-14 08:48:28,628: control.pubsub.sub.0000: MainProcess                     : MainThread     : INFO    : parent stops child  20716 -> None [control.pubsub.sub.0000]
2019-02-14 08:48:28,628: control.pubsub.sub.0000: MainProcess                     : MainThread     : DEBUG   : ru_finalize_parent (NOOP)
2019-02-14 08:48:29,066: control.pubsub.sub.0000: update.0                        : MainThread     : INFO    : parent stops child  20862 -> None [control.pubsub.sub.0000]
2019-02-14 08:48:29,066: control.pubsub.sub.0000: update.0                        : MainThread     : DEBUG   : ru_finalize_parent (NOOP)
