2019-02-13 22:51:58,731: pmgr.0000.launching.0: MainProcess                     : MainThread     : INFO    : python.interpreter   version: 2.7.12 (default, Nov 12 2018, 14:36:49) [GCC 5.4.0 20160609]
2019-02-13 22:51:58,732: pmgr.0000.launching.0: MainProcess                     : MainThread     : INFO    :                      pid/tid: 20716/MainThread
2019-02-13 22:51:58,732: pmgr.0000.launching.0: MainProcess                     : MainThread     : DEBUG   : alive check in term
2019-02-13 22:51:58,732: pmgr.0000.launching.0: MainProcess                     : MainThread     : DEBUG   : start process
2019-02-13 22:51:58,995: pmgr.0000.launching.0: MainProcess                     : MainThread     : INFO    : recv message: alive
2019-02-13 22:51:58,995: pmgr.0000.launching.0: MainProcess                     : MainThread     : INFO    : initialize pmgr.0000.launching.0
2019-02-13 22:51:58,996: pmgr.0000.launching.0: MainProcess                     : MainThread     : INFO    : cfg: {'agents': {},
 u'bridges': {u'control_pubsub': {'addr_in': 'tcp://138.201.86.166:41339',
                                  'addr_out': 'tcp://138.201.86.166:43036',
                                  u'bulk_size': 0,
                                  u'log_level': u'error',
                                  u'stall_hwm': 1},
              u'log_pubsub': {'addr_in': 'tcp://138.201.86.166:39343',
                              'addr_out': 'tcp://138.201.86.166:33062',
                              u'bulk_size': 0,
                              u'log_level': u'error',
                              u'stall_hwm': 1},
              u'pmgr_launching_queue': {'addr_in': 'tcp://138.201.86.166:35862',
                                        'addr_out': 'tcp://138.201.86.166:35545',
                                        u'bulk_size': 0,
                                        u'log_level': u'error',
                                        u'stall_hwm': 1},
              u'state_pubsub': {'addr_in': 'tcp://138.201.86.166:34796',
                                'addr_out': 'tcp://138.201.86.166:45913',
                                u'bulk_size': 0,
                                u'log_level': u'error',
                                u'stall_hwm': 1}},
 'cname': u'PMGRLaunchingComponent',
 u'components': {},
 u'count': 1,
 u'db_poll_sleeptime': 10.0,
 'number': 0,
 'owner': 'pmgr.0000',
 'uid': 'pmgr.0000'}
2019-02-13 22:51:58,996: pmgr.0000.launching.0: MainProcess                     : MainThread     : DEBUG   : alive check in term
2019-02-13 22:51:58,996: pmgr.0000.launching.0: MainProcess                     : MainThread     : DEBUG   : START: pmgr.0000.launching.0 register publisher log_pubsub
2019-02-13 22:51:58,996: pmgr.0000.launching.0: MainProcess                     : MainThread     : DEBUG   : using addr tcp://138.201.86.166:39343 for pubsub log_pubsub
2019-02-13 22:51:59,042: pmgr.0000.launching.0: MainProcess                     : MainThread     : DEBUG   : registered publisher : log_pubsub : log.pubsub.pub.0001
2019-02-13 22:51:59,042: pmgr.0000.launching.0: MainProcess                     : MainThread     : DEBUG   : alive check in term
2019-02-13 22:51:59,042: pmgr.0000.launching.0: MainProcess                     : MainThread     : DEBUG   : START: pmgr.0000.launching.0 register publisher state_pubsub
2019-02-13 22:51:59,042: pmgr.0000.launching.0: MainProcess                     : MainThread     : DEBUG   : using addr tcp://138.201.86.166:34796 for pubsub state_pubsub
2019-02-13 22:51:59,043: pmgr.0000.launching.0: MainProcess                     : MainThread     : DEBUG   : registered publisher : state_pubsub : state.pubsub.pub.0001
2019-02-13 22:51:59,043: pmgr.0000.launching.0: MainProcess                     : MainThread     : DEBUG   : alive check in term
2019-02-13 22:51:59,043: pmgr.0000.launching.0: MainProcess                     : MainThread     : DEBUG   : START: pmgr.0000.launching.0 register publisher control_pubsub
2019-02-13 22:51:59,043: pmgr.0000.launching.0: MainProcess                     : MainThread     : DEBUG   : using addr tcp://138.201.86.166:41339 for pubsub control_pubsub
2019-02-13 22:51:59,044: pmgr.0000.launching.0: MainProcess                     : MainThread     : DEBUG   : registered publisher : control_pubsub : control.pubsub.pub.0001
2019-02-13 22:51:59,045: pmgr.0000.launching.0: MainProcess                     : MainThread     : DEBUG   : parent name: pmgr.0000.launching.0.watch
2019-02-13 22:51:59,045: pmgr.0000.launching.0: MainProcess                     : MainThread     : DEBUG   : start thread
2019-02-13 22:51:59,045: pmgr.0000.launching.0: MainProcess                     : pmgr.0000.launching.0.watch: DEBUG   : child name: pmgr.0000.launching.0.watch.thread
2019-02-13 22:51:59,045: pmgr.0000.launching.0: MainProcess                     : pmgr.0000.launching.0.watch: INFO    : child (me) initializing
2019-02-13 22:51:59,045: pmgr.0000.launching.0: MainProcess                     : pmgr.0000.launching.0.watch: DEBUG   : ru_initialize_common (NOOP)
2019-02-13 22:51:59,045: pmgr.0000.launching.0: MainProcess                     : pmgr.0000.launching.0.watch: DEBUG   : ru_initialize_child (NOOP)
2019-02-13 22:51:59,045: pmgr.0000.launching.0: MainProcess                     : pmgr.0000.launching.0.watch: INFO    : send alive
2019-02-13 22:51:59,045: pmgr.0000.launching.0: MainProcess                     : pmgr.0000.launching.0.watch: INFO    : put message: [pmgr.0000.launching.0.watch.thread] alive
2019-02-13 22:51:59,046: pmgr.0000.launching.0: MainProcess                     : MainThread     : INFO    : get msg: alive
2019-02-13 22:51:59,046: pmgr.0000.launching.0: MainProcess                     : MainThread     : DEBUG   : ru_initialize_common (NOOP)
2019-02-13 22:51:59,046: pmgr.0000.launching.0: MainProcess                     : MainThread     : DEBUG   : ru_initialize_parent (NOOP)
2019-02-13 22:51:59,046: pmgr.0000.launching.0: MainProcess                     : MainThread     : DEBUG   : child thread pmgr.0000.launching.0.watch started
2019-02-13 22:51:59,046: pmgr.0000.launching.0: MainProcess                     : MainThread     : INFO    : child is alive
2019-02-13 22:51:59,046: pmgr.0000.launching.0: MainProcess                     : MainThread     : DEBUG   : process class started child
2019-02-14 08:48:25,682: pmgr.0000.launching.0: MainProcess                     : MainThread     : INFO    : stop pmgr.0000.launching.0 (20716 : 20958 : MainThread) [radical.pilot.pilot_manager.PilotManager.finalize_parent]
2019-02-14 08:48:25,717: pmgr.0000.launching.0: MainProcess                     : MainThread     : INFO    : parent stops child  20716 -> 20958 [pmgr.0000.launching.0]
2019-02-14 08:48:25,717: pmgr.0000.launching.0: MainProcess                     : MainThread     : INFO    : send message: [pmgr.0000.launching.0] STOP
2019-02-14 08:48:25,717: pmgr.0000.launching.0: MainProcess                     : MainThread     : DEBUG   : ru_finalize_common()
2019-02-14 08:48:25,717: pmgr.0000.launching.0: MainProcess                     : MainThread     : DEBUG   : TERM : pmgr.0000.launching.0 unregister publisher log_pubsub
2019-02-14 08:48:25,718: pmgr.0000.launching.0: MainProcess                     : pmgr.0000.launching.0.watch: INFO    : recv message: 
2019-02-14 08:48:25,718: pmgr.0000.launching.0: MainProcess                     : MainThread     : DEBUG   : unregistered publisher log_pubsub
2019-02-14 08:48:25,719: pmgr.0000.launching.0: MainProcess                     : pmgr.0000.launching.0.watch: INFO    : message received: 
2019-02-14 08:48:25,719: pmgr.0000.launching.0: MainProcess                     : MainThread     : DEBUG   : TERM : pmgr.0000.launching.0 unregister publisher state_pubsub
2019-02-14 08:48:25,719: pmgr.0000.launching.0: MainProcess                     : pmgr.0000.launching.0.watch: WARNING : no message, parent closed ep!
2019-02-14 08:48:25,720: pmgr.0000.launching.0: MainProcess                     : pmgr.0000.launching.0.watch: INFO    : watcher closes
2019-02-14 08:48:25,720: pmgr.0000.launching.0: MainProcess                     : pmgr.0000.launching.0.watch: INFO    : put message: [pmgr.0000.launching.0.watch.thread] work finished
2019-02-14 08:48:25,720: pmgr.0000.launching.0: MainProcess                     : pmgr.0000.launching.0.watch: DEBUG   : ru_finalize_child (NOOP)
2019-02-14 08:48:25,721: pmgr.0000.launching.0: MainProcess                     : pmgr.0000.launching.0.watch: DEBUG   : ru_finalize_common (NOOP)
2019-02-14 08:48:25,721: pmgr.0000.launching.0: MainProcess                     : MainThread     : DEBUG   : unregistered publisher state_pubsub
2019-02-14 08:48:25,721: pmgr.0000.launching.0: MainProcess                     : pmgr.0000.launching.0.watch: INFO    : put message: [pmgr.0000.launching.0.watch.thread] terminating
2019-02-14 08:48:25,721: pmgr.0000.launching.0: MainProcess                     : MainThread     : DEBUG   : TERM : pmgr.0000.launching.0 unregister publisher control_pubsub
2019-02-14 08:48:25,723: pmgr.0000.launching.0: MainProcess                     : MainThread     : DEBUG   : unregistered publisher control_pubsub
2019-02-14 08:48:25,723: pmgr.0000.launching.0: MainProcess                     : MainThread     : DEBUG   : pmgr.0000.launching.0 close prof
2019-02-14 08:48:25,759: pmgr.0000.launching.0: MainProcess                     : MainThread     : INFO    : parent stops child
2019-02-14 08:48:25,759: pmgr.0000.launching.0: MainProcess                     : MainThread     : DEBUG   : ru_finalize_parent (NOOP)
2019-02-14 08:48:25,759: pmgr.0000.launching.0: MainProcess                     : MainThread     : DEBUG   : ru_finalize_common (NOOP)
2019-02-14 08:48:27,759: pmgr.0000.launching.0: MainProcess                     : MainThread     : WARNING : failed to stop child - terminate: 20716 -> 20958 [pmgr.0000.launching.0]
2019-02-14 08:48:28,628: pmgr.0000.launching.0: MainProcess                     : MainThread     : INFO    : stop pmgr.0000.launching.0 (20716 : 20958 : MainThread) [radical.pilot.utils.component.PilotManager.ru_finalize_common]
2019-02-14 08:48:32,210: pmgr.0000.launching.0: MainProcess                     : MainThread     : INFO    : stop pmgr.0000.launching.0 (20716 : 20958 : MainThread) [radical.pilot.session.Session.close]
