2019-02-13 22:51:55,910: radical.entk.appmanager.0000: MainProcess                     : MainThread     : INFO    : python.interpreter   version: 2.7.12 (default, Nov 12 2018, 14:36:49) [GCC 5.4.0 20160609]
2019-02-13 22:51:55,910: radical.entk.appmanager.0000: MainProcess                     : MainThread     : INFO    :                      pid/tid: 20716/MainThread
2019-02-13 22:51:55,932: radical.entk.appmanager.0000: MainProcess                     : MainThread     : INFO    : Application Manager initialized
2019-02-13 22:51:55,933: radical.entk.appmanager.0000: MainProcess                     : MainThread     : INFO    : Workflow assigned to Application Manager
2019-02-13 22:51:56,070: radical.entk.appmanager.0000: MainProcess                     : MainThread     : INFO    : Starting resource request submission
2019-02-14 06:47:03,911: radical.entk.appmanager.0000: MainProcess                     : MainThread     : INFO    : Starting synchronizer thread
2019-02-14 06:47:03,912: radical.entk.appmanager.0000: MainProcess                     : MainThread     : INFO    : Starting WFProcessor process from AppManager
2019-02-14 06:47:03,913: radical.entk.appmanager.0000: MainProcess                     : synchronizer-thread: INFO    : synchronizer thread started
2019-02-14 06:47:03,958: radical.entk.appmanager.0000: MainProcess                     : MainThread     : INFO    : Starting task manager process from AppManager
2019-02-14 06:47:03,959: radical.entk.appmanager.0000: MainProcess                     : synchronizer-thread: INFO    : Received pipeline.0000 with state SCHEDULING
2019-02-14 06:47:03,959: radical.entk.appmanager.0000: MainProcess                     : synchronizer-thread: INFO    : Found pipeline pipeline.0000, state SCHEDULING, completed False
2019-02-14 06:47:03,965: radical.entk.appmanager.0000: MainProcess                     : synchronizer-thread: INFO    : Received stage.0000 with state SCHEDULING
2019-02-14 06:47:03,966: radical.entk.appmanager.0000: MainProcess                     : synchronizer-thread: INFO    : Found parent pipeline: pipeline.0000
2019-02-14 06:47:03,970: radical.entk.appmanager.0000: MainProcess                     : synchronizer-thread: INFO    : Received task.0000 with state SCHEDULING
2019-02-14 06:47:03,973: radical.entk.appmanager.0000: MainProcess                     : synchronizer-thread: INFO    : Received task.0001 with state SCHEDULING
2019-02-14 06:47:03,987: radical.entk.appmanager.0000: MainProcess                     : synchronizer-thread: INFO    : Received task.0002 with state SCHEDULING
2019-02-14 06:47:03,990: radical.entk.appmanager.0000: MainProcess                     : synchronizer-thread: INFO    : Received task.0003 with state SCHEDULING
2019-02-14 06:47:03,992: radical.entk.appmanager.0000: MainProcess                     : synchronizer-thread: INFO    : Received task.0004 with state SCHEDULING
2019-02-14 06:47:03,994: radical.entk.appmanager.0000: MainProcess                     : synchronizer-thread: INFO    : Received task.0005 with state SCHEDULING
2019-02-14 06:47:03,997: radical.entk.appmanager.0000: MainProcess                     : synchronizer-thread: INFO    : Received task.0006 with state SCHEDULING
2019-02-14 06:47:04,002: radical.entk.appmanager.0000: MainProcess                     : synchronizer-thread: INFO    : Received task.0007 with state SCHEDULING
2019-02-14 06:47:04,010: radical.entk.appmanager.0000: MainProcess                     : synchronizer-thread: INFO    : Received task.0008 with state SCHEDULING
2019-02-14 06:47:04,021: radical.entk.appmanager.0000: MainProcess                     : synchronizer-thread: INFO    : Received task.0009 with state SCHEDULING
2019-02-14 06:47:04,031: radical.entk.appmanager.0000: MainProcess                     : synchronizer-thread: INFO    : Received task.0010 with state SCHEDULING
2019-02-14 06:47:04,034: radical.entk.appmanager.0000: MainProcess                     : synchronizer-thread: INFO    : Received task.0011 with state SCHEDULING
2019-02-14 06:47:04,037: radical.entk.appmanager.0000: MainProcess                     : synchronizer-thread: INFO    : Received task.0012 with state SCHEDULING
2019-02-14 06:47:04,045: radical.entk.appmanager.0000: MainProcess                     : synchronizer-thread: INFO    : Received task.0013 with state SCHEDULING
2019-02-14 06:47:04,048: radical.entk.appmanager.0000: MainProcess                     : synchronizer-thread: INFO    : Received task.0014 with state SCHEDULING
2019-02-14 06:47:04,050: radical.entk.appmanager.0000: MainProcess                     : synchronizer-thread: INFO    : Received task.0015 with state SCHEDULING
2019-02-14 06:47:04,053: radical.entk.appmanager.0000: MainProcess                     : synchronizer-thread: INFO    : Received task.0016 with state SCHEDULING
2019-02-14 06:47:04,056: radical.entk.appmanager.0000: MainProcess                     : synchronizer-thread: INFO    : Received task.0017 with state SCHEDULING
2019-02-14 06:47:04,059: radical.entk.appmanager.0000: MainProcess                     : synchronizer-thread: INFO    : Received pipeline.0001 with state SCHEDULING
2019-02-14 06:47:04,059: radical.entk.appmanager.0000: MainProcess                     : synchronizer-thread: INFO    : Found pipeline pipeline.0001, state SCHEDULING, completed False
2019-02-14 06:47:04,061: radical.entk.appmanager.0000: MainProcess                     : synchronizer-thread: INFO    : Received stage.0001 with state SCHEDULING
2019-02-14 06:47:04,061: radical.entk.appmanager.0000: MainProcess                     : synchronizer-thread: INFO    : Found parent pipeline: pipeline.0001
2019-02-14 06:47:04,063: radical.entk.appmanager.0000: MainProcess                     : synchronizer-thread: INFO    : Received task.0018 with state SCHEDULING
2019-02-14 06:47:04,066: radical.entk.appmanager.0000: MainProcess                     : synchronizer-thread: INFO    : Received task.0019 with state SCHEDULING
2019-02-14 06:47:04,075: radical.entk.appmanager.0000: MainProcess                     : synchronizer-thread: INFO    : Received task.0020 with state SCHEDULING
2019-02-14 06:47:04,077: radical.entk.appmanager.0000: MainProcess                     : synchronizer-thread: INFO    : Received task.0021 with state SCHEDULING
2019-02-14 06:47:04,080: radical.entk.appmanager.0000: MainProcess                     : synchronizer-thread: INFO    : Received task.0022 with state SCHEDULING
2019-02-14 06:47:04,083: radical.entk.appmanager.0000: MainProcess                     : synchronizer-thread: INFO    : Received task.0023 with state SCHEDULING
2019-02-14 06:47:04,086: radical.entk.appmanager.0000: MainProcess                     : synchronizer-thread: INFO    : Received task.0024 with state SCHEDULING
2019-02-14 06:47:04,090: radical.entk.appmanager.0000: MainProcess                     : synchronizer-thread: INFO    : Received task.0025 with state SCHEDULING
2019-02-14 06:47:04,093: radical.entk.appmanager.0000: MainProcess                     : synchronizer-thread: INFO    : Received task.0026 with state SCHEDULING
2019-02-14 06:47:04,096: radical.entk.appmanager.0000: MainProcess                     : synchronizer-thread: INFO    : Received task.0027 with state SCHEDULING
2019-02-14 06:47:04,099: radical.entk.appmanager.0000: MainProcess                     : synchronizer-thread: INFO    : Received task.0000 with state SCHEDULED
2019-02-14 06:47:04,101: radical.entk.appmanager.0000: MainProcess                     : synchronizer-thread: INFO    : Received task.0001 with state SCHEDULED
2019-02-14 06:47:04,105: radical.entk.appmanager.0000: MainProcess                     : synchronizer-thread: INFO    : Received task.0002 with state SCHEDULED
2019-02-14 06:47:04,107: radical.entk.appmanager.0000: MainProcess                     : synchronizer-thread: INFO    : Received task.0003 with state SCHEDULED
2019-02-14 06:47:04,109: radical.entk.appmanager.0000: MainProcess                     : synchronizer-thread: INFO    : Received task.0004 with state SCHEDULED
2019-02-14 06:47:04,112: radical.entk.appmanager.0000: MainProcess                     : synchronizer-thread: INFO    : Received task.0005 with state SCHEDULED
2019-02-14 06:47:04,114: radical.entk.appmanager.0000: MainProcess                     : synchronizer-thread: INFO    : Received task.0006 with state SCHEDULED
2019-02-14 06:47:04,116: radical.entk.appmanager.0000: MainProcess                     : synchronizer-thread: INFO    : Received task.0007 with state SCHEDULED
2019-02-14 06:47:04,119: radical.entk.appmanager.0000: MainProcess                     : synchronizer-thread: INFO    : Received task.0008 with state SCHEDULED
2019-02-14 06:47:04,121: radical.entk.appmanager.0000: MainProcess                     : synchronizer-thread: INFO    : Received task.0009 with state SCHEDULED
2019-02-14 06:47:04,124: radical.entk.appmanager.0000: MainProcess                     : synchronizer-thread: INFO    : Received task.0010 with state SCHEDULED
2019-02-14 06:47:04,130: radical.entk.appmanager.0000: MainProcess                     : synchronizer-thread: INFO    : Received task.0011 with state SCHEDULED
2019-02-14 06:47:04,147: radical.entk.appmanager.0000: MainProcess                     : synchronizer-thread: INFO    : Received task.0012 with state SCHEDULED
2019-02-14 06:47:04,150: radical.entk.appmanager.0000: MainProcess                     : synchronizer-thread: INFO    : Received task.0013 with state SCHEDULED
2019-02-14 06:47:04,151: radical.entk.appmanager.0000: MainProcess                     : synchronizer-thread: INFO    : Received task.0014 with state SCHEDULED
2019-02-14 06:47:04,153: radical.entk.appmanager.0000: MainProcess                     : synchronizer-thread: INFO    : Received task.0015 with state SCHEDULED
2019-02-14 06:47:04,156: radical.entk.appmanager.0000: MainProcess                     : synchronizer-thread: INFO    : Received task.0016 with state SCHEDULED
2019-02-14 06:47:04,159: radical.entk.appmanager.0000: MainProcess                     : synchronizer-thread: INFO    : Received task.0017 with state SCHEDULED
2019-02-14 06:47:04,162: radical.entk.appmanager.0000: MainProcess                     : synchronizer-thread: INFO    : Received task.0018 with state SCHEDULED
2019-02-14 06:47:04,167: radical.entk.appmanager.0000: MainProcess                     : synchronizer-thread: INFO    : Received task.0019 with state SCHEDULED
2019-02-14 06:47:04,169: radical.entk.appmanager.0000: MainProcess                     : synchronizer-thread: INFO    : Received task.0020 with state SCHEDULED
2019-02-14 06:47:04,172: radical.entk.appmanager.0000: MainProcess                     : synchronizer-thread: INFO    : Received task.0021 with state SCHEDULED
2019-02-14 06:47:04,174: radical.entk.appmanager.0000: MainProcess                     : synchronizer-thread: INFO    : Received task.0022 with state SCHEDULED
2019-02-14 06:47:04,177: radical.entk.appmanager.0000: MainProcess                     : synchronizer-thread: INFO    : Received task.0023 with state SCHEDULED
2019-02-14 06:47:04,179: radical.entk.appmanager.0000: MainProcess                     : synchronizer-thread: INFO    : Received task.0024 with state SCHEDULED
2019-02-14 06:47:04,184: radical.entk.appmanager.0000: MainProcess                     : synchronizer-thread: INFO    : Received task.0025 with state SCHEDULED
2019-02-14 06:47:04,186: radical.entk.appmanager.0000: MainProcess                     : synchronizer-thread: INFO    : Received task.0026 with state SCHEDULED
2019-02-14 06:47:04,188: radical.entk.appmanager.0000: MainProcess                     : synchronizer-thread: INFO    : Received task.0027 with state SCHEDULED
2019-02-14 06:47:04,190: radical.entk.appmanager.0000: MainProcess                     : synchronizer-thread: INFO    : Received stage.0000 with state SCHEDULED
2019-02-14 06:47:04,190: radical.entk.appmanager.0000: MainProcess                     : synchronizer-thread: INFO    : Found parent pipeline: pipeline.0000
2019-02-14 06:47:04,193: radical.entk.appmanager.0000: MainProcess                     : synchronizer-thread: INFO    : Received stage.0001 with state SCHEDULED
2019-02-14 06:47:04,193: radical.entk.appmanager.0000: MainProcess                     : synchronizer-thread: INFO    : Found parent pipeline: pipeline.0001
2019-02-14 06:47:05,311: radical.entk.appmanager.0000: MainProcess                     : synchronizer-thread: INFO    : Received task.0000 with state SUBMITTING
2019-02-14 06:47:05,315: radical.entk.appmanager.0000: MainProcess                     : synchronizer-thread: INFO    : Received task.0001 with state SUBMITTING
2019-02-14 06:47:05,318: radical.entk.appmanager.0000: MainProcess                     : synchronizer-thread: INFO    : Received task.0002 with state SUBMITTING
2019-02-14 06:47:05,325: radical.entk.appmanager.0000: MainProcess                     : synchronizer-thread: INFO    : Received task.0003 with state SUBMITTING
2019-02-14 06:47:05,328: radical.entk.appmanager.0000: MainProcess                     : synchronizer-thread: INFO    : Received task.0004 with state SUBMITTING
2019-02-14 06:47:05,333: radical.entk.appmanager.0000: MainProcess                     : synchronizer-thread: INFO    : Received task.0005 with state SUBMITTING
2019-02-14 06:47:05,336: radical.entk.appmanager.0000: MainProcess                     : synchronizer-thread: INFO    : Received task.0006 with state SUBMITTING
2019-02-14 06:47:05,340: radical.entk.appmanager.0000: MainProcess                     : synchronizer-thread: INFO    : Received task.0007 with state SUBMITTING
2019-02-14 06:47:05,343: radical.entk.appmanager.0000: MainProcess                     : synchronizer-thread: INFO    : Received task.0008 with state SUBMITTING
2019-02-14 06:47:05,347: radical.entk.appmanager.0000: MainProcess                     : synchronizer-thread: INFO    : Received task.0009 with state SUBMITTING
2019-02-14 06:47:05,350: radical.entk.appmanager.0000: MainProcess                     : synchronizer-thread: INFO    : Received task.0010 with state SUBMITTING
2019-02-14 06:47:05,353: radical.entk.appmanager.0000: MainProcess                     : synchronizer-thread: INFO    : Received task.0011 with state SUBMITTING
2019-02-14 06:47:05,357: radical.entk.appmanager.0000: MainProcess                     : synchronizer-thread: INFO    : Received task.0012 with state SUBMITTING
2019-02-14 06:47:05,361: radical.entk.appmanager.0000: MainProcess                     : synchronizer-thread: INFO    : Received task.0013 with state SUBMITTING
2019-02-14 06:47:05,364: radical.entk.appmanager.0000: MainProcess                     : synchronizer-thread: INFO    : Received task.0014 with state SUBMITTING
2019-02-14 06:47:05,368: radical.entk.appmanager.0000: MainProcess                     : synchronizer-thread: INFO    : Received task.0015 with state SUBMITTING
2019-02-14 06:47:05,372: radical.entk.appmanager.0000: MainProcess                     : synchronizer-thread: INFO    : Received task.0016 with state SUBMITTING
2019-02-14 06:47:05,376: radical.entk.appmanager.0000: MainProcess                     : synchronizer-thread: INFO    : Received task.0017 with state SUBMITTING
2019-02-14 06:47:05,381: radical.entk.appmanager.0000: MainProcess                     : synchronizer-thread: INFO    : Received task.0018 with state SUBMITTING
2019-02-14 06:47:05,384: radical.entk.appmanager.0000: MainProcess                     : synchronizer-thread: INFO    : Received task.0019 with state SUBMITTING
2019-02-14 06:47:05,388: radical.entk.appmanager.0000: MainProcess                     : synchronizer-thread: INFO    : Received task.0020 with state SUBMITTING
2019-02-14 06:47:05,392: radical.entk.appmanager.0000: MainProcess                     : synchronizer-thread: INFO    : Received task.0021 with state SUBMITTING
2019-02-14 06:47:05,394: radical.entk.appmanager.0000: MainProcess                     : synchronizer-thread: INFO    : Received task.0022 with state SUBMITTING
2019-02-14 06:47:05,398: radical.entk.appmanager.0000: MainProcess                     : synchronizer-thread: INFO    : Received task.0023 with state SUBMITTING
2019-02-14 06:47:05,402: radical.entk.appmanager.0000: MainProcess                     : synchronizer-thread: INFO    : Received task.0024 with state SUBMITTING
2019-02-14 06:47:05,405: radical.entk.appmanager.0000: MainProcess                     : synchronizer-thread: INFO    : Received task.0025 with state SUBMITTING
2019-02-14 06:47:05,408: radical.entk.appmanager.0000: MainProcess                     : synchronizer-thread: INFO    : Received task.0026 with state SUBMITTING
2019-02-14 06:47:05,412: radical.entk.appmanager.0000: MainProcess                     : synchronizer-thread: INFO    : Received task.0027 with state SUBMITTING
2019-02-14 06:47:05,646: radical.entk.appmanager.0000: MainProcess                     : synchronizer-thread: INFO    : Received task.0000 with state SUBMITTED
2019-02-14 06:47:05,649: radical.entk.appmanager.0000: MainProcess                     : synchronizer-thread: INFO    : Received task.0001 with state SUBMITTED
2019-02-14 06:47:05,657: radical.entk.appmanager.0000: MainProcess                     : synchronizer-thread: INFO    : Received task.0002 with state SUBMITTED
2019-02-14 06:47:05,661: radical.entk.appmanager.0000: MainProcess                     : synchronizer-thread: INFO    : Received task.0003 with state SUBMITTED
2019-02-14 06:47:05,665: radical.entk.appmanager.0000: MainProcess                     : synchronizer-thread: INFO    : Received task.0004 with state SUBMITTED
2019-02-14 06:47:05,668: radical.entk.appmanager.0000: MainProcess                     : synchronizer-thread: INFO    : Received task.0005 with state SUBMITTED
2019-02-14 06:47:05,671: radical.entk.appmanager.0000: MainProcess                     : synchronizer-thread: INFO    : Received task.0006 with state SUBMITTED
2019-02-14 06:47:05,675: radical.entk.appmanager.0000: MainProcess                     : synchronizer-thread: INFO    : Received task.0007 with state SUBMITTED
2019-02-14 06:47:05,677: radical.entk.appmanager.0000: MainProcess                     : synchronizer-thread: INFO    : Received task.0008 with state SUBMITTED
2019-02-14 06:47:05,680: radical.entk.appmanager.0000: MainProcess                     : synchronizer-thread: INFO    : Received task.0009 with state SUBMITTED
2019-02-14 06:47:05,682: radical.entk.appmanager.0000: MainProcess                     : synchronizer-thread: INFO    : Received task.0010 with state SUBMITTED
2019-02-14 06:47:05,684: radical.entk.appmanager.0000: MainProcess                     : synchronizer-thread: INFO    : Received task.0011 with state SUBMITTED
2019-02-14 06:47:05,687: radical.entk.appmanager.0000: MainProcess                     : synchronizer-thread: INFO    : Received task.0012 with state SUBMITTED
2019-02-14 06:47:05,690: radical.entk.appmanager.0000: MainProcess                     : synchronizer-thread: INFO    : Received task.0013 with state SUBMITTED
2019-02-14 06:47:05,695: radical.entk.appmanager.0000: MainProcess                     : synchronizer-thread: INFO    : Received task.0014 with state SUBMITTED
2019-02-14 06:47:05,698: radical.entk.appmanager.0000: MainProcess                     : synchronizer-thread: INFO    : Received task.0015 with state SUBMITTED
2019-02-14 06:47:05,702: radical.entk.appmanager.0000: MainProcess                     : synchronizer-thread: INFO    : Received task.0016 with state SUBMITTED
2019-02-14 06:47:05,706: radical.entk.appmanager.0000: MainProcess                     : synchronizer-thread: INFO    : Received task.0017 with state SUBMITTED
2019-02-14 06:47:05,709: radical.entk.appmanager.0000: MainProcess                     : synchronizer-thread: INFO    : Received task.0018 with state SUBMITTED
2019-02-14 06:47:05,712: radical.entk.appmanager.0000: MainProcess                     : synchronizer-thread: INFO    : Received task.0019 with state SUBMITTED
2019-02-14 06:47:05,715: radical.entk.appmanager.0000: MainProcess                     : synchronizer-thread: INFO    : Received task.0020 with state SUBMITTED
2019-02-14 06:47:05,720: radical.entk.appmanager.0000: MainProcess                     : synchronizer-thread: INFO    : Received task.0021 with state SUBMITTED
2019-02-14 06:47:05,724: radical.entk.appmanager.0000: MainProcess                     : synchronizer-thread: INFO    : Received task.0022 with state SUBMITTED
2019-02-14 06:47:05,728: radical.entk.appmanager.0000: MainProcess                     : synchronizer-thread: INFO    : Received task.0023 with state SUBMITTED
2019-02-14 06:47:05,731: radical.entk.appmanager.0000: MainProcess                     : synchronizer-thread: INFO    : Received task.0024 with state SUBMITTED
2019-02-14 06:47:05,733: radical.entk.appmanager.0000: MainProcess                     : synchronizer-thread: INFO    : Received task.0025 with state SUBMITTED
2019-02-14 06:47:05,735: radical.entk.appmanager.0000: MainProcess                     : synchronizer-thread: INFO    : Received task.0026 with state SUBMITTED
2019-02-14 06:47:05,737: radical.entk.appmanager.0000: MainProcess                     : synchronizer-thread: INFO    : Received task.0027 with state SUBMITTED
2019-02-14 07:47:24,109: radical.entk.appmanager.0000: MainProcess                     : synchronizer-thread: INFO    : Received task.0006 with state EXECUTED
2019-02-14 07:47:24,185: radical.entk.appmanager.0000: MainProcess                     : synchronizer-thread: INFO    : Received task.0006 with state DEQUEUEING
2019-02-14 07:47:24,189: radical.entk.appmanager.0000: MainProcess                     : synchronizer-thread: INFO    : Received task.0006 with state DEQUEUED
2019-02-14 07:47:24,190: radical.entk.appmanager.0000: MainProcess                     : synchronizer-thread: INFO    : Received task.0007 with state EXECUTED
2019-02-14 07:47:24,207: radical.entk.appmanager.0000: MainProcess                     : synchronizer-thread: INFO    : Received task.0006 with state DONE
2019-02-14 07:47:24,210: radical.entk.appmanager.0000: MainProcess                     : synchronizer-thread: INFO    : Received task.0000 with state EXECUTED
2019-02-14 07:47:24,212: radical.entk.appmanager.0000: MainProcess                     : synchronizer-thread: INFO    : Received task.0007 with state DEQUEUEING
2019-02-14 07:47:24,214: radical.entk.appmanager.0000: MainProcess                     : synchronizer-thread: INFO    : Received task.0007 with state DEQUEUED
2019-02-14 07:47:24,216: radical.entk.appmanager.0000: MainProcess                     : synchronizer-thread: INFO    : Received task.0007 with state DONE
2019-02-14 07:47:24,219: radical.entk.appmanager.0000: MainProcess                     : synchronizer-thread: INFO    : Received task.0002 with state EXECUTED
2019-02-14 07:47:24,222: radical.entk.appmanager.0000: MainProcess                     : synchronizer-thread: INFO    : Received task.0000 with state DEQUEUEING
2019-02-14 07:47:24,225: radical.entk.appmanager.0000: MainProcess                     : synchronizer-thread: INFO    : Received task.0000 with state DEQUEUED
2019-02-14 07:47:24,226: radical.entk.appmanager.0000: MainProcess                     : synchronizer-thread: INFO    : Received task.0000 with state DONE
2019-02-14 07:47:24,230: radical.entk.appmanager.0000: MainProcess                     : synchronizer-thread: INFO    : Received task.0002 with state DEQUEUEING
2019-02-14 07:47:24,232: radical.entk.appmanager.0000: MainProcess                     : synchronizer-thread: INFO    : Received task.0002 with state DEQUEUED
2019-02-14 07:47:24,234: radical.entk.appmanager.0000: MainProcess                     : synchronizer-thread: INFO    : Received task.0002 with state DONE
2019-02-14 07:47:25,378: radical.entk.appmanager.0000: MainProcess                     : synchronizer-thread: INFO    : Received task.0003 with state EXECUTED
2019-02-14 07:47:25,384: radical.entk.appmanager.0000: MainProcess                     : synchronizer-thread: INFO    : Received task.0003 with state DEQUEUEING
2019-02-14 07:47:25,386: radical.entk.appmanager.0000: MainProcess                     : synchronizer-thread: INFO    : Received task.0001 with state EXECUTED
2019-02-14 07:47:25,388: radical.entk.appmanager.0000: MainProcess                     : synchronizer-thread: INFO    : Received task.0003 with state DEQUEUED
2019-02-14 07:47:25,389: radical.entk.appmanager.0000: MainProcess                     : synchronizer-thread: INFO    : Received task.0003 with state DONE
2019-02-14 07:47:25,392: radical.entk.appmanager.0000: MainProcess                     : synchronizer-thread: INFO    : Received task.0001 with state DEQUEUEING
2019-02-14 07:47:25,394: radical.entk.appmanager.0000: MainProcess                     : synchronizer-thread: INFO    : Received task.0004 with state EXECUTED
2019-02-14 07:47:25,402: radical.entk.appmanager.0000: MainProcess                     : synchronizer-thread: INFO    : Received task.0010 with state EXECUTED
2019-02-14 07:47:25,403: radical.entk.appmanager.0000: MainProcess                     : synchronizer-thread: INFO    : Received task.0001 with state DEQUEUED
2019-02-14 07:47:25,406: radical.entk.appmanager.0000: MainProcess                     : synchronizer-thread: INFO    : Received task.0001 with state DONE
2019-02-14 07:47:25,409: radical.entk.appmanager.0000: MainProcess                     : synchronizer-thread: INFO    : Received task.0004 with state DEQUEUEING
2019-02-14 07:47:25,412: radical.entk.appmanager.0000: MainProcess                     : synchronizer-thread: INFO    : Received task.0004 with state DEQUEUED
2019-02-14 07:47:25,415: radical.entk.appmanager.0000: MainProcess                     : synchronizer-thread: INFO    : Received task.0004 with state DONE
2019-02-14 07:47:25,429: radical.entk.appmanager.0000: MainProcess                     : synchronizer-thread: INFO    : Received task.0010 with state DEQUEUEING
2019-02-14 07:47:25,435: radical.entk.appmanager.0000: MainProcess                     : synchronizer-thread: INFO    : Received task.0010 with state DEQUEUED
2019-02-14 07:47:25,438: radical.entk.appmanager.0000: MainProcess                     : synchronizer-thread: INFO    : Received task.0010 with state DONE
2019-02-14 07:47:26,645: radical.entk.appmanager.0000: MainProcess                     : synchronizer-thread: INFO    : Received task.0005 with state EXECUTED
2019-02-14 07:47:26,650: radical.entk.appmanager.0000: MainProcess                     : synchronizer-thread: INFO    : Received task.0005 with state DEQUEUEING
2019-02-14 07:47:26,654: radical.entk.appmanager.0000: MainProcess                     : synchronizer-thread: INFO    : Received task.0011 with state EXECUTED
2019-02-14 07:47:26,656: radical.entk.appmanager.0000: MainProcess                     : synchronizer-thread: INFO    : Received task.0005 with state DEQUEUED
2019-02-14 07:47:26,660: radical.entk.appmanager.0000: MainProcess                     : synchronizer-thread: INFO    : Received task.0005 with state DONE
2019-02-14 07:47:26,662: radical.entk.appmanager.0000: MainProcess                     : synchronizer-thread: INFO    : Received task.0012 with state EXECUTED
2019-02-14 07:47:26,663: radical.entk.appmanager.0000: MainProcess                     : synchronizer-thread: INFO    : Received task.0011 with state DEQUEUEING
2019-02-14 07:47:26,666: radical.entk.appmanager.0000: MainProcess                     : synchronizer-thread: INFO    : Received task.0011 with state DEQUEUED
2019-02-14 07:47:26,668: radical.entk.appmanager.0000: MainProcess                     : synchronizer-thread: INFO    : Received task.0011 with state DONE
2019-02-14 07:47:26,670: radical.entk.appmanager.0000: MainProcess                     : synchronizer-thread: INFO    : Received task.0012 with state DEQUEUEING
2019-02-14 07:47:26,672: radical.entk.appmanager.0000: MainProcess                     : synchronizer-thread: INFO    : Received task.0014 with state EXECUTED
2019-02-14 07:47:26,674: radical.entk.appmanager.0000: MainProcess                     : synchronizer-thread: INFO    : Received task.0012 with state DEQUEUED
2019-02-14 07:47:26,679: radical.entk.appmanager.0000: MainProcess                     : synchronizer-thread: INFO    : Received task.0012 with state DONE
2019-02-14 07:47:26,682: radical.entk.appmanager.0000: MainProcess                     : synchronizer-thread: INFO    : Received task.0014 with state DEQUEUEING
2019-02-14 07:47:26,684: radical.entk.appmanager.0000: MainProcess                     : synchronizer-thread: INFO    : Received task.0014 with state DEQUEUED
2019-02-14 07:47:26,697: radical.entk.appmanager.0000: MainProcess                     : synchronizer-thread: INFO    : Received task.0014 with state DONE
2019-02-14 07:47:27,917: radical.entk.appmanager.0000: MainProcess                     : synchronizer-thread: INFO    : Received task.0013 with state EXECUTED
2019-02-14 07:47:27,923: radical.entk.appmanager.0000: MainProcess                     : synchronizer-thread: INFO    : Received task.0013 with state DEQUEUEING
2019-02-14 07:47:27,926: radical.entk.appmanager.0000: MainProcess                     : synchronizer-thread: INFO    : Received task.0013 with state DEQUEUED
2019-02-14 07:47:27,927: radical.entk.appmanager.0000: MainProcess                     : synchronizer-thread: INFO    : Received task.0015 with state EXECUTED
2019-02-14 07:47:27,928: radical.entk.appmanager.0000: MainProcess                     : synchronizer-thread: INFO    : Received task.0013 with state DONE
2019-02-14 07:47:27,935: radical.entk.appmanager.0000: MainProcess                     : synchronizer-thread: INFO    : Received task.0015 with state DEQUEUEING
2019-02-14 07:47:27,937: radical.entk.appmanager.0000: MainProcess                     : synchronizer-thread: INFO    : Received task.0017 with state EXECUTED
2019-02-14 07:47:27,938: radical.entk.appmanager.0000: MainProcess                     : synchronizer-thread: INFO    : Received task.0015 with state DEQUEUED
2019-02-14 07:47:27,940: radical.entk.appmanager.0000: MainProcess                     : synchronizer-thread: INFO    : Received task.0015 with state DONE
2019-02-14 07:47:27,943: radical.entk.appmanager.0000: MainProcess                     : synchronizer-thread: INFO    : Received task.0017 with state DEQUEUEING
2019-02-14 07:47:27,945: radical.entk.appmanager.0000: MainProcess                     : synchronizer-thread: INFO    : Received task.0016 with state EXECUTED
2019-02-14 07:47:27,951: radical.entk.appmanager.0000: MainProcess                     : synchronizer-thread: INFO    : Received task.0017 with state DEQUEUED
2019-02-14 07:47:27,953: radical.entk.appmanager.0000: MainProcess                     : synchronizer-thread: INFO    : Received task.0017 with state DONE
2019-02-14 07:47:27,954: radical.entk.appmanager.0000: MainProcess                     : synchronizer-thread: INFO    : Received task.0008 with state EXECUTED
2019-02-14 07:47:27,962: radical.entk.appmanager.0000: MainProcess                     : synchronizer-thread: INFO    : Received task.0016 with state DEQUEUEING
2019-02-14 07:47:27,969: radical.entk.appmanager.0000: MainProcess                     : synchronizer-thread: INFO    : Received task.0009 with state EXECUTED
2019-02-14 07:47:27,970: radical.entk.appmanager.0000: MainProcess                     : synchronizer-thread: INFO    : Received task.0016 with state DEQUEUED
2019-02-14 07:47:27,975: radical.entk.appmanager.0000: MainProcess                     : synchronizer-thread: INFO    : Received task.0016 with state DONE
2019-02-14 07:47:27,979: radical.entk.appmanager.0000: MainProcess                     : synchronizer-thread: INFO    : Received task.0008 with state DEQUEUEING
2019-02-14 07:47:27,981: radical.entk.appmanager.0000: MainProcess                     : synchronizer-thread: INFO    : Received task.0008 with state DEQUEUED
2019-02-14 07:47:27,983: radical.entk.appmanager.0000: MainProcess                     : synchronizer-thread: INFO    : Received task.0008 with state DONE
2019-02-14 07:47:27,986: radical.entk.appmanager.0000: MainProcess                     : synchronizer-thread: INFO    : Received task.0009 with state DEQUEUEING
2019-02-14 07:47:27,989: radical.entk.appmanager.0000: MainProcess                     : synchronizer-thread: INFO    : Received task.0009 with state DEQUEUED
2019-02-14 07:47:27,991: radical.entk.appmanager.0000: MainProcess                     : synchronizer-thread: INFO    : Received task.0009 with state DONE
2019-02-14 07:47:27,999: radical.entk.appmanager.0000: MainProcess                     : synchronizer-thread: INFO    : Received stage.0000 with state DONE
2019-02-14 07:47:28,000: radical.entk.appmanager.0000: MainProcess                     : synchronizer-thread: INFO    : Found parent pipeline: pipeline.0000
2019-02-14 07:47:28,003: radical.entk.appmanager.0000: MainProcess                     : synchronizer-thread: INFO    : Received pipeline.0000 with state DONE
2019-02-14 07:47:28,003: radical.entk.appmanager.0000: MainProcess                     : synchronizer-thread: INFO    : Found pipeline pipeline.0000, state DONE, completed False
2019-02-14 07:47:28,004: radical.entk.appmanager.0000: MainProcess                     : MainThread     : INFO    : Pipe pipeline.0000 completed
2019-02-14 07:47:28,004: radical.entk.appmanager.0000: MainProcess                     : MainThread     : INFO    : Active pipes: 1
2019-02-14 08:47:22,903: radical.entk.appmanager.0000: MainProcess                     : synchronizer-thread: INFO    : Received task.0018 with state EXECUTED
2019-02-14 08:47:22,907: radical.entk.appmanager.0000: MainProcess                     : synchronizer-thread: INFO    : Received task.0018 with state DEQUEUEING
2019-02-14 08:47:22,911: radical.entk.appmanager.0000: MainProcess                     : synchronizer-thread: INFO    : Received task.0023 with state EXECUTED
2019-02-14 08:47:22,920: radical.entk.appmanager.0000: MainProcess                     : synchronizer-thread: INFO    : Received task.0019 with state EXECUTED
2019-02-14 08:47:22,923: radical.entk.appmanager.0000: MainProcess                     : synchronizer-thread: INFO    : Received task.0018 with state DEQUEUED
2019-02-14 08:47:22,927: radical.entk.appmanager.0000: MainProcess                     : synchronizer-thread: INFO    : Received task.0021 with state EXECUTED
2019-02-14 08:47:22,931: radical.entk.appmanager.0000: MainProcess                     : synchronizer-thread: INFO    : Received task.0018 with state DONE
2019-02-14 08:47:22,935: radical.entk.appmanager.0000: MainProcess                     : synchronizer-thread: INFO    : Received task.0024 with state EXECUTED
2019-02-14 08:47:22,937: radical.entk.appmanager.0000: MainProcess                     : synchronizer-thread: INFO    : Received task.0023 with state DEQUEUEING
2019-02-14 08:47:22,943: radical.entk.appmanager.0000: MainProcess                     : synchronizer-thread: INFO    : Received task.0023 with state DEQUEUED
2019-02-14 08:47:22,944: radical.entk.appmanager.0000: MainProcess                     : synchronizer-thread: INFO    : Received task.0022 with state EXECUTED
2019-02-14 08:47:22,948: radical.entk.appmanager.0000: MainProcess                     : synchronizer-thread: INFO    : Received task.0023 with state DONE
2019-02-14 08:47:22,951: radical.entk.appmanager.0000: MainProcess                     : synchronizer-thread: INFO    : Received task.0019 with state DEQUEUEING
2019-02-14 08:47:22,953: radical.entk.appmanager.0000: MainProcess                     : synchronizer-thread: INFO    : Received task.0025 with state EXECUTED
2019-02-14 08:47:22,954: radical.entk.appmanager.0000: MainProcess                     : synchronizer-thread: INFO    : Received task.0019 with state DEQUEUED
2019-02-14 08:47:22,956: radical.entk.appmanager.0000: MainProcess                     : synchronizer-thread: INFO    : Received task.0019 with state DONE
2019-02-14 08:47:22,960: radical.entk.appmanager.0000: MainProcess                     : synchronizer-thread: INFO    : Received task.0021 with state DEQUEUEING
2019-02-14 08:47:22,963: radical.entk.appmanager.0000: MainProcess                     : synchronizer-thread: INFO    : Received task.0021 with state DEQUEUED
2019-02-14 08:47:22,964: radical.entk.appmanager.0000: MainProcess                     : synchronizer-thread: INFO    : Received task.0020 with state EXECUTED
2019-02-14 08:47:22,965: radical.entk.appmanager.0000: MainProcess                     : synchronizer-thread: INFO    : Received task.0021 with state DONE
2019-02-14 08:47:22,973: radical.entk.appmanager.0000: MainProcess                     : synchronizer-thread: INFO    : Received task.0024 with state DEQUEUEING
2019-02-14 08:47:22,975: radical.entk.appmanager.0000: MainProcess                     : synchronizer-thread: INFO    : Received task.0024 with state DEQUEUED
2019-02-14 08:47:22,976: radical.entk.appmanager.0000: MainProcess                     : synchronizer-thread: INFO    : Received task.0026 with state EXECUTED
2019-02-14 08:47:22,977: radical.entk.appmanager.0000: MainProcess                     : synchronizer-thread: INFO    : Received task.0024 with state DONE
2019-02-14 08:47:22,988: radical.entk.appmanager.0000: MainProcess                     : synchronizer-thread: INFO    : Received task.0022 with state DEQUEUEING
2019-02-14 08:47:22,990: radical.entk.appmanager.0000: MainProcess                     : synchronizer-thread: INFO    : Received task.0022 with state DEQUEUED
2019-02-14 08:47:22,992: radical.entk.appmanager.0000: MainProcess                     : synchronizer-thread: INFO    : Received task.0022 with state DONE
2019-02-14 08:47:22,995: radical.entk.appmanager.0000: MainProcess                     : synchronizer-thread: INFO    : Received task.0025 with state DEQUEUEING
2019-02-14 08:47:22,996: radical.entk.appmanager.0000: MainProcess                     : synchronizer-thread: INFO    : Received task.0025 with state DEQUEUED
2019-02-14 08:47:22,998: radical.entk.appmanager.0000: MainProcess                     : synchronizer-thread: INFO    : Received task.0025 with state DONE
2019-02-14 08:47:23,001: radical.entk.appmanager.0000: MainProcess                     : synchronizer-thread: INFO    : Received task.0020 with state DEQUEUEING
2019-02-14 08:47:23,003: radical.entk.appmanager.0000: MainProcess                     : synchronizer-thread: INFO    : Received task.0020 with state DEQUEUED
2019-02-14 08:47:23,006: radical.entk.appmanager.0000: MainProcess                     : synchronizer-thread: INFO    : Received task.0020 with state DONE
2019-02-14 08:47:23,008: radical.entk.appmanager.0000: MainProcess                     : synchronizer-thread: INFO    : Received task.0026 with state DEQUEUEING
2019-02-14 08:47:23,010: radical.entk.appmanager.0000: MainProcess                     : synchronizer-thread: INFO    : Received task.0026 with state DEQUEUED
2019-02-14 08:47:23,013: radical.entk.appmanager.0000: MainProcess                     : synchronizer-thread: INFO    : Received task.0026 with state DONE
2019-02-14 08:47:25,458: radical.entk.appmanager.0000: MainProcess                     : synchronizer-thread: INFO    : Received task.0027 with state EXECUTED
2019-02-14 08:47:25,461: radical.entk.appmanager.0000: MainProcess                     : synchronizer-thread: INFO    : Received task.0027 with state DEQUEUEING
2019-02-14 08:47:25,471: radical.entk.appmanager.0000: MainProcess                     : synchronizer-thread: INFO    : Received task.0027 with state DEQUEUED
2019-02-14 08:47:25,473: radical.entk.appmanager.0000: MainProcess                     : synchronizer-thread: INFO    : Received task.0027 with state DONE
2019-02-14 08:47:25,475: radical.entk.appmanager.0000: MainProcess                     : synchronizer-thread: INFO    : Received stage.0001 with state DONE
2019-02-14 08:47:25,475: radical.entk.appmanager.0000: MainProcess                     : synchronizer-thread: INFO    : Found parent pipeline: pipeline.0001
2019-02-14 08:47:25,478: radical.entk.appmanager.0000: MainProcess                     : synchronizer-thread: INFO    : Received pipeline.0001 with state DONE
2019-02-14 08:47:25,478: radical.entk.appmanager.0000: MainProcess                     : synchronizer-thread: INFO    : Found pipeline pipeline.0001, state DONE, completed False
2019-02-14 08:47:25,479: radical.entk.appmanager.0000: MainProcess                     : MainThread     : INFO    : Terminating WFprocessor
2019-02-14 08:47:25,587: radical.entk.appmanager.0000: MainProcess                     : MainThread     : INFO    : Terminating synchronizer thread
2019-02-14 08:47:25,588: radical.entk.appmanager.0000: MainProcess                     : MainThread     : INFO    : Synchronizer thread terminated
2019-02-14 08:47:25,588: radical.entk.appmanager.0000: MainProcess                     : MainThread     : INFO    : Terminating task manager process
