2019-02-13 22:51:56,044: radical.entk.wfprocessor.0000: MainProcess                     : MainThread     : INFO    : python.interpreter   version: 2.7.12 (default, Nov 12 2018, 14:36:49) [GCC 5.4.0 20160609]
2019-02-13 22:51:56,044: radical.entk.wfprocessor.0000: MainProcess                     : MainThread     : INFO    :                      pid/tid: 20716/MainThread
2019-02-13 22:51:56,065: radical.entk.wfprocessor.0000: MainProcess                     : MainThread     : INFO    : Created WFProcessor object: wfprocessor.0000
2019-02-14 06:47:03,917: radical.entk.wfprocessor.0000: MainProcess                     : MainThread     : INFO    : Starting WFprocessor process
2019-02-14 06:47:03,932: radical.entk.wfprocessor.0000: wfprocessor                     : MainThread     : INFO    : WFprocessor started
2019-02-14 06:47:03,932: radical.entk.wfprocessor.0000: wfprocessor                     : MainThread     : INFO    : Starting dequeue-thread
2019-02-14 06:47:03,933: radical.entk.wfprocessor.0000: wfprocessor                     : dequeue-thread : INFO    : Dequeue thread started
2019-02-14 06:47:03,935: radical.entk.wfprocessor.0000: wfprocessor                     : MainThread     : INFO    : Starting enqueue-thread
2019-02-14 06:47:03,937: radical.entk.wfprocessor.0000: wfprocessor                     : enqueue-thread : INFO    : enqueue-thread started
2019-02-14 06:47:03,961: radical.entk.wfprocessor.0000: wfprocessor                     : enqueue-thread : INFO    : Transition of pipeline.0000 to new state SCHEDULING successful
2019-02-14 06:47:03,968: radical.entk.wfprocessor.0000: wfprocessor                     : enqueue-thread : INFO    : Transition of stage.0000 to new state SCHEDULING successful
2019-02-14 06:47:03,971: radical.entk.wfprocessor.0000: wfprocessor                     : enqueue-thread : INFO    : Transition of task.0000 to new state SCHEDULING successful
2019-02-14 06:47:03,974: radical.entk.wfprocessor.0000: wfprocessor                     : enqueue-thread : INFO    : Transition of task.0001 to new state SCHEDULING successful
2019-02-14 06:47:03,988: radical.entk.wfprocessor.0000: wfprocessor                     : enqueue-thread : INFO    : Transition of task.0002 to new state SCHEDULING successful
2019-02-14 06:47:03,991: radical.entk.wfprocessor.0000: wfprocessor                     : enqueue-thread : INFO    : Transition of task.0003 to new state SCHEDULING successful
2019-02-14 06:47:03,993: radical.entk.wfprocessor.0000: wfprocessor                     : enqueue-thread : INFO    : Transition of task.0004 to new state SCHEDULING successful
2019-02-14 06:47:03,995: radical.entk.wfprocessor.0000: wfprocessor                     : enqueue-thread : INFO    : Transition of task.0005 to new state SCHEDULING successful
2019-02-14 06:47:03,998: radical.entk.wfprocessor.0000: wfprocessor                     : enqueue-thread : INFO    : Transition of task.0006 to new state SCHEDULING successful
2019-02-14 06:47:04,003: radical.entk.wfprocessor.0000: wfprocessor                     : enqueue-thread : INFO    : Transition of task.0007 to new state SCHEDULING successful
2019-02-14 06:47:04,011: radical.entk.wfprocessor.0000: wfprocessor                     : enqueue-thread : INFO    : Transition of task.0008 to new state SCHEDULING successful
2019-02-14 06:47:04,024: radical.entk.wfprocessor.0000: wfprocessor                     : enqueue-thread : INFO    : Transition of task.0009 to new state SCHEDULING successful
2019-02-14 06:47:04,033: radical.entk.wfprocessor.0000: wfprocessor                     : enqueue-thread : INFO    : Transition of task.0010 to new state SCHEDULING successful
2019-02-14 06:47:04,036: radical.entk.wfprocessor.0000: wfprocessor                     : enqueue-thread : INFO    : Transition of task.0011 to new state SCHEDULING successful
2019-02-14 06:47:04,043: radical.entk.wfprocessor.0000: wfprocessor                     : enqueue-thread : INFO    : Transition of task.0012 to new state SCHEDULING successful
2019-02-14 06:47:04,046: radical.entk.wfprocessor.0000: wfprocessor                     : enqueue-thread : INFO    : Transition of task.0013 to new state SCHEDULING successful
2019-02-14 06:47:04,049: radical.entk.wfprocessor.0000: wfprocessor                     : enqueue-thread : INFO    : Transition of task.0014 to new state SCHEDULING successful
2019-02-14 06:47:04,051: radical.entk.wfprocessor.0000: wfprocessor                     : enqueue-thread : INFO    : Transition of task.0015 to new state SCHEDULING successful
2019-02-14 06:47:04,055: radical.entk.wfprocessor.0000: wfprocessor                     : enqueue-thread : INFO    : Transition of task.0016 to new state SCHEDULING successful
2019-02-14 06:47:04,057: radical.entk.wfprocessor.0000: wfprocessor                     : enqueue-thread : INFO    : Transition of task.0017 to new state SCHEDULING successful
2019-02-14 06:47:04,060: radical.entk.wfprocessor.0000: wfprocessor                     : enqueue-thread : INFO    : Transition of pipeline.0001 to new state SCHEDULING successful
2019-02-14 06:47:04,062: radical.entk.wfprocessor.0000: wfprocessor                     : enqueue-thread : INFO    : Transition of stage.0001 to new state SCHEDULING successful
2019-02-14 06:47:04,064: radical.entk.wfprocessor.0000: wfprocessor                     : enqueue-thread : INFO    : Transition of task.0018 to new state SCHEDULING successful
2019-02-14 06:47:04,067: radical.entk.wfprocessor.0000: wfprocessor                     : enqueue-thread : INFO    : Transition of task.0019 to new state SCHEDULING successful
2019-02-14 06:47:04,076: radical.entk.wfprocessor.0000: wfprocessor                     : enqueue-thread : INFO    : Transition of task.0020 to new state SCHEDULING successful
2019-02-14 06:47:04,078: radical.entk.wfprocessor.0000: wfprocessor                     : enqueue-thread : INFO    : Transition of task.0021 to new state SCHEDULING successful
2019-02-14 06:47:04,081: radical.entk.wfprocessor.0000: wfprocessor                     : enqueue-thread : INFO    : Transition of task.0022 to new state SCHEDULING successful
2019-02-14 06:47:04,084: radical.entk.wfprocessor.0000: wfprocessor                     : enqueue-thread : INFO    : Transition of task.0023 to new state SCHEDULING successful
2019-02-14 06:47:04,088: radical.entk.wfprocessor.0000: wfprocessor                     : enqueue-thread : INFO    : Transition of task.0024 to new state SCHEDULING successful
2019-02-14 06:47:04,091: radical.entk.wfprocessor.0000: wfprocessor                     : enqueue-thread : INFO    : Transition of task.0025 to new state SCHEDULING successful
2019-02-14 06:47:04,094: radical.entk.wfprocessor.0000: wfprocessor                     : enqueue-thread : INFO    : Transition of task.0026 to new state SCHEDULING successful
2019-02-14 06:47:04,097: radical.entk.wfprocessor.0000: wfprocessor                     : enqueue-thread : INFO    : Transition of task.0027 to new state SCHEDULING successful
2019-02-14 06:47:04,100: radical.entk.wfprocessor.0000: wfprocessor                     : enqueue-thread : INFO    : Transition of task.0000 to new state SCHEDULED successful
2019-02-14 06:47:04,103: radical.entk.wfprocessor.0000: wfprocessor                     : enqueue-thread : INFO    : Transition of task.0001 to new state SCHEDULED successful
2019-02-14 06:47:04,105: radical.entk.wfprocessor.0000: wfprocessor                     : enqueue-thread : INFO    : Transition of task.0002 to new state SCHEDULED successful
2019-02-14 06:47:04,108: radical.entk.wfprocessor.0000: wfprocessor                     : enqueue-thread : INFO    : Transition of task.0003 to new state SCHEDULED successful
2019-02-14 06:47:04,110: radical.entk.wfprocessor.0000: wfprocessor                     : enqueue-thread : INFO    : Transition of task.0004 to new state SCHEDULED successful
2019-02-14 06:47:04,113: radical.entk.wfprocessor.0000: wfprocessor                     : enqueue-thread : INFO    : Transition of task.0005 to new state SCHEDULED successful
2019-02-14 06:47:04,115: radical.entk.wfprocessor.0000: wfprocessor                     : enqueue-thread : INFO    : Transition of task.0006 to new state SCHEDULED successful
2019-02-14 06:47:04,117: radical.entk.wfprocessor.0000: wfprocessor                     : enqueue-thread : INFO    : Transition of task.0007 to new state SCHEDULED successful
2019-02-14 06:47:04,119: radical.entk.wfprocessor.0000: wfprocessor                     : enqueue-thread : INFO    : Transition of task.0008 to new state SCHEDULED successful
2019-02-14 06:47:04,122: radical.entk.wfprocessor.0000: wfprocessor                     : enqueue-thread : INFO    : Transition of task.0009 to new state SCHEDULED successful
2019-02-14 06:47:04,125: radical.entk.wfprocessor.0000: wfprocessor                     : enqueue-thread : INFO    : Transition of task.0010 to new state SCHEDULED successful
2019-02-14 06:47:04,135: radical.entk.wfprocessor.0000: wfprocessor                     : enqueue-thread : INFO    : Transition of task.0011 to new state SCHEDULED successful
2019-02-14 06:47:04,148: radical.entk.wfprocessor.0000: wfprocessor                     : enqueue-thread : INFO    : Transition of task.0012 to new state SCHEDULED successful
2019-02-14 06:47:04,150: radical.entk.wfprocessor.0000: wfprocessor                     : enqueue-thread : INFO    : Transition of task.0013 to new state SCHEDULED successful
2019-02-14 06:47:04,152: radical.entk.wfprocessor.0000: wfprocessor                     : enqueue-thread : INFO    : Transition of task.0014 to new state SCHEDULED successful
2019-02-14 06:47:04,155: radical.entk.wfprocessor.0000: wfprocessor                     : enqueue-thread : INFO    : Transition of task.0015 to new state SCHEDULED successful
2019-02-14 06:47:04,157: radical.entk.wfprocessor.0000: wfprocessor                     : enqueue-thread : INFO    : Transition of task.0016 to new state SCHEDULED successful
2019-02-14 06:47:04,161: radical.entk.wfprocessor.0000: wfprocessor                     : enqueue-thread : INFO    : Transition of task.0017 to new state SCHEDULED successful
2019-02-14 06:47:04,163: radical.entk.wfprocessor.0000: wfprocessor                     : enqueue-thread : INFO    : Transition of task.0018 to new state SCHEDULED successful
2019-02-14 06:47:04,168: radical.entk.wfprocessor.0000: wfprocessor                     : enqueue-thread : INFO    : Transition of task.0019 to new state SCHEDULED successful
2019-02-14 06:47:04,170: radical.entk.wfprocessor.0000: wfprocessor                     : enqueue-thread : INFO    : Transition of task.0020 to new state SCHEDULED successful
2019-02-14 06:47:04,173: radical.entk.wfprocessor.0000: wfprocessor                     : enqueue-thread : INFO    : Transition of task.0021 to new state SCHEDULED successful
2019-02-14 06:47:04,175: radical.entk.wfprocessor.0000: wfprocessor                     : enqueue-thread : INFO    : Transition of task.0022 to new state SCHEDULED successful
2019-02-14 06:47:04,178: radical.entk.wfprocessor.0000: wfprocessor                     : enqueue-thread : INFO    : Transition of task.0023 to new state SCHEDULED successful
2019-02-14 06:47:04,181: radical.entk.wfprocessor.0000: wfprocessor                     : enqueue-thread : INFO    : Transition of task.0024 to new state SCHEDULED successful
2019-02-14 06:47:04,185: radical.entk.wfprocessor.0000: wfprocessor                     : enqueue-thread : INFO    : Transition of task.0025 to new state SCHEDULED successful
2019-02-14 06:47:04,187: radical.entk.wfprocessor.0000: wfprocessor                     : enqueue-thread : INFO    : Transition of task.0026 to new state SCHEDULED successful
2019-02-14 06:47:04,189: radical.entk.wfprocessor.0000: wfprocessor                     : enqueue-thread : INFO    : Transition of task.0027 to new state SCHEDULED successful
2019-02-14 06:47:04,192: radical.entk.wfprocessor.0000: wfprocessor                     : enqueue-thread : INFO    : Transition of stage.0000 to new state SCHEDULED successful
2019-02-14 06:47:04,197: radical.entk.wfprocessor.0000: wfprocessor                     : enqueue-thread : INFO    : Transition of stage.0001 to new state SCHEDULED successful
2019-02-14 07:47:24,184: radical.entk.wfprocessor.0000: wfprocessor                     : dequeue-thread : INFO    : Got finished task task.0006 from queue
2019-02-14 07:47:24,187: radical.entk.wfprocessor.0000: wfprocessor                     : dequeue-thread : INFO    : Transition of task.0006 to new state DEQUEUEING successful
2019-02-14 07:47:24,194: radical.entk.wfprocessor.0000: wfprocessor                     : dequeue-thread : INFO    : Transition of task.0006 to new state DEQUEUED successful
2019-02-14 07:47:24,208: radical.entk.wfprocessor.0000: wfprocessor                     : dequeue-thread : INFO    : Transition of task.0006 to new state DONE successful
2019-02-14 07:47:24,209: radical.entk.wfprocessor.0000: wfprocessor                     : dequeue-thread : INFO    : Got finished task task.0007 from queue
2019-02-14 07:47:24,213: radical.entk.wfprocessor.0000: wfprocessor                     : dequeue-thread : INFO    : Transition of task.0007 to new state DEQUEUEING successful
2019-02-14 07:47:24,215: radical.entk.wfprocessor.0000: wfprocessor                     : dequeue-thread : INFO    : Transition of task.0007 to new state DEQUEUED successful
2019-02-14 07:47:24,217: radical.entk.wfprocessor.0000: wfprocessor                     : dequeue-thread : INFO    : Transition of task.0007 to new state DONE successful
2019-02-14 07:47:24,219: radical.entk.wfprocessor.0000: wfprocessor                     : dequeue-thread : INFO    : Got finished task task.0000 from queue
2019-02-14 07:47:24,223: radical.entk.wfprocessor.0000: wfprocessor                     : dequeue-thread : INFO    : Transition of task.0000 to new state DEQUEUEING successful
2019-02-14 07:47:24,225: radical.entk.wfprocessor.0000: wfprocessor                     : dequeue-thread : INFO    : Transition of task.0000 to new state DEQUEUED successful
2019-02-14 07:47:24,227: radical.entk.wfprocessor.0000: wfprocessor                     : dequeue-thread : INFO    : Transition of task.0000 to new state DONE successful
2019-02-14 07:47:24,228: radical.entk.wfprocessor.0000: wfprocessor                     : dequeue-thread : INFO    : Got finished task task.0002 from queue
2019-02-14 07:47:24,231: radical.entk.wfprocessor.0000: wfprocessor                     : dequeue-thread : INFO    : Transition of task.0002 to new state DEQUEUEING successful
2019-02-14 07:47:24,233: radical.entk.wfprocessor.0000: wfprocessor                     : dequeue-thread : INFO    : Transition of task.0002 to new state DEQUEUED successful
2019-02-14 07:47:24,235: radical.entk.wfprocessor.0000: wfprocessor                     : dequeue-thread : INFO    : Transition of task.0002 to new state DONE successful
2019-02-14 07:47:25,381: radical.entk.wfprocessor.0000: wfprocessor                     : dequeue-thread : INFO    : Got finished task task.0003 from queue
2019-02-14 07:47:25,385: radical.entk.wfprocessor.0000: wfprocessor                     : dequeue-thread : INFO    : Transition of task.0003 to new state DEQUEUEING successful
2019-02-14 07:47:25,388: radical.entk.wfprocessor.0000: wfprocessor                     : dequeue-thread : INFO    : Transition of task.0003 to new state DEQUEUED successful
2019-02-14 07:47:25,390: radical.entk.wfprocessor.0000: wfprocessor                     : dequeue-thread : INFO    : Transition of task.0003 to new state DONE successful
2019-02-14 07:47:25,391: radical.entk.wfprocessor.0000: wfprocessor                     : dequeue-thread : INFO    : Got finished task task.0001 from queue
2019-02-14 07:47:25,395: radical.entk.wfprocessor.0000: wfprocessor                     : dequeue-thread : INFO    : Transition of task.0001 to new state DEQUEUEING successful
2019-02-14 07:47:25,404: radical.entk.wfprocessor.0000: wfprocessor                     : dequeue-thread : INFO    : Transition of task.0001 to new state DEQUEUED successful
2019-02-14 07:47:25,407: radical.entk.wfprocessor.0000: wfprocessor                     : dequeue-thread : INFO    : Transition of task.0001 to new state DONE successful
2019-02-14 07:47:25,407: radical.entk.wfprocessor.0000: wfprocessor                     : dequeue-thread : INFO    : Got finished task task.0004 from queue
2019-02-14 07:47:25,410: radical.entk.wfprocessor.0000: wfprocessor                     : dequeue-thread : INFO    : Transition of task.0004 to new state DEQUEUEING successful
2019-02-14 07:47:25,413: radical.entk.wfprocessor.0000: wfprocessor                     : dequeue-thread : INFO    : Transition of task.0004 to new state DEQUEUED successful
2019-02-14 07:47:25,416: radical.entk.wfprocessor.0000: wfprocessor                     : dequeue-thread : INFO    : Transition of task.0004 to new state DONE successful
2019-02-14 07:47:25,426: radical.entk.wfprocessor.0000: wfprocessor                     : dequeue-thread : INFO    : Got finished task task.0010 from queue
2019-02-14 07:47:25,434: radical.entk.wfprocessor.0000: wfprocessor                     : dequeue-thread : INFO    : Transition of task.0010 to new state DEQUEUEING successful
2019-02-14 07:47:25,436: radical.entk.wfprocessor.0000: wfprocessor                     : dequeue-thread : INFO    : Transition of task.0010 to new state DEQUEUED successful
2019-02-14 07:47:25,438: radical.entk.wfprocessor.0000: wfprocessor                     : dequeue-thread : INFO    : Transition of task.0010 to new state DONE successful
2019-02-14 07:47:26,647: radical.entk.wfprocessor.0000: wfprocessor                     : dequeue-thread : INFO    : Got finished task task.0005 from queue
2019-02-14 07:47:26,651: radical.entk.wfprocessor.0000: wfprocessor                     : dequeue-thread : INFO    : Transition of task.0005 to new state DEQUEUEING successful
2019-02-14 07:47:26,659: radical.entk.wfprocessor.0000: wfprocessor                     : dequeue-thread : INFO    : Transition of task.0005 to new state DEQUEUED successful
2019-02-14 07:47:26,661: radical.entk.wfprocessor.0000: wfprocessor                     : dequeue-thread : INFO    : Transition of task.0005 to new state DONE successful
2019-02-14 07:47:26,662: radical.entk.wfprocessor.0000: wfprocessor                     : dequeue-thread : INFO    : Got finished task task.0011 from queue
2019-02-14 07:47:26,664: radical.entk.wfprocessor.0000: wfprocessor                     : dequeue-thread : INFO    : Transition of task.0011 to new state DEQUEUEING successful
2019-02-14 07:47:26,667: radical.entk.wfprocessor.0000: wfprocessor                     : dequeue-thread : INFO    : Transition of task.0011 to new state DEQUEUED successful
2019-02-14 07:47:26,669: radical.entk.wfprocessor.0000: wfprocessor                     : dequeue-thread : INFO    : Transition of task.0011 to new state DONE successful
2019-02-14 07:47:26,669: radical.entk.wfprocessor.0000: wfprocessor                     : dequeue-thread : INFO    : Got finished task task.0012 from queue
2019-02-14 07:47:26,672: radical.entk.wfprocessor.0000: wfprocessor                     : dequeue-thread : INFO    : Transition of task.0012 to new state DEQUEUEING successful
2019-02-14 07:47:26,678: radical.entk.wfprocessor.0000: wfprocessor                     : dequeue-thread : INFO    : Transition of task.0012 to new state DEQUEUED successful
2019-02-14 07:47:26,680: radical.entk.wfprocessor.0000: wfprocessor                     : dequeue-thread : INFO    : Transition of task.0012 to new state DONE successful
2019-02-14 07:47:26,680: radical.entk.wfprocessor.0000: wfprocessor                     : dequeue-thread : INFO    : Got finished task task.0014 from queue
2019-02-14 07:47:26,683: radical.entk.wfprocessor.0000: wfprocessor                     : dequeue-thread : INFO    : Transition of task.0014 to new state DEQUEUEING successful
2019-02-14 07:47:26,684: radical.entk.wfprocessor.0000: wfprocessor                     : dequeue-thread : INFO    : Transition of task.0014 to new state DEQUEUED successful
2019-02-14 07:47:26,698: radical.entk.wfprocessor.0000: wfprocessor                     : dequeue-thread : INFO    : Transition of task.0014 to new state DONE successful
2019-02-14 07:47:27,921: radical.entk.wfprocessor.0000: wfprocessor                     : dequeue-thread : INFO    : Got finished task task.0013 from queue
2019-02-14 07:47:27,924: radical.entk.wfprocessor.0000: wfprocessor                     : dequeue-thread : INFO    : Transition of task.0013 to new state DEQUEUEING successful
2019-02-14 07:47:27,927: radical.entk.wfprocessor.0000: wfprocessor                     : dequeue-thread : INFO    : Transition of task.0013 to new state DEQUEUED successful
2019-02-14 07:47:27,929: radical.entk.wfprocessor.0000: wfprocessor                     : dequeue-thread : INFO    : Transition of task.0013 to new state DONE successful
2019-02-14 07:47:27,933: radical.entk.wfprocessor.0000: wfprocessor                     : dequeue-thread : INFO    : Got finished task task.0015 from queue
2019-02-14 07:47:27,936: radical.entk.wfprocessor.0000: wfprocessor                     : dequeue-thread : INFO    : Transition of task.0015 to new state DEQUEUEING successful
2019-02-14 07:47:27,939: radical.entk.wfprocessor.0000: wfprocessor                     : dequeue-thread : INFO    : Transition of task.0015 to new state DEQUEUED successful
2019-02-14 07:47:27,941: radical.entk.wfprocessor.0000: wfprocessor                     : dequeue-thread : INFO    : Transition of task.0015 to new state DONE successful
2019-02-14 07:47:27,941: radical.entk.wfprocessor.0000: wfprocessor                     : dequeue-thread : INFO    : Got finished task task.0017 from queue
2019-02-14 07:47:27,945: radical.entk.wfprocessor.0000: wfprocessor                     : dequeue-thread : INFO    : Transition of task.0017 to new state DEQUEUEING successful
2019-02-14 07:47:27,952: radical.entk.wfprocessor.0000: wfprocessor                     : dequeue-thread : INFO    : Transition of task.0017 to new state DEQUEUED successful
2019-02-14 07:47:27,959: radical.entk.wfprocessor.0000: wfprocessor                     : dequeue-thread : INFO    : Transition of task.0017 to new state DONE successful
2019-02-14 07:47:27,960: radical.entk.wfprocessor.0000: wfprocessor                     : dequeue-thread : INFO    : Got finished task task.0016 from queue
2019-02-14 07:47:27,964: radical.entk.wfprocessor.0000: wfprocessor                     : dequeue-thread : INFO    : Transition of task.0016 to new state DEQUEUEING successful
2019-02-14 07:47:27,974: radical.entk.wfprocessor.0000: wfprocessor                     : dequeue-thread : INFO    : Transition of task.0016 to new state DEQUEUED successful
2019-02-14 07:47:27,976: radical.entk.wfprocessor.0000: wfprocessor                     : dequeue-thread : INFO    : Transition of task.0016 to new state DONE successful
2019-02-14 07:47:27,977: radical.entk.wfprocessor.0000: wfprocessor                     : dequeue-thread : INFO    : Got finished task task.0008 from queue
2019-02-14 07:47:27,980: radical.entk.wfprocessor.0000: wfprocessor                     : dequeue-thread : INFO    : Transition of task.0008 to new state DEQUEUEING successful
2019-02-14 07:47:27,982: radical.entk.wfprocessor.0000: wfprocessor                     : dequeue-thread : INFO    : Transition of task.0008 to new state DEQUEUED successful
2019-02-14 07:47:27,984: radical.entk.wfprocessor.0000: wfprocessor                     : dequeue-thread : INFO    : Transition of task.0008 to new state DONE successful
2019-02-14 07:47:27,985: radical.entk.wfprocessor.0000: wfprocessor                     : dequeue-thread : INFO    : Got finished task task.0009 from queue
2019-02-14 07:47:27,987: radical.entk.wfprocessor.0000: wfprocessor                     : dequeue-thread : INFO    : Transition of task.0009 to new state DEQUEUEING successful
2019-02-14 07:47:27,990: radical.entk.wfprocessor.0000: wfprocessor                     : dequeue-thread : INFO    : Transition of task.0009 to new state DEQUEUED successful
2019-02-14 07:47:27,998: radical.entk.wfprocessor.0000: wfprocessor                     : dequeue-thread : INFO    : Transition of task.0009 to new state DONE successful
2019-02-14 07:47:28,002: radical.entk.wfprocessor.0000: wfprocessor                     : dequeue-thread : INFO    : Transition of stage.0000 to new state DONE successful
2019-02-14 07:47:28,004: radical.entk.wfprocessor.0000: wfprocessor                     : dequeue-thread : INFO    : Transition of pipeline.0000 to new state DONE successful
2019-02-14 08:47:22,905: radical.entk.wfprocessor.0000: wfprocessor                     : dequeue-thread : INFO    : Got finished task task.0018 from queue
2019-02-14 08:47:22,908: radical.entk.wfprocessor.0000: wfprocessor                     : dequeue-thread : INFO    : Transition of task.0018 to new state DEQUEUEING successful
2019-02-14 08:47:22,924: radical.entk.wfprocessor.0000: wfprocessor                     : dequeue-thread : INFO    : Transition of task.0018 to new state DEQUEUED successful
2019-02-14 08:47:22,934: radical.entk.wfprocessor.0000: wfprocessor                     : dequeue-thread : INFO    : Transition of task.0018 to new state DONE successful
2019-02-14 08:47:22,935: radical.entk.wfprocessor.0000: wfprocessor                     : dequeue-thread : INFO    : Got finished task task.0023 from queue
2019-02-14 08:47:22,938: radical.entk.wfprocessor.0000: wfprocessor                     : dequeue-thread : INFO    : Transition of task.0023 to new state DEQUEUEING successful
2019-02-14 08:47:22,947: radical.entk.wfprocessor.0000: wfprocessor                     : dequeue-thread : INFO    : Transition of task.0023 to new state DEQUEUED successful
2019-02-14 08:47:22,949: radical.entk.wfprocessor.0000: wfprocessor                     : dequeue-thread : INFO    : Transition of task.0023 to new state DONE successful
2019-02-14 08:47:22,950: radical.entk.wfprocessor.0000: wfprocessor                     : dequeue-thread : INFO    : Got finished task task.0019 from queue
2019-02-14 08:47:22,952: radical.entk.wfprocessor.0000: wfprocessor                     : dequeue-thread : INFO    : Transition of task.0019 to new state DEQUEUEING successful
2019-02-14 08:47:22,955: radical.entk.wfprocessor.0000: wfprocessor                     : dequeue-thread : INFO    : Transition of task.0019 to new state DEQUEUED successful
2019-02-14 08:47:22,957: radical.entk.wfprocessor.0000: wfprocessor                     : dequeue-thread : INFO    : Transition of task.0019 to new state DONE successful
2019-02-14 08:47:22,958: radical.entk.wfprocessor.0000: wfprocessor                     : dequeue-thread : INFO    : Got finished task task.0021 from queue
2019-02-14 08:47:22,961: radical.entk.wfprocessor.0000: wfprocessor                     : dequeue-thread : INFO    : Transition of task.0021 to new state DEQUEUEING successful
2019-02-14 08:47:22,964: radical.entk.wfprocessor.0000: wfprocessor                     : dequeue-thread : INFO    : Transition of task.0021 to new state DEQUEUED successful
2019-02-14 08:47:22,970: radical.entk.wfprocessor.0000: wfprocessor                     : dequeue-thread : INFO    : Transition of task.0021 to new state DONE successful
2019-02-14 08:47:22,971: radical.entk.wfprocessor.0000: wfprocessor                     : dequeue-thread : INFO    : Got finished task task.0024 from queue
2019-02-14 08:47:22,974: radical.entk.wfprocessor.0000: wfprocessor                     : dequeue-thread : INFO    : Transition of task.0024 to new state DEQUEUEING successful
2019-02-14 08:47:22,976: radical.entk.wfprocessor.0000: wfprocessor                     : dequeue-thread : INFO    : Transition of task.0024 to new state DEQUEUED successful
2019-02-14 08:47:22,986: radical.entk.wfprocessor.0000: wfprocessor                     : dequeue-thread : INFO    : Transition of task.0024 to new state DONE successful
2019-02-14 08:47:22,987: radical.entk.wfprocessor.0000: wfprocessor                     : dequeue-thread : INFO    : Got finished task task.0022 from queue
2019-02-14 08:47:22,989: radical.entk.wfprocessor.0000: wfprocessor                     : dequeue-thread : INFO    : Transition of task.0022 to new state DEQUEUEING successful
2019-02-14 08:47:22,991: radical.entk.wfprocessor.0000: wfprocessor                     : dequeue-thread : INFO    : Transition of task.0022 to new state DEQUEUED successful
2019-02-14 08:47:22,992: radical.entk.wfprocessor.0000: wfprocessor                     : dequeue-thread : INFO    : Transition of task.0022 to new state DONE successful
2019-02-14 08:47:22,993: radical.entk.wfprocessor.0000: wfprocessor                     : dequeue-thread : INFO    : Got finished task task.0025 from queue
2019-02-14 08:47:22,995: radical.entk.wfprocessor.0000: wfprocessor                     : dequeue-thread : INFO    : Transition of task.0025 to new state DEQUEUEING successful
2019-02-14 08:47:22,997: radical.entk.wfprocessor.0000: wfprocessor                     : dequeue-thread : INFO    : Transition of task.0025 to new state DEQUEUED successful
2019-02-14 08:47:22,999: radical.entk.wfprocessor.0000: wfprocessor                     : dequeue-thread : INFO    : Transition of task.0025 to new state DONE successful
2019-02-14 08:47:22,999: radical.entk.wfprocessor.0000: wfprocessor                     : dequeue-thread : INFO    : Got finished task task.0020 from queue
2019-02-14 08:47:23,002: radical.entk.wfprocessor.0000: wfprocessor                     : dequeue-thread : INFO    : Transition of task.0020 to new state DEQUEUEING successful
2019-02-14 08:47:23,004: radical.entk.wfprocessor.0000: wfprocessor                     : dequeue-thread : INFO    : Transition of task.0020 to new state DEQUEUED successful
2019-02-14 08:47:23,007: radical.entk.wfprocessor.0000: wfprocessor                     : dequeue-thread : INFO    : Transition of task.0020 to new state DONE successful
2019-02-14 08:47:23,008: radical.entk.wfprocessor.0000: wfprocessor                     : dequeue-thread : INFO    : Got finished task task.0026 from queue
2019-02-14 08:47:23,009: radical.entk.wfprocessor.0000: wfprocessor                     : dequeue-thread : INFO    : Transition of task.0026 to new state DEQUEUEING successful
2019-02-14 08:47:23,011: radical.entk.wfprocessor.0000: wfprocessor                     : dequeue-thread : INFO    : Transition of task.0026 to new state DEQUEUED successful
2019-02-14 08:47:23,013: radical.entk.wfprocessor.0000: wfprocessor                     : dequeue-thread : INFO    : Transition of task.0026 to new state DONE successful
2019-02-14 08:47:25,460: radical.entk.wfprocessor.0000: wfprocessor                     : dequeue-thread : INFO    : Got finished task task.0027 from queue
2019-02-14 08:47:25,462: radical.entk.wfprocessor.0000: wfprocessor                     : dequeue-thread : INFO    : Transition of task.0027 to new state DEQUEUEING successful
2019-02-14 08:47:25,472: radical.entk.wfprocessor.0000: wfprocessor                     : dequeue-thread : INFO    : Transition of task.0027 to new state DEQUEUED successful
2019-02-14 08:47:25,473: radical.entk.wfprocessor.0000: wfprocessor                     : dequeue-thread : INFO    : Transition of task.0027 to new state DONE successful
2019-02-14 08:47:25,476: radical.entk.wfprocessor.0000: wfprocessor                     : dequeue-thread : INFO    : Transition of stage.0001 to new state DONE successful
2019-02-14 08:47:25,479: radical.entk.wfprocessor.0000: wfprocessor                     : dequeue-thread : INFO    : Transition of pipeline.0001 to new state DONE successful
2019-02-14 08:47:25,479: radical.entk.wfprocessor.0000: wfprocessor                     : MainThread     : INFO    : Terminating enqueue-thread
2019-02-14 08:47:25,480: radical.entk.wfprocessor.0000: wfprocessor                     : enqueue-thread : INFO    : Enqueue thread terminated
2019-02-14 08:47:25,481: radical.entk.wfprocessor.0000: wfprocessor                     : MainThread     : INFO    : Terminating dequeue-thread
2019-02-14 08:47:25,481: radical.entk.wfprocessor.0000: wfprocessor                     : dequeue-thread : INFO    : Terminated dequeue thread
