2019-02-13 22:51:56,077: re.session.two.jdakka.017940.0005: MainProcess                     : MainThread     : INFO    : python.interpreter   version: 2.7.12 (default, Nov 12 2018, 14:36:49) [GCC 5.4.0 20160609]
2019-02-13 22:51:56,077: re.session.two.jdakka.017940.0005: MainProcess                     : MainThread     : INFO    :                      pid/tid: 20716/MainThread
2019-02-13 22:51:56,136: re.session.two.jdakka.017940.0005: MainProcess                     : MainThread     : INFO    : using database mongodb://user:user@ds223760.mlab.com:23760/adaptivity
2019-02-13 22:51:56,136: re.session.two.jdakka.017940.0005: MainProcess                     : MainThread     : INFO    : Load resource configurations from /home/jdakka/hyperspace-htbac/ve_bridges/local/lib/python2.7/site-packages/radical/pilot/configs/resource_fub.json
2019-02-13 22:51:56,137: re.session.two.jdakka.017940.0005: MainProcess                     : MainThread     : INFO    : Load resource configurations for fub.allegro_rsh
2019-02-13 22:51:56,137: re.session.two.jdakka.017940.0005: MainProcess                     : MainThread     : DEBUG   : read rcfg for fub.allegro_rsh (None)
2019-02-13 22:51:56,137: re.session.two.jdakka.017940.0005: MainProcess                     : MainThread     : INFO    : Load resource configurations from /home/jdakka/hyperspace-htbac/ve_bridges/local/lib/python2.7/site-packages/radical/pilot/configs/resource_yale.json
2019-02-13 22:51:56,138: re.session.two.jdakka.017940.0005: MainProcess                     : MainThread     : INFO    : Load resource configurations for yale.grace_ssh
2019-02-13 22:51:56,138: re.session.two.jdakka.017940.0005: MainProcess                     : MainThread     : DEBUG   : read rcfg for yale.grace_ssh (None)
2019-02-13 22:51:56,138: re.session.two.jdakka.017940.0005: MainProcess                     : MainThread     : INFO    : Load resource configurations from /home/jdakka/hyperspace-htbac/ve_bridges/local/lib/python2.7/site-packages/radical/pilot/configs/resource_stfc.json
2019-02-13 22:51:56,139: re.session.two.jdakka.017940.0005: MainProcess                     : MainThread     : INFO    : Load resource configurations for stfc.joule_runjob
2019-02-13 22:51:56,139: re.session.two.jdakka.017940.0005: MainProcess                     : MainThread     : DEBUG   : read rcfg for stfc.joule_runjob (None)
2019-02-13 22:51:56,139: re.session.two.jdakka.017940.0005: MainProcess                     : MainThread     : INFO    : Load resource configurations from /home/jdakka/hyperspace-htbac/ve_bridges/local/lib/python2.7/site-packages/radical/pilot/configs/resource_osg.json
2019-02-13 22:51:56,141: re.session.two.jdakka.017940.0005: MainProcess                     : MainThread     : INFO    : Load resource configurations for osg.xsede-virt-clust
2019-02-13 22:51:56,141: re.session.two.jdakka.017940.0005: MainProcess                     : MainThread     : DEBUG   : read rcfg for osg.xsede-virt-clust (None)
2019-02-13 22:51:56,141: re.session.two.jdakka.017940.0005: MainProcess                     : MainThread     : INFO    : Load resource configurations for osg.connect
2019-02-13 22:51:56,141: re.session.two.jdakka.017940.0005: MainProcess                     : MainThread     : DEBUG   : read rcfg for osg.connect (None)
2019-02-13 22:51:56,142: re.session.two.jdakka.017940.0005: MainProcess                     : MainThread     : INFO    : Load resource configurations from /home/jdakka/hyperspace-htbac/ve_bridges/local/lib/python2.7/site-packages/radical/pilot/configs/resource_xsede.json
2019-02-13 22:51:56,156: re.session.two.jdakka.017940.0005: MainProcess                     : MainThread     : INFO    : Load resource configurations for xsede.stampede2_ssh
2019-02-13 22:51:56,156: re.session.two.jdakka.017940.0005: MainProcess                     : MainThread     : DEBUG   : read rcfg for xsede.stampede2_ssh (68)
2019-02-13 22:51:56,156: re.session.two.jdakka.017940.0005: MainProcess                     : MainThread     : INFO    : Load resource configurations for xsede.supermic_ssh
2019-02-13 22:51:56,157: re.session.two.jdakka.017940.0005: MainProcess                     : MainThread     : DEBUG   : read rcfg for xsede.supermic_ssh (20)
2019-02-13 22:51:56,157: re.session.two.jdakka.017940.0005: MainProcess                     : MainThread     : INFO    : Load resource configurations for xsede.trestles_ssh
2019-02-13 22:51:56,157: re.session.two.jdakka.017940.0005: MainProcess                     : MainThread     : DEBUG   : read rcfg for xsede.trestles_ssh (None)
2019-02-13 22:51:56,157: re.session.two.jdakka.017940.0005: MainProcess                     : MainThread     : INFO    : Load resource configurations for xsede.comet_orte
2019-02-13 22:51:56,157: re.session.two.jdakka.017940.0005: MainProcess                     : MainThread     : DEBUG   : read rcfg for xsede.comet_orte (24)
2019-02-13 22:51:56,157: re.session.two.jdakka.017940.0005: MainProcess                     : MainThread     : INFO    : Load resource configurations for xsede.gordon_ssh
2019-02-13 22:51:56,157: re.session.two.jdakka.017940.0005: MainProcess                     : MainThread     : DEBUG   : read rcfg for xsede.gordon_ssh (None)
2019-02-13 22:51:56,157: re.session.two.jdakka.017940.0005: MainProcess                     : MainThread     : INFO    : Load resource configurations for xsede.lonestar_ssh
2019-02-13 22:51:56,157: re.session.two.jdakka.017940.0005: MainProcess                     : MainThread     : DEBUG   : read rcfg for xsede.lonestar_ssh (None)
2019-02-13 22:51:56,158: re.session.two.jdakka.017940.0005: MainProcess                     : MainThread     : INFO    : Load resource configurations for xsede.supermic_spark
2019-02-13 22:51:56,158: re.session.two.jdakka.017940.0005: MainProcess                     : MainThread     : DEBUG   : read rcfg for xsede.supermic_spark (20)
2019-02-13 22:51:56,158: re.session.two.jdakka.017940.0005: MainProcess                     : MainThread     : INFO    : Load resource configurations for xsede.greenfield
2019-02-13 22:51:56,158: re.session.two.jdakka.017940.0005: MainProcess                     : MainThread     : DEBUG   : read rcfg for xsede.greenfield (15)
2019-02-13 22:51:56,158: re.session.two.jdakka.017940.0005: MainProcess                     : MainThread     : INFO    : Load resource configurations for xsede.supermic_ortelib
2019-02-13 22:51:56,158: re.session.two.jdakka.017940.0005: MainProcess                     : MainThread     : DEBUG   : read rcfg for xsede.supermic_ortelib (20)
2019-02-13 22:51:56,158: re.session.two.jdakka.017940.0005: MainProcess                     : MainThread     : INFO    : Load resource configurations for xsede.bridges
2019-02-13 22:51:56,158: re.session.two.jdakka.017940.0005: MainProcess                     : MainThread     : DEBUG   : read rcfg for xsede.bridges (None)
2019-02-13 22:51:56,158: re.session.two.jdakka.017940.0005: MainProcess                     : MainThread     : INFO    : Load resource configurations for xsede.supermic_orte
2019-02-13 22:51:56,159: re.session.two.jdakka.017940.0005: MainProcess                     : MainThread     : DEBUG   : read rcfg for xsede.supermic_orte (20)
2019-02-13 22:51:56,159: re.session.two.jdakka.017940.0005: MainProcess                     : MainThread     : INFO    : Load resource configurations for xsede.wrangler_spark
2019-02-13 22:51:56,159: re.session.two.jdakka.017940.0005: MainProcess                     : MainThread     : DEBUG   : read rcfg for xsede.wrangler_spark (None)
2019-02-13 22:51:56,159: re.session.two.jdakka.017940.0005: MainProcess                     : MainThread     : INFO    : Load resource configurations for xsede.comet_spark
2019-02-13 22:51:56,159: re.session.two.jdakka.017940.0005: MainProcess                     : MainThread     : DEBUG   : read rcfg for xsede.comet_spark (24)
2019-02-13 22:51:56,159: re.session.two.jdakka.017940.0005: MainProcess                     : MainThread     : INFO    : Load resource configurations for xsede.wrangler_yarn
2019-02-13 22:51:56,159: re.session.two.jdakka.017940.0005: MainProcess                     : MainThread     : DEBUG   : read rcfg for xsede.wrangler_yarn (None)
2019-02-13 22:51:56,159: re.session.two.jdakka.017940.0005: MainProcess                     : MainThread     : INFO    : Load resource configurations for xsede.wrangler_ssh
2019-02-13 22:51:56,160: re.session.two.jdakka.017940.0005: MainProcess                     : MainThread     : DEBUG   : read rcfg for xsede.wrangler_ssh (None)
2019-02-13 22:51:56,160: re.session.two.jdakka.017940.0005: MainProcess                     : MainThread     : INFO    : Load resource configurations for xsede.comet_ssh
2019-02-13 22:51:56,160: re.session.two.jdakka.017940.0005: MainProcess                     : MainThread     : DEBUG   : read rcfg for xsede.comet_ssh (24)
2019-02-13 22:51:56,160: re.session.two.jdakka.017940.0005: MainProcess                     : MainThread     : INFO    : Load resource configurations for xsede.comet_ortelib
2019-02-13 22:51:56,160: re.session.two.jdakka.017940.0005: MainProcess                     : MainThread     : DEBUG   : read rcfg for xsede.comet_ortelib (24)
2019-02-13 22:51:56,160: re.session.two.jdakka.017940.0005: MainProcess                     : MainThread     : INFO    : Load resource configurations for xsede.blacklight_ssh
2019-02-13 22:51:56,160: re.session.two.jdakka.017940.0005: MainProcess                     : MainThread     : DEBUG   : read rcfg for xsede.blacklight_ssh (16)
2019-02-13 22:51:56,160: re.session.two.jdakka.017940.0005: MainProcess                     : MainThread     : INFO    : Load resource configurations from /home/jdakka/hyperspace-htbac/ve_bridges/local/lib/python2.7/site-packages/radical/pilot/configs/resource_nersc.json
2019-02-13 22:51:56,165: re.session.two.jdakka.017940.0005: MainProcess                     : MainThread     : INFO    : Load resource configurations for nersc.edison_ccm_ssh
2019-02-13 22:51:56,165: re.session.two.jdakka.017940.0005: MainProcess                     : MainThread     : DEBUG   : read rcfg for nersc.edison_ccm_ssh (None)
2019-02-13 22:51:56,165: re.session.two.jdakka.017940.0005: MainProcess                     : MainThread     : INFO    : Load resource configurations for nersc.hopper_orte
2019-02-13 22:51:56,166: re.session.two.jdakka.017940.0005: MainProcess                     : MainThread     : DEBUG   : read rcfg for nersc.hopper_orte (None)
2019-02-13 22:51:56,166: re.session.two.jdakka.017940.0005: MainProcess                     : MainThread     : INFO    : Load resource configurations for nersc.hopper_ccm_ssh
2019-02-13 22:51:56,166: re.session.two.jdakka.017940.0005: MainProcess                     : MainThread     : DEBUG   : read rcfg for nersc.hopper_ccm_ssh (24)
2019-02-13 22:51:56,166: re.session.two.jdakka.017940.0005: MainProcess                     : MainThread     : INFO    : Load resource configurations for nersc.edison_aprun
2019-02-13 22:51:56,166: re.session.two.jdakka.017940.0005: MainProcess                     : MainThread     : DEBUG   : read rcfg for nersc.edison_aprun (None)
2019-02-13 22:51:56,166: re.session.two.jdakka.017940.0005: MainProcess                     : MainThread     : INFO    : Load resource configurations for nersc.hopper_aprun
2019-02-13 22:51:56,166: re.session.two.jdakka.017940.0005: MainProcess                     : MainThread     : DEBUG   : read rcfg for nersc.hopper_aprun (24)
2019-02-13 22:51:56,166: re.session.two.jdakka.017940.0005: MainProcess                     : MainThread     : INFO    : Load resource configurations for nersc.edison_orte
2019-02-13 22:51:56,167: re.session.two.jdakka.017940.0005: MainProcess                     : MainThread     : DEBUG   : read rcfg for nersc.edison_orte (None)
2019-02-13 22:51:56,167: re.session.two.jdakka.017940.0005: MainProcess                     : MainThread     : INFO    : Load resource configurations from /home/jdakka/hyperspace-htbac/ve_bridges/local/lib/python2.7/site-packages/radical/pilot/configs/resource_lrz.json
2019-02-13 22:51:56,167: re.session.two.jdakka.017940.0005: MainProcess                     : MainThread     : INFO    : Load resource configurations for lrz.supermuc_ssh
2019-02-13 22:51:56,168: re.session.two.jdakka.017940.0005: MainProcess                     : MainThread     : DEBUG   : read rcfg for lrz.supermuc_ssh (None)
2019-02-13 22:51:56,168: re.session.two.jdakka.017940.0005: MainProcess                     : MainThread     : INFO    : Load resource configurations from /home/jdakka/hyperspace-htbac/ve_bridges/local/lib/python2.7/site-packages/radical/pilot/configs/resource_epsrc.json
2019-02-13 22:51:56,169: re.session.two.jdakka.017940.0005: MainProcess                     : MainThread     : INFO    : Load resource configurations for epsrc.archer_orte
2019-02-13 22:51:56,169: re.session.two.jdakka.017940.0005: MainProcess                     : MainThread     : DEBUG   : read rcfg for epsrc.archer_orte (None)
2019-02-13 22:51:56,170: re.session.two.jdakka.017940.0005: MainProcess                     : MainThread     : INFO    : Load resource configurations for epsrc.archer_aprun
2019-02-13 22:51:56,170: re.session.two.jdakka.017940.0005: MainProcess                     : MainThread     : DEBUG   : read rcfg for epsrc.archer_aprun (None)
2019-02-13 22:51:56,170: re.session.two.jdakka.017940.0005: MainProcess                     : MainThread     : INFO    : Load resource configurations from /home/jdakka/hyperspace-htbac/ve_bridges/local/lib/python2.7/site-packages/radical/pilot/configs/resource_ncsa.json
2019-02-13 22:51:56,173: re.session.two.jdakka.017940.0005: MainProcess                     : MainThread     : INFO    : Load resource configurations for ncsa.bw_orte
2019-02-13 22:51:56,173: re.session.two.jdakka.017940.0005: MainProcess                     : MainThread     : DEBUG   : read rcfg for ncsa.bw_orte (None)
2019-02-13 22:51:56,174: re.session.two.jdakka.017940.0005: MainProcess                     : MainThread     : INFO    : Load resource configurations for ncsa.bw_ccm_ssh
2019-02-13 22:51:56,174: re.session.two.jdakka.017940.0005: MainProcess                     : MainThread     : DEBUG   : read rcfg for ncsa.bw_ccm_ssh (None)
2019-02-13 22:51:56,174: re.session.two.jdakka.017940.0005: MainProcess                     : MainThread     : INFO    : Load resource configurations for ncsa.bw_ortelib
2019-02-13 22:51:56,174: re.session.two.jdakka.017940.0005: MainProcess                     : MainThread     : DEBUG   : read rcfg for ncsa.bw_ortelib (None)
2019-02-13 22:51:56,174: re.session.two.jdakka.017940.0005: MainProcess                     : MainThread     : INFO    : Load resource configurations for ncsa.bw_aprun
2019-02-13 22:51:56,174: re.session.two.jdakka.017940.0005: MainProcess                     : MainThread     : DEBUG   : read rcfg for ncsa.bw_aprun (None)
2019-02-13 22:51:56,174: re.session.two.jdakka.017940.0005: MainProcess                     : MainThread     : INFO    : Load resource configurations from /home/jdakka/hyperspace-htbac/ve_bridges/local/lib/python2.7/site-packages/radical/pilot/configs/resource_lumc.json
2019-02-13 22:51:56,176: re.session.two.jdakka.017940.0005: MainProcess                     : MainThread     : INFO    : Load resource configurations for lumc.gb-ui_ssh
2019-02-13 22:51:56,176: re.session.two.jdakka.017940.0005: MainProcess                     : MainThread     : DEBUG   : read rcfg for lumc.gb-ui_ssh (None)
2019-02-13 22:51:56,176: re.session.two.jdakka.017940.0005: MainProcess                     : MainThread     : INFO    : Load resource configurations for lumc.shark_ssh
2019-02-13 22:51:56,176: re.session.two.jdakka.017940.0005: MainProcess                     : MainThread     : DEBUG   : read rcfg for lumc.shark_ssh (None)
2019-02-13 22:51:56,176: re.session.two.jdakka.017940.0005: MainProcess                     : MainThread     : INFO    : Load resource configurations from /home/jdakka/hyperspace-htbac/ve_bridges/local/lib/python2.7/site-packages/radical/pilot/configs/resource_das4.json
2019-02-13 22:51:56,177: re.session.two.jdakka.017940.0005: MainProcess                     : MainThread     : INFO    : Load resource configurations for das4.fs2_ssh
2019-02-13 22:51:56,177: re.session.two.jdakka.017940.0005: MainProcess                     : MainThread     : DEBUG   : read rcfg for das4.fs2_ssh (None)
2019-02-13 22:51:56,177: re.session.two.jdakka.017940.0005: MainProcess                     : MainThread     : INFO    : Load resource configurations from /home/jdakka/hyperspace-htbac/ve_bridges/local/lib/python2.7/site-packages/radical/pilot/configs/resource_aliases.json
2019-02-13 22:51:56,177: re.session.two.jdakka.017940.0005: MainProcess                     : MainThread     : INFO    : Load resource configurations from /home/jdakka/hyperspace-htbac/ve_bridges/local/lib/python2.7/site-packages/radical/pilot/configs/resource_futuregrid.json
2019-02-13 22:51:56,181: re.session.two.jdakka.017940.0005: MainProcess                     : MainThread     : INFO    : Load resource configurations for futuregrid.delta_ssh
2019-02-13 22:51:56,182: re.session.two.jdakka.017940.0005: MainProcess                     : MainThread     : DEBUG   : read rcfg for futuregrid.delta_ssh (None)
2019-02-13 22:51:56,182: re.session.two.jdakka.017940.0005: MainProcess                     : MainThread     : INFO    : Load resource configurations for futuregrid.india_ssh
2019-02-13 22:51:56,182: re.session.two.jdakka.017940.0005: MainProcess                     : MainThread     : DEBUG   : read rcfg for futuregrid.india_ssh (None)
2019-02-13 22:51:56,182: re.session.two.jdakka.017940.0005: MainProcess                     : MainThread     : INFO    : Load resource configurations for futuregrid.echo_ssh
2019-02-13 22:51:56,182: re.session.two.jdakka.017940.0005: MainProcess                     : MainThread     : DEBUG   : read rcfg for futuregrid.echo_ssh (None)
2019-02-13 22:51:56,182: re.session.two.jdakka.017940.0005: MainProcess                     : MainThread     : INFO    : Load resource configurations for futuregrid.xray_ccm
2019-02-13 22:51:56,182: re.session.two.jdakka.017940.0005: MainProcess                     : MainThread     : DEBUG   : read rcfg for futuregrid.xray_ccm (None)
2019-02-13 22:51:56,182: re.session.two.jdakka.017940.0005: MainProcess                     : MainThread     : INFO    : Load resource configurations for futuregrid.bravo_ssh
2019-02-13 22:51:56,182: re.session.two.jdakka.017940.0005: MainProcess                     : MainThread     : DEBUG   : read rcfg for futuregrid.bravo_ssh (None)
2019-02-13 22:51:56,183: re.session.two.jdakka.017940.0005: MainProcess                     : MainThread     : INFO    : Load resource configurations for futuregrid.xray_aprun
2019-02-13 22:51:56,183: re.session.two.jdakka.017940.0005: MainProcess                     : MainThread     : DEBUG   : read rcfg for futuregrid.xray_aprun (None)
2019-02-13 22:51:56,183: re.session.two.jdakka.017940.0005: MainProcess                     : MainThread     : INFO    : Load resource configurations from /home/jdakka/hyperspace-htbac/ve_bridges/local/lib/python2.7/site-packages/radical/pilot/configs/resource_ornl.json
2019-02-13 22:51:56,187: re.session.two.jdakka.017940.0005: MainProcess                     : MainThread     : INFO    : Load resource configurations for ornl.titan_orte
2019-02-13 22:51:56,187: re.session.two.jdakka.017940.0005: MainProcess                     : MainThread     : DEBUG   : read rcfg for ornl.titan_orte (16)
2019-02-13 22:51:56,187: re.session.two.jdakka.017940.0005: MainProcess                     : MainThread     : INFO    : Load resource configurations for ornl.titan_aprun
2019-02-13 22:51:56,188: re.session.two.jdakka.017940.0005: MainProcess                     : MainThread     : DEBUG   : read rcfg for ornl.titan_aprun (None)
2019-02-13 22:51:56,188: re.session.two.jdakka.017940.0005: MainProcess                     : MainThread     : INFO    : Load resource configurations for ornl.rhea
2019-02-13 22:51:56,188: re.session.two.jdakka.017940.0005: MainProcess                     : MainThread     : DEBUG   : read rcfg for ornl.rhea (16)
2019-02-13 22:51:56,188: re.session.two.jdakka.017940.0005: MainProcess                     : MainThread     : INFO    : Load resource configurations for ornl.rhea_aprun
2019-02-13 22:51:56,188: re.session.two.jdakka.017940.0005: MainProcess                     : MainThread     : DEBUG   : read rcfg for ornl.rhea_aprun (None)
2019-02-13 22:51:56,188: re.session.two.jdakka.017940.0005: MainProcess                     : MainThread     : INFO    : Load resource configurations for ornl.titan_ortelib
2019-02-13 22:51:56,188: re.session.two.jdakka.017940.0005: MainProcess                     : MainThread     : DEBUG   : read rcfg for ornl.titan_ortelib (None)
2019-02-13 22:51:56,188: re.session.two.jdakka.017940.0005: MainProcess                     : MainThread     : INFO    : Load resource configurations from /home/jdakka/hyperspace-htbac/ve_bridges/local/lib/python2.7/site-packages/radical/pilot/configs/resource_chameleon.json
2019-02-13 22:51:56,189: re.session.two.jdakka.017940.0005: MainProcess                     : MainThread     : INFO    : Load resource configurations for chameleon.cloud_vm_yarn
2019-02-13 22:51:56,189: re.session.two.jdakka.017940.0005: MainProcess                     : MainThread     : DEBUG   : read rcfg for chameleon.cloud_vm_yarn (None)
2019-02-13 22:51:56,189: re.session.two.jdakka.017940.0005: MainProcess                     : MainThread     : INFO    : Load resource configurations from /home/jdakka/hyperspace-htbac/ve_bridges/local/lib/python2.7/site-packages/radical/pilot/configs/resource_vtarc_dt.json
2019-02-13 22:51:56,190: re.session.two.jdakka.017940.0005: MainProcess                     : MainThread     : INFO    : Load resource configurations for vtarc_dt.stampede_ssh
2019-02-13 22:51:56,190: re.session.two.jdakka.017940.0005: MainProcess                     : MainThread     : DEBUG   : read rcfg for vtarc_dt.stampede_ssh (None)
2019-02-13 22:51:56,190: re.session.two.jdakka.017940.0005: MainProcess                     : MainThread     : INFO    : Load resource configurations from /home/jdakka/hyperspace-htbac/ve_bridges/local/lib/python2.7/site-packages/radical/pilot/configs/resource_iu.json
2019-02-13 22:51:56,192: re.session.two.jdakka.017940.0005: MainProcess                     : MainThread     : INFO    : Load resource configurations for iu.bigred2_ccm_ssh
2019-02-13 22:51:56,192: re.session.two.jdakka.017940.0005: MainProcess                     : MainThread     : DEBUG   : read rcfg for iu.bigred2_ccm_ssh (None)
2019-02-13 22:51:56,192: re.session.two.jdakka.017940.0005: MainProcess                     : MainThread     : INFO    : Load resource configurations for iu.bigred2_aprun
2019-02-13 22:51:56,192: re.session.two.jdakka.017940.0005: MainProcess                     : MainThread     : DEBUG   : read rcfg for iu.bigred2_aprun (None)
2019-02-13 22:51:56,192: re.session.two.jdakka.017940.0005: MainProcess                     : MainThread     : INFO    : Load resource configurations from /home/jdakka/hyperspace-htbac/ve_bridges/local/lib/python2.7/site-packages/radical/pilot/configs/resource_local.json
2019-02-13 22:51:56,198: re.session.two.jdakka.017940.0005: MainProcess                     : MainThread     : INFO    : Load resource configurations for local.localhost_orte
2019-02-13 22:51:56,198: re.session.two.jdakka.017940.0005: MainProcess                     : MainThread     : DEBUG   : read rcfg for local.localhost_orte (8)
2019-02-13 22:51:56,198: re.session.two.jdakka.017940.0005: MainProcess                     : MainThread     : INFO    : Load resource configurations for local.localhost_anaconda
2019-02-13 22:51:56,198: re.session.two.jdakka.017940.0005: MainProcess                     : MainThread     : DEBUG   : read rcfg for local.localhost_anaconda (8)
2019-02-13 22:51:56,198: re.session.two.jdakka.017940.0005: MainProcess                     : MainThread     : INFO    : Load resource configurations for local.localhost_ortelib
2019-02-13 22:51:56,198: re.session.two.jdakka.017940.0005: MainProcess                     : MainThread     : DEBUG   : read rcfg for local.localhost_ortelib (8)
2019-02-13 22:51:56,198: re.session.two.jdakka.017940.0005: MainProcess                     : MainThread     : INFO    : Load resource configurations for local.localhost_aprun
2019-02-13 22:51:56,198: re.session.two.jdakka.017940.0005: MainProcess                     : MainThread     : DEBUG   : read rcfg for local.localhost_aprun (8)
2019-02-13 22:51:56,198: re.session.two.jdakka.017940.0005: MainProcess                     : MainThread     : INFO    : Load resource configurations for local.localhost
2019-02-13 22:51:56,199: re.session.two.jdakka.017940.0005: MainProcess                     : MainThread     : DEBUG   : read rcfg for local.localhost (8)
2019-02-13 22:51:56,199: re.session.two.jdakka.017940.0005: MainProcess                     : MainThread     : INFO    : Load resource configurations for local.localhost_spark
2019-02-13 22:51:56,199: re.session.two.jdakka.017940.0005: MainProcess                     : MainThread     : DEBUG   : read rcfg for local.localhost_spark (None)
2019-02-13 22:51:56,199: re.session.two.jdakka.017940.0005: MainProcess                     : MainThread     : INFO    : Load resource configurations for local.localhost_spark_anaconda
2019-02-13 22:51:56,199: re.session.two.jdakka.017940.0005: MainProcess                     : MainThread     : DEBUG   : read rcfg for local.localhost_spark_anaconda (None)
2019-02-13 22:51:56,199: re.session.two.jdakka.017940.0005: MainProcess                     : MainThread     : INFO    : Load resource configurations for local.localhost_yarn
2019-02-13 22:51:56,199: re.session.two.jdakka.017940.0005: MainProcess                     : MainThread     : DEBUG   : read rcfg for local.localhost_yarn (None)
2019-02-13 22:51:56,199: re.session.two.jdakka.017940.0005: MainProcess                     : MainThread     : INFO    : Load resource configurations from /home/jdakka/hyperspace-htbac/ve_bridges/local/lib/python2.7/site-packages/radical/pilot/configs/resource_radical.json
2019-02-13 22:51:56,201: re.session.two.jdakka.017940.0005: MainProcess                     : MainThread     : INFO    : Load resource configurations for radical.two
2019-02-13 22:51:56,202: re.session.two.jdakka.017940.0005: MainProcess                     : MainThread     : DEBUG   : read rcfg for radical.two (None)
2019-02-13 22:51:56,202: re.session.two.jdakka.017940.0005: MainProcess                     : MainThread     : INFO    : Load resource configurations for radical.tutorial
2019-02-13 22:51:56,202: re.session.two.jdakka.017940.0005: MainProcess                     : MainThread     : DEBUG   : read rcfg for radical.tutorial (None)
2019-02-13 22:51:56,202: re.session.two.jdakka.017940.0005: MainProcess                     : MainThread     : INFO    : Load resource configurations for radical.one
2019-02-13 22:51:56,202: re.session.two.jdakka.017940.0005: MainProcess                     : MainThread     : DEBUG   : read rcfg for radical.one (None)
2019-02-13 22:51:56,202: re.session.two.jdakka.017940.0005: MainProcess                     : MainThread     : INFO    : Load resource configurations from /home/jdakka/hyperspace-htbac/ve_bridges/local/lib/python2.7/site-packages/radical/pilot/configs/resource_ncar.json
2019-02-13 22:51:56,204: re.session.two.jdakka.017940.0005: MainProcess                     : MainThread     : INFO    : Load resource configurations for ncar.cheyenne
2019-02-13 22:51:56,204: re.session.two.jdakka.017940.0005: MainProcess                     : MainThread     : DEBUG   : read rcfg for ncar.cheyenne (36)
2019-02-13 22:51:56,204: re.session.two.jdakka.017940.0005: MainProcess                     : MainThread     : INFO    : Load resource configurations for ncar.yellowstone_ssh
2019-02-13 22:51:56,204: re.session.two.jdakka.017940.0005: MainProcess                     : MainThread     : DEBUG   : read rcfg for ncar.yellowstone_ssh (None)
2019-02-13 22:51:56,204: re.session.two.jdakka.017940.0005: MainProcess                     : MainThread     : INFO    : Load resource configurations from /home/jdakka/hyperspace-htbac/ve_bridges/local/lib/python2.7/site-packages/radical/pilot/configs/resource_rice.json
2019-02-13 22:51:56,206: re.session.two.jdakka.017940.0005: MainProcess                     : MainThread     : INFO    : Load resource configurations for rice.davinci_ssh
2019-02-13 22:51:56,206: re.session.two.jdakka.017940.0005: MainProcess                     : MainThread     : DEBUG   : read rcfg for rice.davinci_ssh (None)
2019-02-13 22:51:56,206: re.session.two.jdakka.017940.0005: MainProcess                     : MainThread     : INFO    : Load resource configurations for rice.biou_ssh
2019-02-13 22:51:56,206: re.session.two.jdakka.017940.0005: MainProcess                     : MainThread     : DEBUG   : read rcfg for rice.biou_ssh (None)
2019-02-13 22:51:56,206: re.session.two.jdakka.017940.0005: MainProcess                     : MainThread     : INFO    : Load resource configurations from /home/jdakka/hyperspace-htbac/ve_bridges/local/lib/python2.7/site-packages/radical/pilot/configs/resource_das5.json
2019-02-13 22:51:56,207: re.session.two.jdakka.017940.0005: MainProcess                     : MainThread     : INFO    : Load resource configurations for das5.fs1_ssh
2019-02-13 22:51:56,207: re.session.two.jdakka.017940.0005: MainProcess                     : MainThread     : DEBUG   : read rcfg for das5.fs1_ssh (None)
2019-02-13 22:51:57,522: re.session.two.jdakka.017940.0005: MainProcess                     : MainThread     : INFO    : New Session created: re.session.two.jdakka.017940.0005.
2019-02-13 22:51:57,523: re.session.two.jdakka.017940.0005: MainProcess                     : MainThread     : DEBUG   : start bridges   : {u'control_pubsub': {u'bulk_size': 0, u'log_level': u'error', u'stall_hwm': 1},
 u'log_pubsub': {u'bulk_size': 0, u'log_level': u'error', u'stall_hwm': 1},
 u'state_pubsub': {u'bulk_size': 0, u'log_level': u'error', u'stall_hwm': 1}}
2019-02-13 22:51:57,524: re.session.two.jdakka.017940.0005: MainProcess                     : MainThread     : INFO    : create bridge control_pubsub
2019-02-13 22:51:57,543: re.session.two.jdakka.017940.0005: MainProcess                     : MainThread     : INFO    : created bridge control_pubsub (control.pubsub.bridge.0000)
2019-02-13 22:51:57,544: re.session.two.jdakka.017940.0005: MainProcess                     : MainThread     : INFO    : create bridge state_pubsub
2019-02-13 22:51:57,559: re.session.two.jdakka.017940.0005: MainProcess                     : MainThread     : INFO    : created bridge state_pubsub (state.pubsub.bridge.0000)
2019-02-13 22:51:57,559: re.session.two.jdakka.017940.0005: MainProcess                     : MainThread     : INFO    : create bridge log_pubsub
2019-02-13 22:51:57,575: re.session.two.jdakka.017940.0005: MainProcess                     : MainThread     : INFO    : created bridge log_pubsub (log.pubsub.bridge.0000)
2019-02-13 22:51:57,576: re.session.two.jdakka.017940.0005: MainProcess                     : MainThread     : DEBUG   : start components: {u'UpdateWorker': {u'count': 1}}
2019-02-13 22:51:57,576: re.session.two.jdakka.017940.0005: MainProcess                     : MainThread     : DEBUG   : start 1 component(s) UpdateWorker
2019-02-13 22:51:58,582: re.session.two.jdakka.017940.0005: MainProcess                     : MainThread     : INFO    : re.session.two.jdakka.017940.0005 starts update.0
2019-02-13 22:51:58,582: re.session.two.jdakka.017940.0005: MainProcess                     : MainThread     : INFO    : radical.pilot version: 0.50.21-v0.50.21-13-g2e09597e@master
2019-02-13 22:51:58,582: re.session.two.jdakka.017940.0005: MainProcess                     : MainThread     : INFO    : radical.saga  version: 0.50.5-v0.50.5-13-gbce909be@master
2019-02-13 22:51:58,582: re.session.two.jdakka.017940.0005: MainProcess                     : MainThread     : INFO    : radical.utils version: 0.50.3-v0.50.3@master
2019-02-13 22:51:59,291: re.session.two.jdakka.017940.0005: MainProcess                     : MainThread     : DEBUG   : get rcfg 1 for xsede.bridges (None)
2019-02-13 22:51:59,291: re.session.two.jdakka.017940.0005: MainProcess                     : MainThread     : DEBUG   : get rcfg 2 for xsede.bridges (None)
2019-02-13 22:51:59,292: re.session.two.jdakka.017940.0005: MainProcess                     : MainThread     : DEBUG   : get rcfg 1 for xsede.bridges (None)
2019-02-13 22:51:59,292: re.session.two.jdakka.017940.0005: MainProcess                     : MainThread     : DEBUG   : get rcfg 2 for xsede.bridges (None)
2019-02-13 22:51:59,292: re.session.two.jdakka.017940.0005: MainProcess                     : MainThread     : DEBUG   : rsup.PTYShell('gsissh://bridges.psc.xsede.org:2222/')
2019-02-13 22:52:03,472: re.session.two.jdakka.017940.0005: MainProcess                     : MainThread     : DEBUG   : sandbox base gsissh://bridges.psc.xsede.org:2222/: '/pylon5/mc3bggp/dakka'
2019-02-13 22:52:03,666: re.session.two.jdakka.017940.0005: MainProcess                     : MainThread     : DEBUG   : bulk pilot insert result: {'nModified': 0, 'nUpserted': 0, 'nMatched': 0, 'writeErrors': [], 'upserted': [], 'writeConcernErrors': [], 'nRemoved': 0, 'nInserted': 1}
2019-02-13 22:52:03,671: re.session.two.jdakka.017940.0005: pmgr.0000.launching.0           : MainThread     : DEBUG   : get rcfg 1 for xsede.bridges (None)
2019-02-13 22:52:03,671: re.session.two.jdakka.017940.0005: pmgr.0000.launching.0           : MainThread     : DEBUG   : get rcfg 2 for xsede.bridges (None)
2019-02-13 22:52:03,676: re.session.two.jdakka.017940.0005: pmgr.0000.launching.0           : MainThread     : DEBUG   : get rcfg 1 for xsede.bridges (None)
2019-02-13 22:52:03,677: re.session.two.jdakka.017940.0005: pmgr.0000.launching.0           : MainThread     : DEBUG   : get rcfg 2 for xsede.bridges (None)
2019-02-13 22:52:03,677: re.session.two.jdakka.017940.0005: pmgr.0000.launching.0           : MainThread     : DEBUG   : rsup.PTYShell('gsissh://bridges.psc.xsede.org:2222/')
2019-02-13 22:52:05,208: re.session.two.jdakka.017940.0005: pmgr.0000.launching.0           : MainThread     : DEBUG   : sandbox base gsissh://bridges.psc.xsede.org:2222/: '/pylon5/mc3bggp/dakka'
2019-02-14 06:47:05,641: re.session.two.jdakka.017940.0005: task-manager                    : Thread-1       : DEBUG   : bulk unit insert result: {'nModified': 0, 'nUpserted': 0, 'nMatched': 0, 'writeErrors': [], 'upserted': [], 'writeConcernErrors': [], 'nRemoved': 0, 'nInserted': 28}
2019-02-14 08:48:25,556: re.session.two.jdakka.017940.0005: MainProcess                     : MainThread     : DEBUG   : session re.session.two.jdakka.017940.0005 closing
2019-02-14 08:48:25,556: re.session.two.jdakka.017940.0005: MainProcess                     : MainThread     : DEBUG   : session re.session.two.jdakka.017940.0005 closes pmgr   pmgr.0000
2019-02-14 08:48:28,747: re.session.two.jdakka.017940.0005: MainProcess                     : MainThread     : DEBUG   : session re.session.two.jdakka.017940.0005 closed pmgr   pmgr.0000
2019-02-14 08:48:28,748: re.session.two.jdakka.017940.0005: MainProcess                     : MainThread     : DEBUG   : session re.session.two.jdakka.017940.0005 closes comp   update.0
2019-02-14 08:48:28,748: re.session.two.jdakka.017940.0005: MainProcess                     : MainThread     : DEBUG   : update.0 stop called
2019-02-14 08:48:28,817: re.session.two.jdakka.017940.0005: update.0                        : MainThread     : DEBUG   : update.0.child stop called
2019-02-14 08:48:29,070: re.session.two.jdakka.017940.0005: update.0                        : MainThread     : DEBUG   : update.0.child stop called
2019-02-14 08:48:29,100: re.session.two.jdakka.017940.0005: MainProcess                     : MainThread     : DEBUG   : session re.session.two.jdakka.017940.0005 closed comp   update.0
2019-02-14 08:48:29,100: re.session.two.jdakka.017940.0005: MainProcess                     : MainThread     : DEBUG   : session re.session.two.jdakka.017940.0005 closes bridge control.pubsub.bridge.0000
2019-02-14 08:48:30,082: re.session.two.jdakka.017940.0005: MainProcess                     : MainThread     : DEBUG   : session re.session.two.jdakka.017940.0005 closed bridge control.pubsub.bridge.0000
2019-02-14 08:48:30,082: re.session.two.jdakka.017940.0005: MainProcess                     : MainThread     : DEBUG   : session re.session.two.jdakka.017940.0005 closes bridge state.pubsub.bridge.0000
2019-02-14 08:48:31,114: re.session.two.jdakka.017940.0005: MainProcess                     : MainThread     : DEBUG   : session re.session.two.jdakka.017940.0005 closed bridge state.pubsub.bridge.0000
2019-02-14 08:48:31,115: re.session.two.jdakka.017940.0005: MainProcess                     : MainThread     : DEBUG   : session re.session.two.jdakka.017940.0005 closes bridge log.pubsub.bridge.0000
2019-02-14 08:48:32,047: re.session.two.jdakka.017940.0005: MainProcess                     : MainThread     : DEBUG   : session re.session.two.jdakka.017940.0005 closed bridge log.pubsub.bridge.0000
2019-02-14 08:48:32,048: re.session.two.jdakka.017940.0005: MainProcess                     : MainThread     : DEBUG   : session re.session.two.jdakka.017940.0005 closes db (False)
2019-02-14 08:48:32,137: re.session.two.jdakka.017940.0005: MainProcess                     : MainThread     : DEBUG   : session re.session.two.jdakka.017940.0005 closed (delete=False)
2019-02-14 08:48:32,207: re.session.two.jdakka.017940.0005: MainProcess                     : MainThread     : DEBUG   : update.0 stop called
2019-02-14 08:48:32,211: re.session.two.jdakka.017940.0005: MainProcess                     : MainThread     : DEBUG   : start download
2019-02-14 08:48:33,877: re.session.two.jdakka.017940.0005: MainProcess                     : MainThread     : INFO    : session written to /home/jdakka/hyperspace-htbac/microscope/hyperspace/microscope/re.session.two.jdakka.017940.0005/re.session.two.jdakka.017940.0005.json
2019-02-14 08:48:34,664: re.session.two.jdakka.017940.0005: MainProcess                     : MainThread     : DEBUG   : Session: re.session.two.jdakka.017940.0005
2019-02-14 08:48:34,664: re.session.two.jdakka.017940.0005: MainProcess                     : MainThread     : DEBUG   : Number of pilots in session: 1
2019-02-14 08:48:34,664: re.session.two.jdakka.017940.0005: MainProcess                     : MainThread     : DEBUG   : processing pilot 'pilot.0000'
2019-02-14 08:48:36,160: re.session.two.jdakka.017940.0005: MainProcess                     : MainThread     : INFO    : profiles tarball exists
2019-02-14 08:48:36,161: re.session.two.jdakka.017940.0005: MainProcess                     : MainThread     : INFO    : fetch 'gsisftp://bridges.psc.xsede.org:2222/pylon5/mc3bggp/dakka/radical.pilot.sandbox/re.session.two.jdakka.017940.0005/pilot.0000/pilot.0000.prof.tgz' to 'file://localhost/home/jdakka/hyperspace-htbac/microscope/hyperspace/microscope/re.session.two.jdakka.017940.0005/'.
2019-02-14 08:48:38,124: re.session.two.jdakka.017940.0005: MainProcess                     : MainThread     : INFO    : Extract tarball /home/jdakka/hyperspace-htbac/microscope/hyperspace/microscope/re.session.two.jdakka.017940.0005/pilot.0000.prof.tgz to '/home/jdakka/hyperspace-htbac/microscope/hyperspace/microscope/re.session.two.jdakka.017940.0005/'.
2019-02-14 08:48:38,833: re.session.two.jdakka.017940.0005: MainProcess                     : MainThread     : INFO    : Session: re.session.two.jdakka.017940.0005
2019-02-14 08:48:38,833: re.session.two.jdakka.017940.0005: MainProcess                     : MainThread     : INFO    : Number of pilots in session: 1
2019-02-14 08:48:39,468: re.session.two.jdakka.017940.0005: MainProcess                     : MainThread     : INFO    : logfiles tarball exists
2019-02-14 08:48:39,468: re.session.two.jdakka.017940.0005: MainProcess                     : MainThread     : INFO    : Fetching 'gsisftp://bridges.psc.xsede.org:2222/pylon5/mc3bggp/dakka/radical.pilot.sandbox/re.session.two.jdakka.017940.0005/pilot.0000/pilot.0000.log.tgz' to 'file://localhost/home/jdakka/hyperspace-htbac/microscope/hyperspace/microscope/re.session.two.jdakka.017940.0005/'.
2019-02-14 08:48:41,957: re.session.two.jdakka.017940.0005: MainProcess                     : MainThread     : DEBUG   : Extract tarball /home/jdakka/hyperspace-htbac/microscope/hyperspace/microscope/re.session.two.jdakka.017940.0005/pilot.0000.log.tgz to /home/jdakka/hyperspace-htbac/microscope/hyperspace/microscope/re.session.two.jdakka.017940.0005/
2019-02-14 08:48:41,976: re.session.two.jdakka.017940.0005: MainProcess                     : MainThread     : INFO    : tarball /home/jdakka/hyperspace-htbac/microscope/hyperspace/microscope/re.session.two.jdakka.017940.0005/pilot.0000.log.tgz extracted to '/home/jdakka/hyperspace-htbac/microscope/hyperspace/microscope/re.session.two.jdakka.017940.0005//pilot.0000/'.
