2019-02-14 06:47:04,171: umgr.0000.staging.input.0.child: umgr.0000.staging.input.0       : Thread-1       : INFO    : python.interpreter   version: 2.7.12 (default, Nov 12 2018, 14:36:49) [GCC 5.4.0 20160609]
2019-02-14 06:47:04,171: umgr.0000.staging.input.0.child: umgr.0000.staging.input.0       : Thread-1       : INFO    :                      pid/tid: 23859/Thread-1
2019-02-14 06:47:04,172: umgr.0000.staging.input.0.child: umgr.0000.staging.input.0       : Thread-1       : INFO    : initialize umgr.0000.staging.input.0.child
2019-02-14 06:47:04,174: umgr.0000.staging.input.0.child: umgr.0000.staging.input.0       : Thread-1       : INFO    : cfg: {'agents': {},
 u'bridges': {u'control_pubsub': {'addr_in': 'tcp://138.201.86.166:41339',
                                  'addr_out': 'tcp://138.201.86.166:43036',
                                  u'bulk_size': 0,
                                  u'log_level': u'error',
                                  u'stall_hwm': 1},
              u'log_pubsub': {'addr_in': 'tcp://138.201.86.166:39343',
                              'addr_out': 'tcp://138.201.86.166:33062',
                              u'bulk_size': 0,
                              u'log_level': u'error',
                              u'stall_hwm': 1},
              u'state_pubsub': {'addr_in': 'tcp://138.201.86.166:34796',
                                'addr_out': 'tcp://138.201.86.166:45913',
                                u'bulk_size': 0,
                                u'log_level': u'error',
                                u'stall_hwm': 1},
              u'umgr_reschedule_pubsub': {'addr_in': 'tcp://138.201.86.166:34599',
                                          'addr_out': 'tcp://138.201.86.166:39908',
                                          u'bulk_size': 0,
                                          u'log_level': u'error',
                                          u'stall_hwm': 1},
              u'umgr_scheduling_queue': {'addr_in': 'tcp://138.201.86.166:42857',
                                         'addr_out': 'tcp://138.201.86.166:46784',
                                         u'bulk_size': 0,
                                         u'log_level': u'error',
                                         u'stall_hwm': 1},
              u'umgr_staging_input_queue': {'addr_in': 'tcp://138.201.86.166:42779',
                                            'addr_out': 'tcp://138.201.86.166:34395',
                                            u'bulk_size': 0,
                                            u'log_level': u'error',
                                            u'stall_hwm': 1},
              u'umgr_staging_output_queue': {'addr_in': 'tcp://138.201.86.166:42056',
                                             'addr_out': 'tcp://138.201.86.166:36855',
                                             u'bulk_size': 0,
                                             u'log_level': u'error',
                                             u'stall_hwm': 1},
              u'umgr_unschedule_pubsub': {'addr_in': 'tcp://138.201.86.166:33217',
                                          'addr_out': 'tcp://138.201.86.166:41039',
                                          u'bulk_size': 0,
                                          u'log_level': u'error',
                                          u'stall_hwm': 1}},
 u'bulk_collection_size': 100,
 u'bulk_collection_time': 1.0,
 'cname': u'UMGRStagingInputComponent',
 u'components': {},
 u'count': 1,
 u'db_poll_sleeptime': 1.0,
 'number': 0,
 'owner': 'umgr.0000',
 u'scheduler': u'round_robin',
 'uid': 'umgr.0000'}
2019-02-14 06:47:04,174: umgr.0000.staging.input.0.child: umgr.0000.staging.input.0       : Thread-1       : DEBUG   : start components: {}
2019-02-14 06:47:04,174: umgr.0000.staging.input.0.child: umgr.0000.staging.input.0       : Thread-1       : DEBUG   : alive check in term
2019-02-14 06:47:04,175: umgr.0000.staging.input.0.child: umgr.0000.staging.input.0       : Thread-1       : DEBUG   : START: umgr.0000.staging.input.0.child register publisher log_pubsub
2019-02-14 06:47:04,175: umgr.0000.staging.input.0.child: umgr.0000.staging.input.0       : Thread-1       : DEBUG   : using addr tcp://138.201.86.166:39343 for pubsub log_pubsub
2019-02-14 06:47:04,176: umgr.0000.staging.input.0.child: umgr.0000.staging.input.0       : Thread-1       : DEBUG   : registered publisher : log_pubsub : log.pubsub.pub.0003
2019-02-14 06:47:04,176: umgr.0000.staging.input.0.child: umgr.0000.staging.input.0       : Thread-1       : DEBUG   : alive check in term
2019-02-14 06:47:04,176: umgr.0000.staging.input.0.child: umgr.0000.staging.input.0       : Thread-1       : DEBUG   : START: umgr.0000.staging.input.0.child register publisher state_pubsub
2019-02-14 06:47:04,176: umgr.0000.staging.input.0.child: umgr.0000.staging.input.0       : Thread-1       : DEBUG   : using addr tcp://138.201.86.166:34796 for pubsub state_pubsub
2019-02-14 06:47:04,194: umgr.0000.staging.input.0.child: umgr.0000.staging.input.0       : Thread-1       : DEBUG   : registered publisher : state_pubsub : state.pubsub.pub.0003
2019-02-14 06:47:04,194: umgr.0000.staging.input.0.child: umgr.0000.staging.input.0       : Thread-1       : DEBUG   : alive check in term
2019-02-14 06:47:04,194: umgr.0000.staging.input.0.child: umgr.0000.staging.input.0       : Thread-1       : DEBUG   : START: umgr.0000.staging.input.0.child register publisher control_pubsub
2019-02-14 06:47:04,194: umgr.0000.staging.input.0.child: umgr.0000.staging.input.0       : Thread-1       : DEBUG   : using addr tcp://138.201.86.166:41339 for pubsub control_pubsub
2019-02-14 06:47:04,195: umgr.0000.staging.input.0.child: umgr.0000.staging.input.0       : Thread-1       : DEBUG   : registered publisher : control_pubsub : control.pubsub.pub.0003
2019-02-14 06:47:04,196: umgr.0000.staging.input.0.child: umgr.0000.staging.input.0       : Thread-1       : DEBUG   : alive check in term
2019-02-14 06:47:04,196: umgr.0000.staging.input.0.child: umgr.0000.staging.input.0       : Thread-1       : DEBUG   : START: umgr.0000.staging.input.0.child register subscriber umgr.0000.staging.input.0.child.subscriber._cancel_monitor_cb
2019-02-14 06:47:04,196: umgr.0000.staging.input.0.child: umgr.0000.staging.input.0       : Thread-1       : DEBUG   : using addr tcp://138.201.86.166:43036 for pubsub control_pubsub
2019-02-14 06:47:04,197: umgr.0000.staging.input.0.child: umgr.0000.staging.input.0       : Thread-1       : DEBUG   : parent name: umgr.0000.staging.input.0.child.subscriber._cancel_monitor_cb
2019-02-14 06:47:04,197: umgr.0000.staging.input.0.child: umgr.0000.staging.input.0       : Thread-1       : DEBUG   : start thread
2019-02-14 06:47:04,197: umgr.0000.staging.input.0.child: umgr.0000.staging.input.0       : umgr.0000.staging.input.0.child.subscriber._cancel_monitor_cb: DEBUG   : child name: umgr.0000.staging.input.0.child.subscriber._cancel_monitor_cb.thread
2019-02-14 06:47:04,197: umgr.0000.staging.input.0.child: umgr.0000.staging.input.0       : umgr.0000.staging.input.0.child.subscriber._cancel_monitor_cb: INFO    : child (me) initializing
2019-02-14 06:47:04,197: umgr.0000.staging.input.0.child: umgr.0000.staging.input.0       : umgr.0000.staging.input.0.child.subscriber._cancel_monitor_cb: DEBUG   : ru_initialize_common (NOOP)
2019-02-14 06:47:04,197: umgr.0000.staging.input.0.child: umgr.0000.staging.input.0       : umgr.0000.staging.input.0.child.subscriber._cancel_monitor_cb: DEBUG   : ru_initialize_child (NOOP)
2019-02-14 06:47:04,198: umgr.0000.staging.input.0.child: umgr.0000.staging.input.0       : umgr.0000.staging.input.0.child.subscriber._cancel_monitor_cb: INFO    : send alive
2019-02-14 06:47:04,198: umgr.0000.staging.input.0.child: umgr.0000.staging.input.0       : umgr.0000.staging.input.0.child.subscriber._cancel_monitor_cb: INFO    : put message: [umgr.0000.staging.input.0.child.subscriber._cancel_monitor_cb.thread] alive
2019-02-14 06:47:04,198: umgr.0000.staging.input.0.child: umgr.0000.staging.input.0       : Thread-1       : INFO    : get msg: alive
2019-02-14 06:47:04,198: umgr.0000.staging.input.0.child: umgr.0000.staging.input.0       : Thread-1       : DEBUG   : ru_initialize_common (NOOP)
2019-02-14 06:47:04,198: umgr.0000.staging.input.0.child: umgr.0000.staging.input.0       : Thread-1       : DEBUG   : ru_initialize_parent (NOOP)
2019-02-14 06:47:04,199: umgr.0000.staging.input.0.child: umgr.0000.staging.input.0       : Thread-1       : DEBUG   : child thread umgr.0000.staging.input.0.child.subscriber._cancel_monitor_cb started
2019-02-14 06:47:04,199: umgr.0000.staging.input.0.child: umgr.0000.staging.input.0       : Thread-1       : DEBUG   : umgr.0000.staging.input.0.child registered control_pubsub subscriber umgr.0000.staging.input.0.child.subscriber._cancel_monitor_cb
2019-02-14 06:47:04,199: umgr.0000.staging.input.0.child: umgr.0000.staging.input.0       : Thread-1       : DEBUG   : alive check in term
2019-02-14 06:47:04,199: umgr.0000.staging.input.0.child: umgr.0000.staging.input.0       : Thread-1       : DEBUG   : using addr tcp://138.201.86.166:34395 for input umgr_staging_input_queue
2019-02-14 06:47:04,200: umgr.0000.staging.input.0.child: umgr.0000.staging.input.0       : Thread-1       : DEBUG   : registered input umgr.0000.staging.input.0.child.work.UMGR_STAGING_INPUT_PENDING
2019-02-14 06:47:04,200: umgr.0000.staging.input.0.child: umgr.0000.staging.input.0       : Thread-1       : DEBUG   : START: umgr.0000.staging.input.0.child register input UMGR_STAGING_INPUT_PENDING: umgr.0000.staging.input.0.child.work.UMGR_STAGING_INPUT_PENDING
2019-02-14 06:47:04,200: umgr.0000.staging.input.0.child: umgr.0000.staging.input.0       : Thread-1       : DEBUG   : registered worker work [UMGR_STAGING_INPUT_PENDING]
2019-02-14 06:47:04,200: umgr.0000.staging.input.0.child: umgr.0000.staging.input.0       : Thread-1       : DEBUG   : alive check in term
2019-02-14 06:47:04,200: umgr.0000.staging.input.0.child: umgr.0000.staging.input.0       : Thread-1       : DEBUG   : START: umgr.0000.staging.input.0.child register output AGENT_STAGING_INPUT_PENDING
2019-02-14 06:47:04,200: umgr.0000.staging.input.0.child: umgr.0000.staging.input.0       : Thread-1       : DEBUG   : alive check in term
2019-02-14 06:47:04,200: umgr.0000.staging.input.0.child: umgr.0000.staging.input.0       : Thread-1       : DEBUG   : START: umgr.0000.staging.input.0.child register subscriber umgr.0000.staging.input.0.child.subscriber._base_command_cb
2019-02-14 06:47:04,200: umgr.0000.staging.input.0.child: umgr.0000.staging.input.0       : Thread-1       : DEBUG   : using addr tcp://138.201.86.166:43036 for pubsub control_pubsub
2019-02-14 06:47:04,201: umgr.0000.staging.input.0.child: umgr.0000.staging.input.0       : Thread-1       : DEBUG   : parent name: umgr.0000.staging.input.0.child.subscriber._base_command_cb
2019-02-14 06:47:04,202: umgr.0000.staging.input.0.child: umgr.0000.staging.input.0       : Thread-1       : DEBUG   : start thread
2019-02-14 06:47:04,202: umgr.0000.staging.input.0.child: umgr.0000.staging.input.0       : umgr.0000.staging.input.0.child.subscriber._base_command_cb: DEBUG   : child name: umgr.0000.staging.input.0.child.subscriber._base_command_cb.thread
2019-02-14 06:47:04,202: umgr.0000.staging.input.0.child: umgr.0000.staging.input.0       : umgr.0000.staging.input.0.child.subscriber._base_command_cb: INFO    : child (me) initializing
2019-02-14 06:47:04,202: umgr.0000.staging.input.0.child: umgr.0000.staging.input.0       : umgr.0000.staging.input.0.child.subscriber._base_command_cb: DEBUG   : ru_initialize_common (NOOP)
2019-02-14 06:47:04,202: umgr.0000.staging.input.0.child: umgr.0000.staging.input.0       : umgr.0000.staging.input.0.child.subscriber._base_command_cb: DEBUG   : ru_initialize_child (NOOP)
2019-02-14 06:47:04,202: umgr.0000.staging.input.0.child: umgr.0000.staging.input.0       : umgr.0000.staging.input.0.child.subscriber._base_command_cb: INFO    : send alive
2019-02-14 06:47:04,202: umgr.0000.staging.input.0.child: umgr.0000.staging.input.0       : umgr.0000.staging.input.0.child.subscriber._base_command_cb: INFO    : put message: [umgr.0000.staging.input.0.child.subscriber._base_command_cb.thread] alive
2019-02-14 06:47:04,203: umgr.0000.staging.input.0.child: umgr.0000.staging.input.0       : Thread-1       : INFO    : get msg: alive
2019-02-14 06:47:04,203: umgr.0000.staging.input.0.child: umgr.0000.staging.input.0       : Thread-1       : DEBUG   : ru_initialize_common (NOOP)
2019-02-14 06:47:04,203: umgr.0000.staging.input.0.child: umgr.0000.staging.input.0       : Thread-1       : DEBUG   : ru_initialize_parent (NOOP)
2019-02-14 06:47:04,203: umgr.0000.staging.input.0.child: umgr.0000.staging.input.0       : Thread-1       : DEBUG   : child thread umgr.0000.staging.input.0.child.subscriber._base_command_cb started
2019-02-14 06:47:04,203: umgr.0000.staging.input.0.child: umgr.0000.staging.input.0       : Thread-1       : DEBUG   : umgr.0000.staging.input.0.child registered control_pubsub subscriber umgr.0000.staging.input.0.child.subscriber._base_command_cb
2019-02-14 06:47:04,203: umgr.0000.staging.input.0.child: umgr.0000.staging.input.0       : Thread-1       : INFO    : child (me) initializing
2019-02-14 06:47:04,203: umgr.0000.staging.input.0.child: umgr.0000.staging.input.0       : Thread-1       : DEBUG   : parent name: umgr.0000.staging.input.0.child.watch
2019-02-14 06:47:04,203: umgr.0000.staging.input.0.child: umgr.0000.staging.input.0       : Thread-1       : DEBUG   : start thread
2019-02-14 06:47:04,203: umgr.0000.staging.input.0.child: umgr.0000.staging.input.0       : umgr.0000.staging.input.0.child.watch: DEBUG   : child name: umgr.0000.staging.input.0.child.watch.thread
2019-02-14 06:47:04,203: umgr.0000.staging.input.0.child: umgr.0000.staging.input.0       : umgr.0000.staging.input.0.child.watch: INFO    : child (me) initializing
2019-02-14 06:47:04,204: umgr.0000.staging.input.0.child: umgr.0000.staging.input.0       : umgr.0000.staging.input.0.child.watch: DEBUG   : ru_initialize_common (NOOP)
2019-02-14 06:47:04,204: umgr.0000.staging.input.0.child: umgr.0000.staging.input.0       : umgr.0000.staging.input.0.child.watch: DEBUG   : ru_initialize_child (NOOP)
2019-02-14 06:47:04,204: umgr.0000.staging.input.0.child: umgr.0000.staging.input.0       : umgr.0000.staging.input.0.child.watch: INFO    : send alive
2019-02-14 06:47:04,204: umgr.0000.staging.input.0.child: umgr.0000.staging.input.0       : umgr.0000.staging.input.0.child.watch: INFO    : put message: [umgr.0000.staging.input.0.child.watch.thread] alive
2019-02-14 06:47:04,205: umgr.0000.staging.input.0.child: umgr.0000.staging.input.0       : Thread-1       : INFO    : get msg: alive
2019-02-14 06:47:04,205: umgr.0000.staging.input.0.child: umgr.0000.staging.input.0       : Thread-1       : DEBUG   : ru_initialize_common (NOOP)
2019-02-14 06:47:04,205: umgr.0000.staging.input.0.child: umgr.0000.staging.input.0       : Thread-1       : DEBUG   : ru_initialize_parent (NOOP)
2019-02-14 06:47:04,205: umgr.0000.staging.input.0.child: umgr.0000.staging.input.0       : Thread-1       : DEBUG   : child thread umgr.0000.staging.input.0.child.watch started
2019-02-14 06:47:04,205: umgr.0000.staging.input.0.child: umgr.0000.staging.input.0       : Thread-1       : INFO    : child (me) is alive
2019-02-14 06:47:04,205: umgr.0000.staging.input.0.child: umgr.0000.staging.input.0       : Thread-1       : INFO    : send alive
2019-02-14 06:47:04,205: umgr.0000.staging.input.0.child: umgr.0000.staging.input.0       : Thread-1       : INFO    : send message: [umgr.0000.staging.input.0.child] alive
2019-02-14 06:47:05,303: umgr.0000.staging.input.0.child: umgr.0000.staging.input.0       : umgr.0000.staging.input.0.child.subscriber._cancel_monitor_cb: DEBUG   : command ignored: add_pilots
2019-02-14 06:47:05,303: umgr.0000.staging.input.0.child: umgr.0000.staging.input.0       : umgr.0000.staging.input.0.child.subscriber._base_command_cb: DEBUG   : add pilot pilot.0000
2019-02-14 06:47:05,650: umgr.0000.staging.input.0.child: umgr.0000.staging.input.0       : Thread-1       : DEBUG   : got unit (unit.000000)
2019-02-14 06:47:05,650: umgr.0000.staging.input.0.child: umgr.0000.staging.input.0       : Thread-1       : DEBUG   : got unit (unit.000001)
2019-02-14 06:47:05,650: umgr.0000.staging.input.0.child: umgr.0000.staging.input.0       : Thread-1       : DEBUG   : got unit (unit.000002)
2019-02-14 06:47:05,650: umgr.0000.staging.input.0.child: umgr.0000.staging.input.0       : Thread-1       : DEBUG   : got unit (unit.000003)
2019-02-14 06:47:05,650: umgr.0000.staging.input.0.child: umgr.0000.staging.input.0       : Thread-1       : DEBUG   : got unit (unit.000004)
2019-02-14 06:47:05,650: umgr.0000.staging.input.0.child: umgr.0000.staging.input.0       : Thread-1       : DEBUG   : got unit (unit.000005)
2019-02-14 06:47:05,650: umgr.0000.staging.input.0.child: umgr.0000.staging.input.0       : Thread-1       : DEBUG   : got unit (unit.000006)
2019-02-14 06:47:05,650: umgr.0000.staging.input.0.child: umgr.0000.staging.input.0       : Thread-1       : DEBUG   : got unit (unit.000007)
2019-02-14 06:47:05,651: umgr.0000.staging.input.0.child: umgr.0000.staging.input.0       : Thread-1       : DEBUG   : got unit (unit.000008)
2019-02-14 06:47:05,651: umgr.0000.staging.input.0.child: umgr.0000.staging.input.0       : Thread-1       : DEBUG   : got unit (unit.000009)
2019-02-14 06:47:05,651: umgr.0000.staging.input.0.child: umgr.0000.staging.input.0       : Thread-1       : DEBUG   : got unit (unit.000010)
2019-02-14 06:47:05,651: umgr.0000.staging.input.0.child: umgr.0000.staging.input.0       : Thread-1       : DEBUG   : got unit (unit.000011)
2019-02-14 06:47:05,651: umgr.0000.staging.input.0.child: umgr.0000.staging.input.0       : Thread-1       : DEBUG   : got unit (unit.000012)
2019-02-14 06:47:05,651: umgr.0000.staging.input.0.child: umgr.0000.staging.input.0       : Thread-1       : DEBUG   : got unit (unit.000013)
2019-02-14 06:47:05,651: umgr.0000.staging.input.0.child: umgr.0000.staging.input.0       : Thread-1       : DEBUG   : got unit (unit.000014)
2019-02-14 06:47:05,651: umgr.0000.staging.input.0.child: umgr.0000.staging.input.0       : Thread-1       : DEBUG   : got unit (unit.000015)
2019-02-14 06:47:05,651: umgr.0000.staging.input.0.child: umgr.0000.staging.input.0       : Thread-1       : DEBUG   : got unit (unit.000016)
2019-02-14 06:47:05,651: umgr.0000.staging.input.0.child: umgr.0000.staging.input.0       : Thread-1       : DEBUG   : got unit (unit.000017)
2019-02-14 06:47:05,651: umgr.0000.staging.input.0.child: umgr.0000.staging.input.0       : Thread-1       : DEBUG   : got unit (unit.000018)
2019-02-14 06:47:05,651: umgr.0000.staging.input.0.child: umgr.0000.staging.input.0       : Thread-1       : DEBUG   : got unit (unit.000019)
2019-02-14 06:47:05,651: umgr.0000.staging.input.0.child: umgr.0000.staging.input.0       : Thread-1       : DEBUG   : got unit (unit.000020)
2019-02-14 06:47:05,651: umgr.0000.staging.input.0.child: umgr.0000.staging.input.0       : Thread-1       : DEBUG   : got unit (unit.000021)
2019-02-14 06:47:05,651: umgr.0000.staging.input.0.child: umgr.0000.staging.input.0       : Thread-1       : DEBUG   : got unit (unit.000022)
2019-02-14 06:47:05,651: umgr.0000.staging.input.0.child: umgr.0000.staging.input.0       : Thread-1       : DEBUG   : got unit (unit.000023)
2019-02-14 06:47:05,651: umgr.0000.staging.input.0.child: umgr.0000.staging.input.0       : Thread-1       : DEBUG   : got unit (unit.000024)
2019-02-14 06:47:05,651: umgr.0000.staging.input.0.child: umgr.0000.staging.input.0       : Thread-1       : DEBUG   : got unit (unit.000025)
2019-02-14 06:47:05,651: umgr.0000.staging.input.0.child: umgr.0000.staging.input.0       : Thread-1       : DEBUG   : got unit (unit.000026)
2019-02-14 06:47:05,651: umgr.0000.staging.input.0.child: umgr.0000.staging.input.0       : Thread-1       : DEBUG   : got unit (unit.000027)
2019-02-14 06:47:05,651: umgr.0000.staging.input.0.child: umgr.0000.staging.input.0       : Thread-1       : DEBUG   : advance bulk size: 28 [False, True]
2019-02-14 06:47:05,652: umgr.0000.staging.input.0.child: umgr.0000.staging.input.0       : Thread-1       : DEBUG   : === tar 28 sboxes
2019-02-14 06:47:06,777: umgr.0000.staging.input.0.child: umgr.0000.staging.input.0       : Thread-1       : DEBUG   : sbox: gsisftp://bridges.psc.xsede.org:2222/pylon5/mc3bggp/dakka/radical.pilot.sandbox/re.session.two.jdakka.017940.0005 [<class 'saga.url.Url'>]
2019-02-14 06:47:06,777: umgr.0000.staging.input.0.child: umgr.0000.staging.input.0       : Thread-1       : DEBUG   : copy: file://localhost//tmp/rp_agent_tar_dirKTesEv/re.session.two.jdakka.017940.0005.umgr.0000.staging.input.0.child.tar -> gsisftp://bridges.psc.xsede.org:2222/pylon5/mc3bggp/dakka/radical.pilot.sandbox/re.session.two.jdakka.017940.0005/re.session.two.jdakka.017940.0005.umgr.0000.staging.input.0.child.tar
2019-02-14 06:47:11,139: umgr.0000.staging.input.0.child: umgr.0000.staging.input.0       : Thread-1       : DEBUG   : js  : gsissh://bridges.psc.xsede.org:2222/
2019-02-14 06:47:18,757: umgr.0000.staging.input.0.child: umgr.0000.staging.input.0       : Thread-1       : DEBUG   : untar : tar xvf /pylon5/mc3bggp/dakka/radical.pilot.sandbox/re.session.two.jdakka.017940.0005/re.session.two.jdakka.017940.0005.umgr.0000.staging.input.0.child.tar -C /pylon5/mc3bggp/dakka/radical.pilot.sandbox/re.session.two.jdakka.017940.0005
2019-02-14 06:47:19,404: umgr.0000.staging.input.0.child: umgr.0000.staging.input.0       : Thread-1       : DEBUG   : untar : pilot.0000//unit.000000/
pilot.0000//unit.000001/
pilot.0000//unit.000002/
pilot.0000//unit.000003/
pilot.0000//unit.000004/
pilot.0000//unit.000005/
pilot.0000//unit.000006/
pilot.0000//unit.000007/
pilot.0000//unit.000008/
pilot.0000//unit.000009/
pilot.0000//unit.000010/
pilot.0000//unit.000011/
pilot.0000//unit.000012/
pilot.0000//unit.000013/
pilot.0000//unit.000014/
pilot.0000//unit.000015/
pilot.0000//unit.000016/
pilot.0000//unit.000017/
pilot.0000//unit.000018/
pilot.0000//unit.000019/
pilot.0000//unit.000020/
pilot.0000//unit.000021/
pilot.0000//unit.000022/
pilot.0000//unit.000023/
pilot.0000//unit.000024/
pilot.0000//unit.000025/
pilot.0000//unit.000026/
pilot.0000//unit.000027/

---

---
0
2019-02-14 06:47:19,404: umgr.0000.staging.input.0.child: umgr.0000.staging.input.0       : Thread-1       : DEBUG   : advance bulk size: 28 [True, True]
2019-02-14 06:47:19,405: umgr.0000.staging.input.0.child: umgr.0000.staging.input.0       : Thread-1       : DEBUG   : drop  unit.000000 [AGENT_STAGING_INPUT_PENDING]
2019-02-14 06:47:19,405: umgr.0000.staging.input.0.child: umgr.0000.staging.input.0       : Thread-1       : DEBUG   : drop  unit.000001 [AGENT_STAGING_INPUT_PENDING]
2019-02-14 06:47:19,405: umgr.0000.staging.input.0.child: umgr.0000.staging.input.0       : Thread-1       : DEBUG   : drop  unit.000002 [AGENT_STAGING_INPUT_PENDING]
2019-02-14 06:47:19,405: umgr.0000.staging.input.0.child: umgr.0000.staging.input.0       : Thread-1       : DEBUG   : drop  unit.000003 [AGENT_STAGING_INPUT_PENDING]
2019-02-14 06:47:19,405: umgr.0000.staging.input.0.child: umgr.0000.staging.input.0       : Thread-1       : DEBUG   : drop  unit.000004 [AGENT_STAGING_INPUT_PENDING]
2019-02-14 06:47:19,405: umgr.0000.staging.input.0.child: umgr.0000.staging.input.0       : Thread-1       : DEBUG   : drop  unit.000005 [AGENT_STAGING_INPUT_PENDING]
2019-02-14 06:47:19,405: umgr.0000.staging.input.0.child: umgr.0000.staging.input.0       : Thread-1       : DEBUG   : drop  unit.000006 [AGENT_STAGING_INPUT_PENDING]
2019-02-14 06:47:19,405: umgr.0000.staging.input.0.child: umgr.0000.staging.input.0       : Thread-1       : DEBUG   : drop  unit.000007 [AGENT_STAGING_INPUT_PENDING]
2019-02-14 06:47:19,405: umgr.0000.staging.input.0.child: umgr.0000.staging.input.0       : Thread-1       : DEBUG   : drop  unit.000008 [AGENT_STAGING_INPUT_PENDING]
2019-02-14 06:47:19,405: umgr.0000.staging.input.0.child: umgr.0000.staging.input.0       : Thread-1       : DEBUG   : drop  unit.000009 [AGENT_STAGING_INPUT_PENDING]
2019-02-14 06:47:19,405: umgr.0000.staging.input.0.child: umgr.0000.staging.input.0       : Thread-1       : DEBUG   : drop  unit.000010 [AGENT_STAGING_INPUT_PENDING]
2019-02-14 06:47:19,405: umgr.0000.staging.input.0.child: umgr.0000.staging.input.0       : Thread-1       : DEBUG   : drop  unit.000011 [AGENT_STAGING_INPUT_PENDING]
2019-02-14 06:47:19,405: umgr.0000.staging.input.0.child: umgr.0000.staging.input.0       : Thread-1       : DEBUG   : drop  unit.000012 [AGENT_STAGING_INPUT_PENDING]
2019-02-14 06:47:19,405: umgr.0000.staging.input.0.child: umgr.0000.staging.input.0       : Thread-1       : DEBUG   : drop  unit.000013 [AGENT_STAGING_INPUT_PENDING]
2019-02-14 06:47:19,405: umgr.0000.staging.input.0.child: umgr.0000.staging.input.0       : Thread-1       : DEBUG   : drop  unit.000014 [AGENT_STAGING_INPUT_PENDING]
2019-02-14 06:47:19,405: umgr.0000.staging.input.0.child: umgr.0000.staging.input.0       : Thread-1       : DEBUG   : drop  unit.000015 [AGENT_STAGING_INPUT_PENDING]
2019-02-14 06:47:19,405: umgr.0000.staging.input.0.child: umgr.0000.staging.input.0       : Thread-1       : DEBUG   : drop  unit.000016 [AGENT_STAGING_INPUT_PENDING]
2019-02-14 06:47:19,405: umgr.0000.staging.input.0.child: umgr.0000.staging.input.0       : Thread-1       : DEBUG   : drop  unit.000017 [AGENT_STAGING_INPUT_PENDING]
2019-02-14 06:47:19,406: umgr.0000.staging.input.0.child: umgr.0000.staging.input.0       : Thread-1       : DEBUG   : drop  unit.000018 [AGENT_STAGING_INPUT_PENDING]
2019-02-14 06:47:19,406: umgr.0000.staging.input.0.child: umgr.0000.staging.input.0       : Thread-1       : DEBUG   : drop  unit.000019 [AGENT_STAGING_INPUT_PENDING]
2019-02-14 06:47:19,406: umgr.0000.staging.input.0.child: umgr.0000.staging.input.0       : Thread-1       : DEBUG   : drop  unit.000020 [AGENT_STAGING_INPUT_PENDING]
2019-02-14 06:47:19,406: umgr.0000.staging.input.0.child: umgr.0000.staging.input.0       : Thread-1       : DEBUG   : drop  unit.000021 [AGENT_STAGING_INPUT_PENDING]
2019-02-14 06:47:19,406: umgr.0000.staging.input.0.child: umgr.0000.staging.input.0       : Thread-1       : DEBUG   : drop  unit.000022 [AGENT_STAGING_INPUT_PENDING]
2019-02-14 06:47:19,406: umgr.0000.staging.input.0.child: umgr.0000.staging.input.0       : Thread-1       : DEBUG   : drop  unit.000023 [AGENT_STAGING_INPUT_PENDING]
2019-02-14 06:47:19,406: umgr.0000.staging.input.0.child: umgr.0000.staging.input.0       : Thread-1       : DEBUG   : drop  unit.000024 [AGENT_STAGING_INPUT_PENDING]
2019-02-14 06:47:19,406: umgr.0000.staging.input.0.child: umgr.0000.staging.input.0       : Thread-1       : DEBUG   : drop  unit.000025 [AGENT_STAGING_INPUT_PENDING]
2019-02-14 06:47:19,406: umgr.0000.staging.input.0.child: umgr.0000.staging.input.0       : Thread-1       : DEBUG   : drop  unit.000026 [AGENT_STAGING_INPUT_PENDING]
2019-02-14 06:47:19,406: umgr.0000.staging.input.0.child: umgr.0000.staging.input.0       : Thread-1       : DEBUG   : drop  unit.000027 [AGENT_STAGING_INPUT_PENDING]
2019-02-14 08:47:42,209: umgr.0000.staging.input.0.child: umgr.0000.staging.input.0       : Thread-1       : DEBUG   : TERM : umgr.0000.staging.input.0.child unregister subscriber umgr.0000.staging.input.0.child.subscriber._base_command_cb
2019-02-14 08:47:42,210: umgr.0000.staging.input.0.child: umgr.0000.staging.input.0       : Thread-1       : DEBUG   : unregistered subscriber umgr.0000.staging.input.0.child.subscriber._base_command_cb
2019-02-14 08:47:42,414: umgr.0000.staging.input.0.child: umgr.0000.staging.input.0       : Thread-1       : DEBUG   : ru_finalize_common()
2019-02-14 08:47:42,414: umgr.0000.staging.input.0.child: umgr.0000.staging.input.0       : Thread-1       : DEBUG   : TERM : umgr.0000.staging.input.0.child unregister publisher log_pubsub
2019-02-14 08:47:42,416: umgr.0000.staging.input.0.child: umgr.0000.staging.input.0       : Thread-1       : DEBUG   : unregistered publisher log_pubsub
2019-02-14 08:47:42,416: umgr.0000.staging.input.0.child: umgr.0000.staging.input.0       : Thread-1       : DEBUG   : TERM : umgr.0000.staging.input.0.child unregister publisher state_pubsub
2019-02-14 08:47:42,418: umgr.0000.staging.input.0.child: umgr.0000.staging.input.0       : Thread-1       : DEBUG   : unregistered publisher state_pubsub
2019-02-14 08:47:42,418: umgr.0000.staging.input.0.child: umgr.0000.staging.input.0       : Thread-1       : DEBUG   : TERM : umgr.0000.staging.input.0.child unregister publisher control_pubsub
2019-02-14 08:47:42,419: umgr.0000.staging.input.0.child: umgr.0000.staging.input.0       : Thread-1       : DEBUG   : unregistered publisher control_pubsub
2019-02-14 08:47:42,419: umgr.0000.staging.input.0.child: umgr.0000.staging.input.0       : Thread-1       : DEBUG   : umgr.0000.staging.input.0.child close prof
2019-02-14 08:47:42,536: umgr.0000.staging.input.0.child: umgr.0000.staging.input.0       : Thread-1       : INFO    : send message: [umgr.0000.staging.input.0.child] terminating
2019-02-14 08:47:42,604: umgr.0000.staging.input.0.child: umgr.0000.staging.input.0       : umgr.0000.staging.input.0.child.watch: INFO    : recv message: 
2019-02-14 08:47:42,604: umgr.0000.staging.input.0.child: umgr.0000.staging.input.0       : umgr.0000.staging.input.0.child.watch: INFO    : message received: 
2019-02-14 08:47:42,605: umgr.0000.staging.input.0.child: umgr.0000.staging.input.0       : umgr.0000.staging.input.0.child.watch: WARNING : no message, parent closed ep!
2019-02-14 08:47:42,605: umgr.0000.staging.input.0.child: umgr.0000.staging.input.0       : umgr.0000.staging.input.0.child.watch: INFO    : watcher closes
2019-02-14 08:47:42,605: umgr.0000.staging.input.0.child: umgr.0000.staging.input.0       : umgr.0000.staging.input.0.child.watch: INFO    : put message: [umgr.0000.staging.input.0.child.watch.thread] work finished
2019-02-14 08:47:42,605: umgr.0000.staging.input.0.child: umgr.0000.staging.input.0       : umgr.0000.staging.input.0.child.watch: DEBUG   : ru_finalize_child (NOOP)
2019-02-14 08:47:42,605: umgr.0000.staging.input.0.child: umgr.0000.staging.input.0       : umgr.0000.staging.input.0.child.watch: DEBUG   : ru_finalize_common (NOOP)
2019-02-14 08:47:42,605: umgr.0000.staging.input.0.child: umgr.0000.staging.input.0       : umgr.0000.staging.input.0.child.watch: INFO    : put message: [umgr.0000.staging.input.0.child.watch.thread] terminating
2019-02-14 08:47:42,650: umgr.0000.staging.input.0.child: umgr.0000.staging.input.0       : Thread-1       : INFO    : parent stops child
2019-02-14 08:47:42,650: umgr.0000.staging.input.0.child: umgr.0000.staging.input.0       : Thread-1       : DEBUG   : ru_finalize_parent (NOOP)
2019-02-14 08:47:42,651: umgr.0000.staging.input.0.child: umgr.0000.staging.input.0       : umgr.0000.staging.input.0.child.subscriber._base_command_cb: DEBUG   : ru_finalize_child (NOOP)
2019-02-14 08:47:42,651: umgr.0000.staging.input.0.child: umgr.0000.staging.input.0       : umgr.0000.staging.input.0.child.subscriber._base_command_cb: INFO    : put message: [umgr.0000.staging.input.0.child.subscriber._base_command_cb.thread] terminating
2019-02-14 08:47:42,652: umgr.0000.staging.input.0.child: umgr.0000.staging.input.0       : Thread-1       : INFO    : parent stops child
2019-02-14 08:47:42,652: umgr.0000.staging.input.0.child: umgr.0000.staging.input.0       : Thread-1       : DEBUG   : ru_finalize_parent (NOOP)
2019-02-14 08:47:42,652: umgr.0000.staging.input.0.child: umgr.0000.staging.input.0       : umgr.0000.staging.input.0.child.subscriber._cancel_monitor_cb: DEBUG   : ru_finalize_child (NOOP)
2019-02-14 08:47:42,653: umgr.0000.staging.input.0.child: umgr.0000.staging.input.0       : umgr.0000.staging.input.0.child.subscriber._cancel_monitor_cb: INFO    : put message: [umgr.0000.staging.input.0.child.subscriber._cancel_monitor_cb.thread] terminating
