2019-02-14 06:47:04,489: umgr.0000.scheduling.0.child: umgr.0000.scheduling.0          : Thread-1       : INFO    : python.interpreter   version: 2.7.12 (default, Nov 12 2018, 14:36:49) [GCC 5.4.0 20160609]
2019-02-14 06:47:04,489: umgr.0000.scheduling.0.child: umgr.0000.scheduling.0          : Thread-1       : INFO    :                      pid/tid: 23916/Thread-1
2019-02-14 06:47:04,489: umgr.0000.scheduling.0.child: umgr.0000.scheduling.0          : Thread-1       : INFO    : initialize umgr.0000.scheduling.0.child
2019-02-14 06:47:04,491: umgr.0000.scheduling.0.child: umgr.0000.scheduling.0          : Thread-1       : INFO    : cfg: {'agents': {},
 u'bridges': {u'control_pubsub': {'addr_in': 'tcp://138.201.86.166:41339',
                                  'addr_out': 'tcp://138.201.86.166:43036',
                                  u'bulk_size': 0,
                                  u'log_level': u'error',
                                  u'stall_hwm': 1},
              u'log_pubsub': {'addr_in': 'tcp://138.201.86.166:39343',
                              'addr_out': 'tcp://138.201.86.166:33062',
                              u'bulk_size': 0,
                              u'log_level': u'error',
                              u'stall_hwm': 1},
              u'state_pubsub': {'addr_in': 'tcp://138.201.86.166:34796',
                                'addr_out': 'tcp://138.201.86.166:45913',
                                u'bulk_size': 0,
                                u'log_level': u'error',
                                u'stall_hwm': 1},
              u'umgr_reschedule_pubsub': {'addr_in': 'tcp://138.201.86.166:34599',
                                          'addr_out': 'tcp://138.201.86.166:39908',
                                          u'bulk_size': 0,
                                          u'log_level': u'error',
                                          u'stall_hwm': 1},
              u'umgr_scheduling_queue': {'addr_in': 'tcp://138.201.86.166:42857',
                                         'addr_out': 'tcp://138.201.86.166:46784',
                                         u'bulk_size': 0,
                                         u'log_level': u'error',
                                         u'stall_hwm': 1},
              u'umgr_staging_input_queue': {'addr_in': 'tcp://138.201.86.166:42779',
                                            'addr_out': 'tcp://138.201.86.166:34395',
                                            u'bulk_size': 0,
                                            u'log_level': u'error',
                                            u'stall_hwm': 1},
              u'umgr_staging_output_queue': {'addr_in': 'tcp://138.201.86.166:42056',
                                             'addr_out': 'tcp://138.201.86.166:36855',
                                             u'bulk_size': 0,
                                             u'log_level': u'error',
                                             u'stall_hwm': 1},
              u'umgr_unschedule_pubsub': {'addr_in': 'tcp://138.201.86.166:33217',
                                          'addr_out': 'tcp://138.201.86.166:41039',
                                          u'bulk_size': 0,
                                          u'log_level': u'error',
                                          u'stall_hwm': 1}},
 u'bulk_collection_size': 100,
 u'bulk_collection_time': 1.0,
 'cname': u'UMGRSchedulingComponent',
 u'components': {},
 u'count': 1,
 u'db_poll_sleeptime': 1.0,
 'number': 0,
 'owner': 'umgr.0000',
 u'scheduler': u'round_robin',
 'uid': 'umgr.0000'}
2019-02-14 06:47:04,491: umgr.0000.scheduling.0.child: umgr.0000.scheduling.0          : Thread-1       : DEBUG   : start components: {}
2019-02-14 06:47:04,492: umgr.0000.scheduling.0.child: umgr.0000.scheduling.0          : Thread-1       : DEBUG   : alive check in term
2019-02-14 06:47:04,492: umgr.0000.scheduling.0.child: umgr.0000.scheduling.0          : Thread-1       : DEBUG   : START: umgr.0000.scheduling.0.child register publisher log_pubsub
2019-02-14 06:47:04,492: umgr.0000.scheduling.0.child: umgr.0000.scheduling.0          : Thread-1       : DEBUG   : using addr tcp://138.201.86.166:39343 for pubsub log_pubsub
2019-02-14 06:47:04,493: umgr.0000.scheduling.0.child: umgr.0000.scheduling.0          : Thread-1       : DEBUG   : registered publisher : log_pubsub : log.pubsub.pub.0005
2019-02-14 06:47:04,493: umgr.0000.scheduling.0.child: umgr.0000.scheduling.0          : Thread-1       : DEBUG   : alive check in term
2019-02-14 06:47:04,493: umgr.0000.scheduling.0.child: umgr.0000.scheduling.0          : Thread-1       : DEBUG   : START: umgr.0000.scheduling.0.child register publisher state_pubsub
2019-02-14 06:47:04,493: umgr.0000.scheduling.0.child: umgr.0000.scheduling.0          : Thread-1       : DEBUG   : using addr tcp://138.201.86.166:34796 for pubsub state_pubsub
2019-02-14 06:47:04,494: umgr.0000.scheduling.0.child: umgr.0000.scheduling.0          : Thread-1       : DEBUG   : registered publisher : state_pubsub : state.pubsub.pub.0005
2019-02-14 06:47:04,494: umgr.0000.scheduling.0.child: umgr.0000.scheduling.0          : Thread-1       : DEBUG   : alive check in term
2019-02-14 06:47:04,494: umgr.0000.scheduling.0.child: umgr.0000.scheduling.0          : Thread-1       : DEBUG   : START: umgr.0000.scheduling.0.child register publisher control_pubsub
2019-02-14 06:47:04,494: umgr.0000.scheduling.0.child: umgr.0000.scheduling.0          : Thread-1       : DEBUG   : using addr tcp://138.201.86.166:41339 for pubsub control_pubsub
2019-02-14 06:47:04,495: umgr.0000.scheduling.0.child: umgr.0000.scheduling.0          : Thread-1       : DEBUG   : registered publisher : control_pubsub : control.pubsub.pub.0005
2019-02-14 06:47:04,495: umgr.0000.scheduling.0.child: umgr.0000.scheduling.0          : Thread-1       : DEBUG   : alive check in term
2019-02-14 06:47:04,495: umgr.0000.scheduling.0.child: umgr.0000.scheduling.0          : Thread-1       : DEBUG   : START: umgr.0000.scheduling.0.child register subscriber umgr.0000.scheduling.0.child.subscriber._cancel_monitor_cb
2019-02-14 06:47:04,495: umgr.0000.scheduling.0.child: umgr.0000.scheduling.0          : Thread-1       : DEBUG   : using addr tcp://138.201.86.166:43036 for pubsub control_pubsub
2019-02-14 06:47:04,496: umgr.0000.scheduling.0.child: umgr.0000.scheduling.0          : Thread-1       : DEBUG   : parent name: umgr.0000.scheduling.0.child.subscriber._cancel_monitor_cb
2019-02-14 06:47:04,496: umgr.0000.scheduling.0.child: umgr.0000.scheduling.0          : Thread-1       : DEBUG   : start thread
2019-02-14 06:47:04,496: umgr.0000.scheduling.0.child: umgr.0000.scheduling.0          : umgr.0000.scheduling.0.child.subscriber._cancel_monitor_cb: DEBUG   : child name: umgr.0000.scheduling.0.child.subscriber._cancel_monitor_cb.thread
2019-02-14 06:47:04,496: umgr.0000.scheduling.0.child: umgr.0000.scheduling.0          : umgr.0000.scheduling.0.child.subscriber._cancel_monitor_cb: INFO    : child (me) initializing
2019-02-14 06:47:04,497: umgr.0000.scheduling.0.child: umgr.0000.scheduling.0          : umgr.0000.scheduling.0.child.subscriber._cancel_monitor_cb: DEBUG   : ru_initialize_common (NOOP)
2019-02-14 06:47:04,497: umgr.0000.scheduling.0.child: umgr.0000.scheduling.0          : umgr.0000.scheduling.0.child.subscriber._cancel_monitor_cb: DEBUG   : ru_initialize_child (NOOP)
2019-02-14 06:47:04,497: umgr.0000.scheduling.0.child: umgr.0000.scheduling.0          : umgr.0000.scheduling.0.child.subscriber._cancel_monitor_cb: INFO    : send alive
2019-02-14 06:47:04,497: umgr.0000.scheduling.0.child: umgr.0000.scheduling.0          : umgr.0000.scheduling.0.child.subscriber._cancel_monitor_cb: INFO    : put message: [umgr.0000.scheduling.0.child.subscriber._cancel_monitor_cb.thread] alive
2019-02-14 06:47:04,497: umgr.0000.scheduling.0.child: umgr.0000.scheduling.0          : Thread-1       : INFO    : get msg: alive
2019-02-14 06:47:04,497: umgr.0000.scheduling.0.child: umgr.0000.scheduling.0          : Thread-1       : DEBUG   : ru_initialize_common (NOOP)
2019-02-14 06:47:04,497: umgr.0000.scheduling.0.child: umgr.0000.scheduling.0          : Thread-1       : DEBUG   : ru_initialize_parent (NOOP)
2019-02-14 06:47:04,497: umgr.0000.scheduling.0.child: umgr.0000.scheduling.0          : Thread-1       : DEBUG   : child thread umgr.0000.scheduling.0.child.subscriber._cancel_monitor_cb started
2019-02-14 06:47:04,497: umgr.0000.scheduling.0.child: umgr.0000.scheduling.0          : Thread-1       : DEBUG   : umgr.0000.scheduling.0.child registered control_pubsub subscriber umgr.0000.scheduling.0.child.subscriber._cancel_monitor_cb
2019-02-14 06:47:04,497: umgr.0000.scheduling.0.child: umgr.0000.scheduling.0          : Thread-1       : DEBUG   : RoundRobin umgr scheduler configured
2019-02-14 06:47:04,497: umgr.0000.scheduling.0.child: umgr.0000.scheduling.0          : Thread-1       : DEBUG   : alive check in term
2019-02-14 06:47:04,497: umgr.0000.scheduling.0.child: umgr.0000.scheduling.0          : Thread-1       : DEBUG   : using addr tcp://138.201.86.166:46784 for input umgr_scheduling_queue
2019-02-14 06:47:04,498: umgr.0000.scheduling.0.child: umgr.0000.scheduling.0          : Thread-1       : DEBUG   : registered input umgr.0000.scheduling.0.child.work.UMGR_SCHEDULING_PENDING
2019-02-14 06:47:04,498: umgr.0000.scheduling.0.child: umgr.0000.scheduling.0          : Thread-1       : DEBUG   : START: umgr.0000.scheduling.0.child register input UMGR_SCHEDULING_PENDING: umgr.0000.scheduling.0.child.work.UMGR_SCHEDULING_PENDING
2019-02-14 06:47:04,498: umgr.0000.scheduling.0.child: umgr.0000.scheduling.0          : Thread-1       : DEBUG   : registered worker work [UMGR_SCHEDULING_PENDING]
2019-02-14 06:47:04,498: umgr.0000.scheduling.0.child: umgr.0000.scheduling.0          : Thread-1       : DEBUG   : alive check in term
2019-02-14 06:47:04,498: umgr.0000.scheduling.0.child: umgr.0000.scheduling.0          : Thread-1       : DEBUG   : START: umgr.0000.scheduling.0.child register output UMGR_STAGING_INPUT_PENDING
2019-02-14 06:47:04,498: umgr.0000.scheduling.0.child: umgr.0000.scheduling.0          : Thread-1       : DEBUG   : using addr tcp://138.201.86.166:42779 for output umgr_staging_input_queue
2019-02-14 06:47:04,499: umgr.0000.scheduling.0.child: umgr.0000.scheduling.0          : Thread-1       : DEBUG   : registered output    : UMGR_STAGING_INPUT_PENDING : umgr_staging_input_queue : umgr.staging.input.queue.input.0000
2019-02-14 06:47:04,499: umgr.0000.scheduling.0.child: umgr.0000.scheduling.0          : Thread-1       : DEBUG   : alive check in term
2019-02-14 06:47:04,500: umgr.0000.scheduling.0.child: umgr.0000.scheduling.0          : Thread-1       : DEBUG   : START: umgr.0000.scheduling.0.child register subscriber umgr.0000.scheduling.0.child.subscriber._base_state_cb
2019-02-14 06:47:04,500: umgr.0000.scheduling.0.child: umgr.0000.scheduling.0          : Thread-1       : DEBUG   : using addr tcp://138.201.86.166:45913 for pubsub state_pubsub
2019-02-14 06:47:04,501: umgr.0000.scheduling.0.child: umgr.0000.scheduling.0          : Thread-1       : DEBUG   : parent name: umgr.0000.scheduling.0.child.subscriber._base_state_cb
2019-02-14 06:47:04,501: umgr.0000.scheduling.0.child: umgr.0000.scheduling.0          : Thread-1       : DEBUG   : start thread
2019-02-14 06:47:04,501: umgr.0000.scheduling.0.child: umgr.0000.scheduling.0          : umgr.0000.scheduling.0.child.subscriber._base_state_cb: DEBUG   : child name: umgr.0000.scheduling.0.child.subscriber._base_state_cb.thread
2019-02-14 06:47:04,501: umgr.0000.scheduling.0.child: umgr.0000.scheduling.0          : umgr.0000.scheduling.0.child.subscriber._base_state_cb: INFO    : child (me) initializing
2019-02-14 06:47:04,501: umgr.0000.scheduling.0.child: umgr.0000.scheduling.0          : umgr.0000.scheduling.0.child.subscriber._base_state_cb: DEBUG   : ru_initialize_common (NOOP)
2019-02-14 06:47:04,501: umgr.0000.scheduling.0.child: umgr.0000.scheduling.0          : umgr.0000.scheduling.0.child.subscriber._base_state_cb: DEBUG   : ru_initialize_child (NOOP)
2019-02-14 06:47:04,501: umgr.0000.scheduling.0.child: umgr.0000.scheduling.0          : umgr.0000.scheduling.0.child.subscriber._base_state_cb: INFO    : send alive
2019-02-14 06:47:04,501: umgr.0000.scheduling.0.child: umgr.0000.scheduling.0          : umgr.0000.scheduling.0.child.subscriber._base_state_cb: INFO    : put message: [umgr.0000.scheduling.0.child.subscriber._base_state_cb.thread] alive
2019-02-14 06:47:04,502: umgr.0000.scheduling.0.child: umgr.0000.scheduling.0          : Thread-1       : INFO    : get msg: alive
2019-02-14 06:47:04,502: umgr.0000.scheduling.0.child: umgr.0000.scheduling.0          : Thread-1       : DEBUG   : ru_initialize_common (NOOP)
2019-02-14 06:47:04,502: umgr.0000.scheduling.0.child: umgr.0000.scheduling.0          : Thread-1       : DEBUG   : ru_initialize_parent (NOOP)
2019-02-14 06:47:04,502: umgr.0000.scheduling.0.child: umgr.0000.scheduling.0          : Thread-1       : DEBUG   : child thread umgr.0000.scheduling.0.child.subscriber._base_state_cb started
2019-02-14 06:47:04,502: umgr.0000.scheduling.0.child: umgr.0000.scheduling.0          : Thread-1       : DEBUG   : umgr.0000.scheduling.0.child registered state_pubsub subscriber umgr.0000.scheduling.0.child.subscriber._base_state_cb
2019-02-14 06:47:04,502: umgr.0000.scheduling.0.child: umgr.0000.scheduling.0          : Thread-1       : DEBUG   : alive check in term
2019-02-14 06:47:04,502: umgr.0000.scheduling.0.child: umgr.0000.scheduling.0          : Thread-1       : DEBUG   : START: umgr.0000.scheduling.0.child register subscriber umgr.0000.scheduling.0.child.subscriber._base_command_cb
2019-02-14 06:47:04,502: umgr.0000.scheduling.0.child: umgr.0000.scheduling.0          : Thread-1       : DEBUG   : using addr tcp://138.201.86.166:43036 for pubsub control_pubsub
2019-02-14 06:47:04,504: umgr.0000.scheduling.0.child: umgr.0000.scheduling.0          : Thread-1       : DEBUG   : parent name: umgr.0000.scheduling.0.child.subscriber._base_command_cb
2019-02-14 06:47:04,504: umgr.0000.scheduling.0.child: umgr.0000.scheduling.0          : Thread-1       : DEBUG   : start thread
2019-02-14 06:47:04,504: umgr.0000.scheduling.0.child: umgr.0000.scheduling.0          : umgr.0000.scheduling.0.child.subscriber._base_command_cb: DEBUG   : child name: umgr.0000.scheduling.0.child.subscriber._base_command_cb.thread
2019-02-14 06:47:04,504: umgr.0000.scheduling.0.child: umgr.0000.scheduling.0          : umgr.0000.scheduling.0.child.subscriber._base_command_cb: INFO    : child (me) initializing
2019-02-14 06:47:04,504: umgr.0000.scheduling.0.child: umgr.0000.scheduling.0          : umgr.0000.scheduling.0.child.subscriber._base_command_cb: DEBUG   : ru_initialize_common (NOOP)
2019-02-14 06:47:04,504: umgr.0000.scheduling.0.child: umgr.0000.scheduling.0          : umgr.0000.scheduling.0.child.subscriber._base_command_cb: DEBUG   : ru_initialize_child (NOOP)
2019-02-14 06:47:04,504: umgr.0000.scheduling.0.child: umgr.0000.scheduling.0          : umgr.0000.scheduling.0.child.subscriber._base_command_cb: INFO    : send alive
2019-02-14 06:47:04,504: umgr.0000.scheduling.0.child: umgr.0000.scheduling.0          : umgr.0000.scheduling.0.child.subscriber._base_command_cb: INFO    : put message: [umgr.0000.scheduling.0.child.subscriber._base_command_cb.thread] alive
2019-02-14 06:47:04,505: umgr.0000.scheduling.0.child: umgr.0000.scheduling.0          : Thread-1       : INFO    : get msg: alive
2019-02-14 06:47:04,505: umgr.0000.scheduling.0.child: umgr.0000.scheduling.0          : Thread-1       : DEBUG   : ru_initialize_common (NOOP)
2019-02-14 06:47:04,505: umgr.0000.scheduling.0.child: umgr.0000.scheduling.0          : Thread-1       : DEBUG   : ru_initialize_parent (NOOP)
2019-02-14 06:47:04,505: umgr.0000.scheduling.0.child: umgr.0000.scheduling.0          : Thread-1       : DEBUG   : child thread umgr.0000.scheduling.0.child.subscriber._base_command_cb started
2019-02-14 06:47:04,505: umgr.0000.scheduling.0.child: umgr.0000.scheduling.0          : Thread-1       : DEBUG   : umgr.0000.scheduling.0.child registered control_pubsub subscriber umgr.0000.scheduling.0.child.subscriber._base_command_cb
2019-02-14 06:47:04,505: umgr.0000.scheduling.0.child: umgr.0000.scheduling.0          : Thread-1       : INFO    : child (me) initializing
2019-02-14 06:47:04,505: umgr.0000.scheduling.0.child: umgr.0000.scheduling.0          : Thread-1       : DEBUG   : parent name: umgr.0000.scheduling.0.child.watch
2019-02-14 06:47:04,505: umgr.0000.scheduling.0.child: umgr.0000.scheduling.0          : Thread-1       : DEBUG   : start thread
2019-02-14 06:47:04,505: umgr.0000.scheduling.0.child: umgr.0000.scheduling.0          : umgr.0000.scheduling.0.child.watch: DEBUG   : child name: umgr.0000.scheduling.0.child.watch.thread
2019-02-14 06:47:04,506: umgr.0000.scheduling.0.child: umgr.0000.scheduling.0          : umgr.0000.scheduling.0.child.watch: INFO    : child (me) initializing
2019-02-14 06:47:04,506: umgr.0000.scheduling.0.child: umgr.0000.scheduling.0          : umgr.0000.scheduling.0.child.watch: DEBUG   : ru_initialize_common (NOOP)
2019-02-14 06:47:04,506: umgr.0000.scheduling.0.child: umgr.0000.scheduling.0          : umgr.0000.scheduling.0.child.watch: DEBUG   : ru_initialize_child (NOOP)
2019-02-14 06:47:04,506: umgr.0000.scheduling.0.child: umgr.0000.scheduling.0          : umgr.0000.scheduling.0.child.watch: INFO    : send alive
2019-02-14 06:47:04,506: umgr.0000.scheduling.0.child: umgr.0000.scheduling.0          : umgr.0000.scheduling.0.child.watch: INFO    : put message: [umgr.0000.scheduling.0.child.watch.thread] alive
2019-02-14 06:47:04,507: umgr.0000.scheduling.0.child: umgr.0000.scheduling.0          : Thread-1       : INFO    : get msg: alive
2019-02-14 06:47:04,507: umgr.0000.scheduling.0.child: umgr.0000.scheduling.0          : Thread-1       : DEBUG   : ru_initialize_common (NOOP)
2019-02-14 06:47:04,507: umgr.0000.scheduling.0.child: umgr.0000.scheduling.0          : Thread-1       : DEBUG   : ru_initialize_parent (NOOP)
2019-02-14 06:47:04,507: umgr.0000.scheduling.0.child: umgr.0000.scheduling.0          : Thread-1       : DEBUG   : child thread umgr.0000.scheduling.0.child.watch started
2019-02-14 06:47:04,507: umgr.0000.scheduling.0.child: umgr.0000.scheduling.0          : Thread-1       : INFO    : child (me) is alive
2019-02-14 06:47:04,507: umgr.0000.scheduling.0.child: umgr.0000.scheduling.0          : Thread-1       : INFO    : send alive
2019-02-14 06:47:04,507: umgr.0000.scheduling.0.child: umgr.0000.scheduling.0          : Thread-1       : INFO    : send message: [umgr.0000.scheduling.0.child] alive
2019-02-14 06:47:05,304: umgr.0000.scheduling.0.child: umgr.0000.scheduling.0          : umgr.0000.scheduling.0.child.subscriber._cancel_monitor_cb: DEBUG   : command ignored: add_pilots
2019-02-14 06:47:05,304: umgr.0000.scheduling.0.child: umgr.0000.scheduling.0          : umgr.0000.scheduling.0.child.subscriber._base_command_cb: INFO    : scheduler command: add_pilots: {'pilots': [{'resource_sandbox': 'gsisftp://bridges.psc.xsede.org:2222/pylon5/mc3bggp/dakka/radical.pilot.sandbox', 'resource_details': {'lm_detail': None, 'lm_info': None}, 'resource': 'xsede.bridges', 'uid': 'pilot.0000', 'pmgr': 'pmgr.0000', 'stdout': None, 'js_url': 'slurm+gsissh://bridges.psc.xsede.org:2222/', 'state': 'PMGR_ACTIVE', 'session': 're.session.two.jdakka.017940.0005', 'log': None, 'stderr': None, 'js_hop': 'gsissh://bridges.psc.xsede.org:2222/', 'client_sandbox': '/home/jdakka/hyperspace-htbac/microscope/hyperspace/microscope', 'type': 'pilot', 'pilot_sandbox': 'gsisftp://bridges.psc.xsede.org:2222/pylon5/mc3bggp/dakka/radical.pilot.sandbox/re.session.two.jdakka.017940.0005/pilot.0000/', 'description': {'queue': 'RM', 'resource': 'xsede.bridges', 'exit_on_error': False, 'candidate_hosts': None, 'project': 'mc3bggp', 'sandbox': None, 'cleanup': None, 'access_schema': 'gsissh', 'gpus': 0, 'memory': None, 'cores': 532, 'runtime': 130}}], 'umgr': 'umgr.0000'}
2019-02-14 06:47:05,304: umgr.0000.scheduling.0.child: umgr.0000.scheduling.0          : umgr.0000.scheduling.0.child.subscriber._base_command_cb: DEBUG   : added pilot: {'info': {}, 'state': None, 'role': 'added', 'pilot': {'resource_sandbox': 'gsisftp://bridges.psc.xsede.org:2222/pylon5/mc3bggp/dakka/radical.pilot.sandbox', 'resource_details': {'lm_detail': None, 'lm_info': None}, 'resource': 'xsede.bridges', 'uid': 'pilot.0000', 'pmgr': 'pmgr.0000', 'stdout': None, 'js_url': 'slurm+gsissh://bridges.psc.xsede.org:2222/', 'state': 'PMGR_ACTIVE', 'session': 're.session.two.jdakka.017940.0005', 'log': None, 'stderr': None, 'js_hop': 'gsissh://bridges.psc.xsede.org:2222/', 'client_sandbox': '/home/jdakka/hyperspace-htbac/microscope/hyperspace/microscope', 'type': 'pilot', 'pilot_sandbox': 'gsisftp://bridges.psc.xsede.org:2222/pylon5/mc3bggp/dakka/radical.pilot.sandbox/re.session.two.jdakka.017940.0005/pilot.0000/', 'description': {'queue': 'RM', 'resource': 'xsede.bridges', 'exit_on_error': False, 'candidate_hosts': None, 'project': 'mc3bggp', 'sandbox': None, 'cleanup': None, 'access_schema': 'gsissh', 'gpus': 0, 'memory': None, 'cores': 532, 'runtime': 130}}}
2019-02-14 06:47:05,304: umgr.0000.scheduling.0.child: umgr.0000.scheduling.0          : umgr.0000.scheduling.0.child.subscriber._base_command_cb: DEBUG   : update pilot states for ['pilot.0000']
2019-02-14 06:47:05,304: umgr.0000.scheduling.0.child: umgr.0000.scheduling.0          : umgr.0000.scheduling.0.child.subscriber._base_command_cb: DEBUG   : update pilot state: None -> ['NEW', 'PMGR_LAUNCHING_PENDING', 'PMGR_LAUNCHING', 'PMGR_ACTIVE_PENDING', 'PMGR_ACTIVE']
2019-02-14 06:47:05,642: umgr.0000.scheduling.0.child: umgr.0000.scheduling.0          : umgr.0000.scheduling.0.child.subscriber._base_state_cb: INFO    : scheduler state_cb: update
2019-02-14 06:47:05,642: umgr.0000.scheduling.0.child: umgr.0000.scheduling.0          : umgr.0000.scheduling.0.child.subscriber._base_state_cb: DEBUG   : update pilots []
2019-02-14 06:47:05,642: umgr.0000.scheduling.0.child: umgr.0000.scheduling.0          : umgr.0000.scheduling.0.child.subscriber._base_state_cb: DEBUG   : update units  ['unit.000000', 'unit.000001', 'unit.000002', 'unit.000003', 'unit.000004', 'unit.000005', 'unit.000006', 'unit.000007', 'unit.000008', 'unit.000009', 'unit.000010', 'unit.000011', 'unit.000012', 'unit.000013', 'unit.000014', 'unit.000015', 'unit.000016', 'unit.000017', 'unit.000018', 'unit.000019', 'unit.000020', 'unit.000021', 'unit.000022', 'unit.000023', 'unit.000024', 'unit.000025', 'unit.000026', 'unit.000027']
2019-02-14 06:47:05,642: umgr.0000.scheduling.0.child: umgr.0000.scheduling.0          : umgr.0000.scheduling.0.child.subscriber._base_state_cb: DEBUG   : update pilot states for []
2019-02-14 06:47:05,646: umgr.0000.scheduling.0.child: umgr.0000.scheduling.0          : Thread-1       : DEBUG   : got unit (unit.000000)
2019-02-14 06:47:05,646: umgr.0000.scheduling.0.child: umgr.0000.scheduling.0          : Thread-1       : DEBUG   : got unit (unit.000001)
2019-02-14 06:47:05,646: umgr.0000.scheduling.0.child: umgr.0000.scheduling.0          : Thread-1       : DEBUG   : got unit (unit.000002)
2019-02-14 06:47:05,646: umgr.0000.scheduling.0.child: umgr.0000.scheduling.0          : Thread-1       : DEBUG   : got unit (unit.000003)
2019-02-14 06:47:05,646: umgr.0000.scheduling.0.child: umgr.0000.scheduling.0          : Thread-1       : DEBUG   : got unit (unit.000004)
2019-02-14 06:47:05,646: umgr.0000.scheduling.0.child: umgr.0000.scheduling.0          : Thread-1       : DEBUG   : got unit (unit.000005)
2019-02-14 06:47:05,646: umgr.0000.scheduling.0.child: umgr.0000.scheduling.0          : Thread-1       : DEBUG   : got unit (unit.000006)
2019-02-14 06:47:05,646: umgr.0000.scheduling.0.child: umgr.0000.scheduling.0          : Thread-1       : DEBUG   : got unit (unit.000007)
2019-02-14 06:47:05,646: umgr.0000.scheduling.0.child: umgr.0000.scheduling.0          : Thread-1       : DEBUG   : got unit (unit.000008)
2019-02-14 06:47:05,646: umgr.0000.scheduling.0.child: umgr.0000.scheduling.0          : Thread-1       : DEBUG   : got unit (unit.000009)
2019-02-14 06:47:05,646: umgr.0000.scheduling.0.child: umgr.0000.scheduling.0          : Thread-1       : DEBUG   : got unit (unit.000010)
2019-02-14 06:47:05,646: umgr.0000.scheduling.0.child: umgr.0000.scheduling.0          : Thread-1       : DEBUG   : got unit (unit.000011)
2019-02-14 06:47:05,646: umgr.0000.scheduling.0.child: umgr.0000.scheduling.0          : Thread-1       : DEBUG   : got unit (unit.000012)
2019-02-14 06:47:05,646: umgr.0000.scheduling.0.child: umgr.0000.scheduling.0          : Thread-1       : DEBUG   : got unit (unit.000013)
2019-02-14 06:47:05,646: umgr.0000.scheduling.0.child: umgr.0000.scheduling.0          : Thread-1       : DEBUG   : got unit (unit.000014)
2019-02-14 06:47:05,646: umgr.0000.scheduling.0.child: umgr.0000.scheduling.0          : Thread-1       : DEBUG   : got unit (unit.000015)
2019-02-14 06:47:05,646: umgr.0000.scheduling.0.child: umgr.0000.scheduling.0          : Thread-1       : DEBUG   : got unit (unit.000016)
2019-02-14 06:47:05,646: umgr.0000.scheduling.0.child: umgr.0000.scheduling.0          : Thread-1       : DEBUG   : got unit (unit.000017)
2019-02-14 06:47:05,646: umgr.0000.scheduling.0.child: umgr.0000.scheduling.0          : Thread-1       : DEBUG   : got unit (unit.000018)
2019-02-14 06:47:05,646: umgr.0000.scheduling.0.child: umgr.0000.scheduling.0          : Thread-1       : DEBUG   : got unit (unit.000019)
2019-02-14 06:47:05,647: umgr.0000.scheduling.0.child: umgr.0000.scheduling.0          : Thread-1       : DEBUG   : got unit (unit.000020)
2019-02-14 06:47:05,647: umgr.0000.scheduling.0.child: umgr.0000.scheduling.0          : Thread-1       : DEBUG   : got unit (unit.000021)
2019-02-14 06:47:05,647: umgr.0000.scheduling.0.child: umgr.0000.scheduling.0          : Thread-1       : DEBUG   : got unit (unit.000022)
2019-02-14 06:47:05,647: umgr.0000.scheduling.0.child: umgr.0000.scheduling.0          : Thread-1       : DEBUG   : got unit (unit.000023)
2019-02-14 06:47:05,647: umgr.0000.scheduling.0.child: umgr.0000.scheduling.0          : Thread-1       : DEBUG   : got unit (unit.000024)
2019-02-14 06:47:05,647: umgr.0000.scheduling.0.child: umgr.0000.scheduling.0          : Thread-1       : DEBUG   : got unit (unit.000025)
2019-02-14 06:47:05,647: umgr.0000.scheduling.0.child: umgr.0000.scheduling.0          : Thread-1       : DEBUG   : got unit (unit.000026)
2019-02-14 06:47:05,647: umgr.0000.scheduling.0.child: umgr.0000.scheduling.0          : Thread-1       : DEBUG   : got unit (unit.000027)
2019-02-14 06:47:05,647: umgr.0000.scheduling.0.child: umgr.0000.scheduling.0          : Thread-1       : DEBUG   : advance bulk size: 28 [False, True]
2019-02-14 06:47:05,648: umgr.0000.scheduling.0.child: umgr.0000.scheduling.0          : Thread-1       : DEBUG   : advance bulk size: 0 [False, True]
2019-02-14 06:47:05,648: umgr.0000.scheduling.0.child: umgr.0000.scheduling.0          : Thread-1       : DEBUG   : advance bulk size: 28 [True, True]
2019-02-14 06:47:05,649: umgr.0000.scheduling.0.child: umgr.0000.scheduling.0          : Thread-1       : DEBUG   : put bulk UMGR_STAGING_INPUT_PENDING: 28
2019-02-14 06:47:05,649: umgr.0000.scheduling.0.child: umgr.0000.scheduling.0          : umgr.0000.scheduling.0.child.subscriber._base_state_cb: INFO    : scheduler state_cb: update
2019-02-14 06:47:05,649: umgr.0000.scheduling.0.child: umgr.0000.scheduling.0          : umgr.0000.scheduling.0.child.subscriber._base_state_cb: DEBUG   : update pilots []
2019-02-14 06:47:05,649: umgr.0000.scheduling.0.child: umgr.0000.scheduling.0          : umgr.0000.scheduling.0.child.subscriber._base_state_cb: DEBUG   : update units  ['unit.000000', 'unit.000001', 'unit.000002', 'unit.000003', 'unit.000004', 'unit.000005', 'unit.000006', 'unit.000007', 'unit.000008', 'unit.000009', 'unit.000010', 'unit.000011', 'unit.000012', 'unit.000013', 'unit.000014', 'unit.000015', 'unit.000016', 'unit.000017', 'unit.000018', 'unit.000019', 'unit.000020', 'unit.000021', 'unit.000022', 'unit.000023', 'unit.000024', 'unit.000025', 'unit.000026', 'unit.000027']
2019-02-14 06:47:05,649: umgr.0000.scheduling.0.child: umgr.0000.scheduling.0          : umgr.0000.scheduling.0.child.subscriber._base_state_cb: DEBUG   : update pilot states for []
2019-02-14 06:47:05,649: umgr.0000.scheduling.0.child: umgr.0000.scheduling.0          : umgr.0000.scheduling.0.child.subscriber._base_state_cb: INFO    : scheduler state_cb: update
2019-02-14 06:47:05,649: umgr.0000.scheduling.0.child: umgr.0000.scheduling.0          : umgr.0000.scheduling.0.child.subscriber._base_state_cb: DEBUG   : update pilots []
2019-02-14 06:47:05,649: umgr.0000.scheduling.0.child: umgr.0000.scheduling.0          : umgr.0000.scheduling.0.child.subscriber._base_state_cb: DEBUG   : update units  []
2019-02-14 06:47:05,650: umgr.0000.scheduling.0.child: umgr.0000.scheduling.0          : umgr.0000.scheduling.0.child.subscriber._base_state_cb: DEBUG   : update pilot states for []
2019-02-14 06:47:05,650: umgr.0000.scheduling.0.child: umgr.0000.scheduling.0          : umgr.0000.scheduling.0.child.subscriber._base_state_cb: INFO    : scheduler state_cb: update
2019-02-14 06:47:05,650: umgr.0000.scheduling.0.child: umgr.0000.scheduling.0          : umgr.0000.scheduling.0.child.subscriber._base_state_cb: DEBUG   : update pilots []
2019-02-14 06:47:05,650: umgr.0000.scheduling.0.child: umgr.0000.scheduling.0          : umgr.0000.scheduling.0.child.subscriber._base_state_cb: DEBUG   : update units  ['unit.000000', 'unit.000001', 'unit.000002', 'unit.000003', 'unit.000004', 'unit.000005', 'unit.000006', 'unit.000007', 'unit.000008', 'unit.000009', 'unit.000010', 'unit.000011', 'unit.000012', 'unit.000013', 'unit.000014', 'unit.000015', 'unit.000016', 'unit.000017', 'unit.000018', 'unit.000019', 'unit.000020', 'unit.000021', 'unit.000022', 'unit.000023', 'unit.000024', 'unit.000025', 'unit.000026', 'unit.000027']
2019-02-14 06:47:05,650: umgr.0000.scheduling.0.child: umgr.0000.scheduling.0          : umgr.0000.scheduling.0.child.subscriber._base_state_cb: DEBUG   : update pilot states for []
2019-02-14 06:47:05,652: umgr.0000.scheduling.0.child: umgr.0000.scheduling.0          : umgr.0000.scheduling.0.child.subscriber._base_state_cb: INFO    : scheduler state_cb: update
2019-02-14 06:47:05,652: umgr.0000.scheduling.0.child: umgr.0000.scheduling.0          : umgr.0000.scheduling.0.child.subscriber._base_state_cb: DEBUG   : update pilots []
2019-02-14 06:47:05,652: umgr.0000.scheduling.0.child: umgr.0000.scheduling.0          : umgr.0000.scheduling.0.child.subscriber._base_state_cb: DEBUG   : update units  ['unit.000000', 'unit.000001', 'unit.000002', 'unit.000003', 'unit.000004', 'unit.000005', 'unit.000006', 'unit.000007', 'unit.000008', 'unit.000009', 'unit.000010', 'unit.000011', 'unit.000012', 'unit.000013', 'unit.000014', 'unit.000015', 'unit.000016', 'unit.000017', 'unit.000018', 'unit.000019', 'unit.000020', 'unit.000021', 'unit.000022', 'unit.000023', 'unit.000024', 'unit.000025', 'unit.000026', 'unit.000027']
2019-02-14 06:47:05,652: umgr.0000.scheduling.0.child: umgr.0000.scheduling.0          : umgr.0000.scheduling.0.child.subscriber._base_state_cb: DEBUG   : update pilot states for []
2019-02-14 06:47:19,405: umgr.0000.scheduling.0.child: umgr.0000.scheduling.0          : umgr.0000.scheduling.0.child.subscriber._base_state_cb: INFO    : scheduler state_cb: update
2019-02-14 06:47:19,405: umgr.0000.scheduling.0.child: umgr.0000.scheduling.0          : umgr.0000.scheduling.0.child.subscriber._base_state_cb: DEBUG   : update pilots []
2019-02-14 06:47:19,405: umgr.0000.scheduling.0.child: umgr.0000.scheduling.0          : umgr.0000.scheduling.0.child.subscriber._base_state_cb: DEBUG   : update units  ['unit.000000', 'unit.000001', 'unit.000002', 'unit.000003', 'unit.000004', 'unit.000005', 'unit.000006', 'unit.000007', 'unit.000008', 'unit.000009', 'unit.000010', 'unit.000011', 'unit.000012', 'unit.000013', 'unit.000014', 'unit.000015', 'unit.000016', 'unit.000017', 'unit.000018', 'unit.000019', 'unit.000020', 'unit.000021', 'unit.000022', 'unit.000023', 'unit.000024', 'unit.000025', 'unit.000026', 'unit.000027']
2019-02-14 06:47:19,405: umgr.0000.scheduling.0.child: umgr.0000.scheduling.0          : umgr.0000.scheduling.0.child.subscriber._base_state_cb: DEBUG   : update pilot states for []
2019-02-14 07:47:24,099: umgr.0000.scheduling.0.child: umgr.0000.scheduling.0          : umgr.0000.scheduling.0.child.subscriber._base_state_cb: INFO    : scheduler state_cb: update
2019-02-14 07:47:24,099: umgr.0000.scheduling.0.child: umgr.0000.scheduling.0          : umgr.0000.scheduling.0.child.subscriber._base_state_cb: DEBUG   : update pilots []
2019-02-14 07:47:24,099: umgr.0000.scheduling.0.child: umgr.0000.scheduling.0          : umgr.0000.scheduling.0.child.subscriber._base_state_cb: DEBUG   : update units  ['unit.000006', 'unit.000007', 'unit.000000', 'unit.000002']
2019-02-14 07:47:24,099: umgr.0000.scheduling.0.child: umgr.0000.scheduling.0          : umgr.0000.scheduling.0.child.subscriber._base_state_cb: DEBUG   : update pilot states for []
2019-02-14 07:47:24,100: umgr.0000.scheduling.0.child: umgr.0000.scheduling.0          : umgr.0000.scheduling.0.child.subscriber._base_state_cb: INFO    : scheduler state_cb: update
2019-02-14 07:47:24,100: umgr.0000.scheduling.0.child: umgr.0000.scheduling.0          : umgr.0000.scheduling.0.child.subscriber._base_state_cb: DEBUG   : update pilots []
2019-02-14 07:47:24,100: umgr.0000.scheduling.0.child: umgr.0000.scheduling.0          : umgr.0000.scheduling.0.child.subscriber._base_state_cb: DEBUG   : update units  ['unit.000006', 'unit.000007', 'unit.000000', 'unit.000002']
2019-02-14 07:47:24,101: umgr.0000.scheduling.0.child: umgr.0000.scheduling.0          : umgr.0000.scheduling.0.child.subscriber._base_state_cb: DEBUG   : update pilot states for []
2019-02-14 07:47:24,101: umgr.0000.scheduling.0.child: umgr.0000.scheduling.0          : umgr.0000.scheduling.0.child.subscriber._base_state_cb: INFO    : scheduler state_cb: update
2019-02-14 07:47:24,101: umgr.0000.scheduling.0.child: umgr.0000.scheduling.0          : umgr.0000.scheduling.0.child.subscriber._base_state_cb: DEBUG   : update pilots []
2019-02-14 07:47:24,101: umgr.0000.scheduling.0.child: umgr.0000.scheduling.0          : umgr.0000.scheduling.0.child.subscriber._base_state_cb: DEBUG   : update units  ['unit.000006', 'unit.000007', 'unit.000000', 'unit.000002']
2019-02-14 07:47:24,101: umgr.0000.scheduling.0.child: umgr.0000.scheduling.0          : umgr.0000.scheduling.0.child.subscriber._base_state_cb: DEBUG   : update pilot states for []
2019-02-14 07:47:25,366: umgr.0000.scheduling.0.child: umgr.0000.scheduling.0          : umgr.0000.scheduling.0.child.subscriber._base_state_cb: INFO    : scheduler state_cb: update
2019-02-14 07:47:25,366: umgr.0000.scheduling.0.child: umgr.0000.scheduling.0          : umgr.0000.scheduling.0.child.subscriber._base_state_cb: DEBUG   : update pilots []
2019-02-14 07:47:25,366: umgr.0000.scheduling.0.child: umgr.0000.scheduling.0          : umgr.0000.scheduling.0.child.subscriber._base_state_cb: DEBUG   : update units  ['unit.000003', 'unit.000001', 'unit.000004', 'unit.000010']
2019-02-14 07:47:25,366: umgr.0000.scheduling.0.child: umgr.0000.scheduling.0          : umgr.0000.scheduling.0.child.subscriber._base_state_cb: DEBUG   : update pilot states for []
2019-02-14 07:47:25,367: umgr.0000.scheduling.0.child: umgr.0000.scheduling.0          : umgr.0000.scheduling.0.child.subscriber._base_state_cb: INFO    : scheduler state_cb: update
2019-02-14 07:47:25,368: umgr.0000.scheduling.0.child: umgr.0000.scheduling.0          : umgr.0000.scheduling.0.child.subscriber._base_state_cb: DEBUG   : update pilots []
2019-02-14 07:47:25,368: umgr.0000.scheduling.0.child: umgr.0000.scheduling.0          : umgr.0000.scheduling.0.child.subscriber._base_state_cb: DEBUG   : update units  ['unit.000003', 'unit.000001', 'unit.000004', 'unit.000010']
2019-02-14 07:47:25,368: umgr.0000.scheduling.0.child: umgr.0000.scheduling.0          : umgr.0000.scheduling.0.child.subscriber._base_state_cb: DEBUG   : update pilot states for []
2019-02-14 07:47:25,368: umgr.0000.scheduling.0.child: umgr.0000.scheduling.0          : umgr.0000.scheduling.0.child.subscriber._base_state_cb: INFO    : scheduler state_cb: update
2019-02-14 07:47:25,368: umgr.0000.scheduling.0.child: umgr.0000.scheduling.0          : umgr.0000.scheduling.0.child.subscriber._base_state_cb: DEBUG   : update pilots []
2019-02-14 07:47:25,368: umgr.0000.scheduling.0.child: umgr.0000.scheduling.0          : umgr.0000.scheduling.0.child.subscriber._base_state_cb: DEBUG   : update units  ['unit.000003', 'unit.000001', 'unit.000004', 'unit.000010']
2019-02-14 07:47:25,368: umgr.0000.scheduling.0.child: umgr.0000.scheduling.0          : umgr.0000.scheduling.0.child.subscriber._base_state_cb: DEBUG   : update pilot states for []
2019-02-14 07:47:26,637: umgr.0000.scheduling.0.child: umgr.0000.scheduling.0          : umgr.0000.scheduling.0.child.subscriber._base_state_cb: INFO    : scheduler state_cb: update
2019-02-14 07:47:26,637: umgr.0000.scheduling.0.child: umgr.0000.scheduling.0          : umgr.0000.scheduling.0.child.subscriber._base_state_cb: DEBUG   : update pilots []
2019-02-14 07:47:26,637: umgr.0000.scheduling.0.child: umgr.0000.scheduling.0          : umgr.0000.scheduling.0.child.subscriber._base_state_cb: DEBUG   : update units  ['unit.000005', 'unit.000011', 'unit.000012', 'unit.000014']
2019-02-14 07:47:26,637: umgr.0000.scheduling.0.child: umgr.0000.scheduling.0          : umgr.0000.scheduling.0.child.subscriber._base_state_cb: DEBUG   : update pilot states for []
2019-02-14 07:47:26,638: umgr.0000.scheduling.0.child: umgr.0000.scheduling.0          : umgr.0000.scheduling.0.child.subscriber._base_state_cb: INFO    : scheduler state_cb: update
2019-02-14 07:47:26,638: umgr.0000.scheduling.0.child: umgr.0000.scheduling.0          : umgr.0000.scheduling.0.child.subscriber._base_state_cb: DEBUG   : update pilots []
2019-02-14 07:47:26,638: umgr.0000.scheduling.0.child: umgr.0000.scheduling.0          : umgr.0000.scheduling.0.child.subscriber._base_state_cb: DEBUG   : update units  ['unit.000005', 'unit.000011', 'unit.000012', 'unit.000014']
2019-02-14 07:47:26,638: umgr.0000.scheduling.0.child: umgr.0000.scheduling.0          : umgr.0000.scheduling.0.child.subscriber._base_state_cb: DEBUG   : update pilot states for []
2019-02-14 07:47:26,638: umgr.0000.scheduling.0.child: umgr.0000.scheduling.0          : umgr.0000.scheduling.0.child.subscriber._base_state_cb: INFO    : scheduler state_cb: update
2019-02-14 07:47:26,638: umgr.0000.scheduling.0.child: umgr.0000.scheduling.0          : umgr.0000.scheduling.0.child.subscriber._base_state_cb: DEBUG   : update pilots []
2019-02-14 07:47:26,638: umgr.0000.scheduling.0.child: umgr.0000.scheduling.0          : umgr.0000.scheduling.0.child.subscriber._base_state_cb: DEBUG   : update units  ['unit.000005', 'unit.000011', 'unit.000012', 'unit.000014']
2019-02-14 07:47:26,639: umgr.0000.scheduling.0.child: umgr.0000.scheduling.0          : umgr.0000.scheduling.0.child.subscriber._base_state_cb: DEBUG   : update pilot states for []
2019-02-14 07:47:27,903: umgr.0000.scheduling.0.child: umgr.0000.scheduling.0          : umgr.0000.scheduling.0.child.subscriber._base_state_cb: INFO    : scheduler state_cb: update
2019-02-14 07:47:27,903: umgr.0000.scheduling.0.child: umgr.0000.scheduling.0          : umgr.0000.scheduling.0.child.subscriber._base_state_cb: DEBUG   : update pilots []
2019-02-14 07:47:27,903: umgr.0000.scheduling.0.child: umgr.0000.scheduling.0          : umgr.0000.scheduling.0.child.subscriber._base_state_cb: DEBUG   : update units  ['unit.000013', 'unit.000015', 'unit.000017', 'unit.000016', 'unit.000008', 'unit.000009']
2019-02-14 07:47:27,903: umgr.0000.scheduling.0.child: umgr.0000.scheduling.0          : umgr.0000.scheduling.0.child.subscriber._base_state_cb: DEBUG   : update pilot states for []
2019-02-14 07:47:27,904: umgr.0000.scheduling.0.child: umgr.0000.scheduling.0          : umgr.0000.scheduling.0.child.subscriber._base_state_cb: INFO    : scheduler state_cb: update
2019-02-14 07:47:27,904: umgr.0000.scheduling.0.child: umgr.0000.scheduling.0          : umgr.0000.scheduling.0.child.subscriber._base_state_cb: DEBUG   : update pilots []
2019-02-14 07:47:27,904: umgr.0000.scheduling.0.child: umgr.0000.scheduling.0          : umgr.0000.scheduling.0.child.subscriber._base_state_cb: DEBUG   : update units  ['unit.000013', 'unit.000015', 'unit.000017', 'unit.000016', 'unit.000008', 'unit.000009']
2019-02-14 07:47:27,904: umgr.0000.scheduling.0.child: umgr.0000.scheduling.0          : umgr.0000.scheduling.0.child.subscriber._base_state_cb: DEBUG   : update pilot states for []
2019-02-14 07:47:27,905: umgr.0000.scheduling.0.child: umgr.0000.scheduling.0          : umgr.0000.scheduling.0.child.subscriber._base_state_cb: INFO    : scheduler state_cb: update
2019-02-14 07:47:27,905: umgr.0000.scheduling.0.child: umgr.0000.scheduling.0          : umgr.0000.scheduling.0.child.subscriber._base_state_cb: DEBUG   : update pilots []
2019-02-14 07:47:27,905: umgr.0000.scheduling.0.child: umgr.0000.scheduling.0          : umgr.0000.scheduling.0.child.subscriber._base_state_cb: DEBUG   : update units  ['unit.000013', 'unit.000015', 'unit.000017', 'unit.000016', 'unit.000008', 'unit.000009']
2019-02-14 07:47:27,905: umgr.0000.scheduling.0.child: umgr.0000.scheduling.0          : umgr.0000.scheduling.0.child.subscriber._base_state_cb: DEBUG   : update pilot states for []
2019-02-14 08:47:22,885: umgr.0000.scheduling.0.child: umgr.0000.scheduling.0          : umgr.0000.scheduling.0.child.subscriber._base_state_cb: INFO    : scheduler state_cb: update
2019-02-14 08:47:22,885: umgr.0000.scheduling.0.child: umgr.0000.scheduling.0          : umgr.0000.scheduling.0.child.subscriber._base_state_cb: DEBUG   : update pilots []
2019-02-14 08:47:22,885: umgr.0000.scheduling.0.child: umgr.0000.scheduling.0          : umgr.0000.scheduling.0.child.subscriber._base_state_cb: DEBUG   : update units  ['unit.000018', 'unit.000023', 'unit.000019', 'unit.000021', 'unit.000024', 'unit.000022', 'unit.000025', 'unit.000020', 'unit.000026']
2019-02-14 08:47:22,885: umgr.0000.scheduling.0.child: umgr.0000.scheduling.0          : umgr.0000.scheduling.0.child.subscriber._base_state_cb: DEBUG   : update pilot states for []
2019-02-14 08:47:22,890: umgr.0000.scheduling.0.child: umgr.0000.scheduling.0          : umgr.0000.scheduling.0.child.subscriber._base_state_cb: INFO    : scheduler state_cb: update
2019-02-14 08:47:22,890: umgr.0000.scheduling.0.child: umgr.0000.scheduling.0          : umgr.0000.scheduling.0.child.subscriber._base_state_cb: DEBUG   : update pilots []
2019-02-14 08:47:22,890: umgr.0000.scheduling.0.child: umgr.0000.scheduling.0          : umgr.0000.scheduling.0.child.subscriber._base_state_cb: DEBUG   : update units  ['unit.000018', 'unit.000023', 'unit.000019', 'unit.000021', 'unit.000024', 'unit.000022', 'unit.000025', 'unit.000020', 'unit.000026']
2019-02-14 08:47:22,890: umgr.0000.scheduling.0.child: umgr.0000.scheduling.0          : umgr.0000.scheduling.0.child.subscriber._base_state_cb: DEBUG   : update pilot states for []
2019-02-14 08:47:22,891: umgr.0000.scheduling.0.child: umgr.0000.scheduling.0          : umgr.0000.scheduling.0.child.subscriber._base_state_cb: INFO    : scheduler state_cb: update
2019-02-14 08:47:22,891: umgr.0000.scheduling.0.child: umgr.0000.scheduling.0          : umgr.0000.scheduling.0.child.subscriber._base_state_cb: DEBUG   : update pilots []
2019-02-14 08:47:22,891: umgr.0000.scheduling.0.child: umgr.0000.scheduling.0          : umgr.0000.scheduling.0.child.subscriber._base_state_cb: DEBUG   : update units  ['unit.000018', 'unit.000023', 'unit.000019', 'unit.000021', 'unit.000024', 'unit.000022', 'unit.000025', 'unit.000020', 'unit.000026']
2019-02-14 08:47:22,891: umgr.0000.scheduling.0.child: umgr.0000.scheduling.0          : umgr.0000.scheduling.0.child.subscriber._base_state_cb: DEBUG   : update pilot states for []
2019-02-14 08:47:25,406: umgr.0000.scheduling.0.child: umgr.0000.scheduling.0          : umgr.0000.scheduling.0.child.subscriber._base_state_cb: INFO    : scheduler state_cb: update
2019-02-14 08:47:25,450: umgr.0000.scheduling.0.child: umgr.0000.scheduling.0          : umgr.0000.scheduling.0.child.subscriber._base_state_cb: DEBUG   : update pilots []
2019-02-14 08:47:25,450: umgr.0000.scheduling.0.child: umgr.0000.scheduling.0          : umgr.0000.scheduling.0.child.subscriber._base_state_cb: DEBUG   : update units  ['unit.000027']
2019-02-14 08:47:25,450: umgr.0000.scheduling.0.child: umgr.0000.scheduling.0          : umgr.0000.scheduling.0.child.subscriber._base_state_cb: DEBUG   : update pilot states for []
2019-02-14 08:47:25,450: umgr.0000.scheduling.0.child: umgr.0000.scheduling.0          : umgr.0000.scheduling.0.child.subscriber._base_state_cb: INFO    : scheduler state_cb: update
2019-02-14 08:47:25,450: umgr.0000.scheduling.0.child: umgr.0000.scheduling.0          : umgr.0000.scheduling.0.child.subscriber._base_state_cb: DEBUG   : update pilots []
2019-02-14 08:47:25,450: umgr.0000.scheduling.0.child: umgr.0000.scheduling.0          : umgr.0000.scheduling.0.child.subscriber._base_state_cb: DEBUG   : update units  ['unit.000027']
2019-02-14 08:47:25,450: umgr.0000.scheduling.0.child: umgr.0000.scheduling.0          : umgr.0000.scheduling.0.child.subscriber._base_state_cb: DEBUG   : update pilot states for []
2019-02-14 08:47:25,451: umgr.0000.scheduling.0.child: umgr.0000.scheduling.0          : umgr.0000.scheduling.0.child.subscriber._base_state_cb: INFO    : scheduler state_cb: update
2019-02-14 08:47:25,451: umgr.0000.scheduling.0.child: umgr.0000.scheduling.0          : umgr.0000.scheduling.0.child.subscriber._base_state_cb: DEBUG   : update pilots []
2019-02-14 08:47:25,451: umgr.0000.scheduling.0.child: umgr.0000.scheduling.0          : umgr.0000.scheduling.0.child.subscriber._base_state_cb: DEBUG   : update units  ['unit.000027']
2019-02-14 08:47:25,451: umgr.0000.scheduling.0.child: umgr.0000.scheduling.0          : umgr.0000.scheduling.0.child.subscriber._base_state_cb: DEBUG   : update pilot states for []
2019-02-14 08:47:41,992: umgr.0000.scheduling.0.child: umgr.0000.scheduling.0          : umgr.0000.scheduling.0.child.watch: INFO    : recv message: 
2019-02-14 08:47:41,992: umgr.0000.scheduling.0.child: umgr.0000.scheduling.0          : umgr.0000.scheduling.0.child.watch: INFO    : message received: 
2019-02-14 08:47:41,992: umgr.0000.scheduling.0.child: umgr.0000.scheduling.0          : umgr.0000.scheduling.0.child.watch: WARNING : no message, parent closed ep!
2019-02-14 08:47:41,992: umgr.0000.scheduling.0.child: umgr.0000.scheduling.0          : umgr.0000.scheduling.0.child.watch: INFO    : watcher closes
2019-02-14 08:47:41,992: umgr.0000.scheduling.0.child: umgr.0000.scheduling.0          : umgr.0000.scheduling.0.child.watch: INFO    : put message: [umgr.0000.scheduling.0.child.watch.thread] work finished
2019-02-14 08:47:41,993: umgr.0000.scheduling.0.child: umgr.0000.scheduling.0          : umgr.0000.scheduling.0.child.watch: DEBUG   : ru_finalize_child (NOOP)
2019-02-14 08:47:41,993: umgr.0000.scheduling.0.child: umgr.0000.scheduling.0          : umgr.0000.scheduling.0.child.watch: DEBUG   : ru_finalize_common (NOOP)
2019-02-14 08:47:41,993: umgr.0000.scheduling.0.child: umgr.0000.scheduling.0          : umgr.0000.scheduling.0.child.watch: INFO    : put message: [umgr.0000.scheduling.0.child.watch.thread] terminating
2019-02-14 08:47:42,425: umgr.0000.scheduling.0.child: umgr.0000.scheduling.0          : Thread-1       : INFO    : finalize_child
2019-02-14 08:47:42,426: umgr.0000.scheduling.0.child: umgr.0000.scheduling.0          : Thread-1       : WARNING : alive check: proc invalid - stop [False - True]
2019-02-14 08:47:42,460: umgr.0000.scheduling.0.child: umgr.0000.scheduling.0          : Thread-1       : INFO    : stop umgr.0000.scheduling.0.child (23916 : 23916 : Thread-1) [radical.utils.process.RoundRobin.is_valid]
2019-02-14 08:47:42,536: umgr.0000.scheduling.0.child: umgr.0000.scheduling.0          : Thread-1       : INFO    : parent stops child  23916 -> 23916 [umgr.0000.scheduling.0.child]
2019-02-14 08:47:42,536: umgr.0000.scheduling.0.child: umgr.0000.scheduling.0          : Thread-1       : INFO    : send message: [umgr.0000.scheduling.0.child] STOP
2019-02-14 08:47:42,536: umgr.0000.scheduling.0.child: umgr.0000.scheduling.0          : Thread-1       : WARNING : send failed ([Errno 9] Bad file descriptor) - terminate
2019-02-14 08:47:42,536: umgr.0000.scheduling.0.child: umgr.0000.scheduling.0          : Thread-1       : INFO    : finalize_child
2019-02-14 08:47:42,537: umgr.0000.scheduling.0.child: umgr.0000.scheduling.0          : Thread-1       : DEBUG   : TERM : umgr.0000.scheduling.0.child unregister subscriber umgr.0000.scheduling.0.child.subscriber._base_command_cb
2019-02-14 08:47:42,537: umgr.0000.scheduling.0.child: umgr.0000.scheduling.0          : Thread-1       : DEBUG   : unregistered subscriber umgr.0000.scheduling.0.child.subscriber._base_command_cb
2019-02-14 08:47:42,537: umgr.0000.scheduling.0.child: umgr.0000.scheduling.0          : Thread-1       : DEBUG   : TERM : umgr.0000.scheduling.0.child unregister subscriber umgr.0000.scheduling.0.child.subscriber._base_state_cb
2019-02-14 08:47:42,537: umgr.0000.scheduling.0.child: umgr.0000.scheduling.0          : Thread-1       : DEBUG   : unregistered subscriber umgr.0000.scheduling.0.child.subscriber._base_state_cb
2019-02-14 08:47:42,537: umgr.0000.scheduling.0.child: umgr.0000.scheduling.0          : Thread-1       : DEBUG   : TERM : umgr.0000.scheduling.0.child unregister output UMGR_STAGING_INPUT_PENDING
2019-02-14 08:47:42,537: umgr.0000.scheduling.0.child: umgr.0000.scheduling.0          : Thread-1       : WARNING : input UMGR_STAGING_INPUT_PENDING is not registered
2019-02-14 08:47:42,538: umgr.0000.scheduling.0.child: umgr.0000.scheduling.0          : Thread-1       : DEBUG   : unregistered input umgr.0000.scheduling.0.child.work.UMGR_SCHEDULING_PENDING
2019-02-14 08:47:42,538: umgr.0000.scheduling.0.child: umgr.0000.scheduling.0          : Thread-1       : DEBUG   : TERM : umgr.0000.scheduling.0.child unregister input UMGR_SCHEDULING_PENDING: umgr.0000.scheduling.0.child.work.UMGR_SCHEDULING_PENDING
2019-02-14 08:47:42,539: umgr.0000.scheduling.0.child: umgr.0000.scheduling.0          : Thread-1       : DEBUG   : unregistered worker work [UMGR_SCHEDULING_PENDING]
2019-02-14 08:47:42,539: umgr.0000.scheduling.0.child: umgr.0000.scheduling.0          : Thread-1       : INFO    : finalize_child done
2019-02-14 08:47:42,539: umgr.0000.scheduling.0.child: umgr.0000.scheduling.0          : Thread-1       : DEBUG   : ru_finalize_common()
2019-02-14 08:47:42,539: umgr.0000.scheduling.0.child: umgr.0000.scheduling.0          : Thread-1       : DEBUG   : TERM : umgr.0000.scheduling.0.child unregister publisher log_pubsub
2019-02-14 08:47:42,540: umgr.0000.scheduling.0.child: umgr.0000.scheduling.0          : Thread-1       : DEBUG   : unregistered publisher log_pubsub
2019-02-14 08:47:42,540: umgr.0000.scheduling.0.child: umgr.0000.scheduling.0          : Thread-1       : DEBUG   : TERM : umgr.0000.scheduling.0.child unregister publisher state_pubsub
2019-02-14 08:47:42,541: umgr.0000.scheduling.0.child: umgr.0000.scheduling.0          : Thread-1       : DEBUG   : unregistered publisher state_pubsub
2019-02-14 08:47:42,541: umgr.0000.scheduling.0.child: umgr.0000.scheduling.0          : Thread-1       : DEBUG   : TERM : umgr.0000.scheduling.0.child unregister publisher control_pubsub
2019-02-14 08:47:42,543: umgr.0000.scheduling.0.child: umgr.0000.scheduling.0          : Thread-1       : DEBUG   : unregistered publisher control_pubsub
2019-02-14 08:47:42,543: umgr.0000.scheduling.0.child: umgr.0000.scheduling.0          : Thread-1       : DEBUG   : umgr.0000.scheduling.0.child close prof
2019-02-14 08:47:42,574: umgr.0000.scheduling.0.child: umgr.0000.scheduling.0          : Thread-1       : INFO    : parent stops child
2019-02-14 08:47:42,574: umgr.0000.scheduling.0.child: umgr.0000.scheduling.0          : Thread-1       : DEBUG   : ru_finalize_parent (NOOP)
2019-02-14 08:47:42,575: umgr.0000.scheduling.0.child: umgr.0000.scheduling.0          : Thread-1       : DEBUG   : ru_finalize_common (NOOP)
2019-02-14 08:47:42,575: umgr.0000.scheduling.0.child: umgr.0000.scheduling.0          : Thread-1       : INFO    : parent stops child
2019-02-14 08:47:42,575: umgr.0000.scheduling.0.child: umgr.0000.scheduling.0          : Thread-1       : DEBUG   : ru_finalize_parent (NOOP)
2019-02-14 08:47:42,575: umgr.0000.scheduling.0.child: umgr.0000.scheduling.0          : umgr.0000.scheduling.0.child.subscriber._base_state_cb: DEBUG   : ru_finalize_child (NOOP)
2019-02-14 08:47:42,576: umgr.0000.scheduling.0.child: umgr.0000.scheduling.0          : umgr.0000.scheduling.0.child.subscriber._base_state_cb: INFO    : put message: [umgr.0000.scheduling.0.child.subscriber._base_state_cb.thread] terminating
2019-02-14 08:47:42,576: umgr.0000.scheduling.0.child: umgr.0000.scheduling.0          : Thread-1       : INFO    : parent stops child
2019-02-14 08:47:42,576: umgr.0000.scheduling.0.child: umgr.0000.scheduling.0          : Thread-1       : DEBUG   : ru_finalize_parent (NOOP)
2019-02-14 08:47:42,577: umgr.0000.scheduling.0.child: umgr.0000.scheduling.0          : umgr.0000.scheduling.0.child.subscriber._base_command_cb: DEBUG   : ru_finalize_child (NOOP)
2019-02-14 08:47:42,577: umgr.0000.scheduling.0.child: umgr.0000.scheduling.0          : umgr.0000.scheduling.0.child.subscriber._base_command_cb: INFO    : put message: [umgr.0000.scheduling.0.child.subscriber._base_command_cb.thread] terminating
2019-02-14 08:47:42,578: umgr.0000.scheduling.0.child: umgr.0000.scheduling.0          : Thread-1       : INFO    : parent stops child
2019-02-14 08:47:42,579: umgr.0000.scheduling.0.child: umgr.0000.scheduling.0          : Thread-1       : DEBUG   : ru_finalize_parent (NOOP)
2019-02-14 08:47:42,579: umgr.0000.scheduling.0.child: umgr.0000.scheduling.0          : umgr.0000.scheduling.0.child.subscriber._cancel_monitor_cb: DEBUG   : ru_finalize_child (NOOP)
2019-02-14 08:47:42,580: umgr.0000.scheduling.0.child: umgr.0000.scheduling.0          : umgr.0000.scheduling.0.child.subscriber._cancel_monitor_cb: INFO    : put message: [umgr.0000.scheduling.0.child.subscriber._cancel_monitor_cb.thread] terminating
2019-02-14 08:47:42,580: umgr.0000.scheduling.0.child: umgr.0000.scheduling.0          : Thread-1       : WARNING : super umgr.0000.scheduling.0.child is invalid
2019-02-14 08:47:42,580: umgr.0000.scheduling.0.child: umgr.0000.scheduling.0          : Thread-1       : WARNING : component umgr.0000.scheduling.0.child is invalid
2019-02-14 08:47:42,582: umgr.0000.scheduling.0.child: umgr.0000.scheduling.0          : Thread-1       : INFO    : stop umgr.0000.scheduling.0.child (23916 : 23916 : Thread-1) [radical.pilot.utils.component.RoundRobin.is_valid]
2019-02-14 08:47:42,582: umgr.0000.scheduling.0.child: umgr.0000.scheduling.0          : Thread-1       : DEBUG   : TERM : umgr.0000.scheduling.0.child unregister subscriber umgr.0000.scheduling.0.child.subscriber._base_command_cb
2019-02-14 08:47:42,582: umgr.0000.scheduling.0.child: umgr.0000.scheduling.0          : Thread-1       : WARNING : subscriber _base_command_cb is not registered
2019-02-14 08:47:42,583: umgr.0000.scheduling.0.child: umgr.0000.scheduling.0          : Thread-1       : DEBUG   : TERM : umgr.0000.scheduling.0.child unregister subscriber umgr.0000.scheduling.0.child.subscriber._base_state_cb
2019-02-14 08:47:42,583: umgr.0000.scheduling.0.child: umgr.0000.scheduling.0          : Thread-1       : WARNING : subscriber _base_state_cb is not registered
2019-02-14 08:47:42,583: umgr.0000.scheduling.0.child: umgr.0000.scheduling.0          : Thread-1       : DEBUG   : TERM : umgr.0000.scheduling.0.child unregister output UMGR_STAGING_INPUT_PENDING
2019-02-14 08:47:42,583: umgr.0000.scheduling.0.child: umgr.0000.scheduling.0          : Thread-1       : WARNING : input UMGR_STAGING_INPUT_PENDING is not registered
2019-02-14 08:47:42,583: umgr.0000.scheduling.0.child: umgr.0000.scheduling.0          : Thread-1       : WARNING : input umgr.0000.scheduling.0.child.work.UMGR_SCHEDULING_PENDING not registered
2019-02-14 08:47:42,583: umgr.0000.scheduling.0.child: umgr.0000.scheduling.0          : Thread-1       : INFO    : finalize_child done
2019-02-14 08:47:42,583: umgr.0000.scheduling.0.child: umgr.0000.scheduling.0          : Thread-1       : DEBUG   : ru_finalize_common()
2019-02-14 08:47:42,583: umgr.0000.scheduling.0.child: umgr.0000.scheduling.0          : Thread-1       : WARNING : publisher log_pubsub is not registered
2019-02-14 08:47:42,583: umgr.0000.scheduling.0.child: umgr.0000.scheduling.0          : Thread-1       : WARNING : publisher state_pubsub is not registered
2019-02-14 08:47:42,584: umgr.0000.scheduling.0.child: umgr.0000.scheduling.0          : Thread-1       : WARNING : publisher control_pubsub is not registered
2019-02-14 08:47:42,584: umgr.0000.scheduling.0.child: umgr.0000.scheduling.0          : Thread-1       : DEBUG   : umgr.0000.scheduling.0.child close prof
2019-02-14 08:47:42,584: umgr.0000.scheduling.0.child: umgr.0000.scheduling.0          : Thread-1       : INFO    : send message: [umgr.0000.scheduling.0.child] terminating
2019-02-14 08:47:42,584: umgr.0000.scheduling.0.child: umgr.0000.scheduling.0          : Thread-1       : WARNING : send failed ([Errno 9] Bad file descriptor) - terminate
2019-02-14 08:47:42,584: umgr.0000.scheduling.0.child: umgr.0000.scheduling.0          : Thread-1       : INFO    : parent stops child
2019-02-14 08:47:42,584: umgr.0000.scheduling.0.child: umgr.0000.scheduling.0          : Thread-1       : INFO    : parent stops child
2019-02-14 08:47:42,584: umgr.0000.scheduling.0.child: umgr.0000.scheduling.0          : Thread-1       : INFO    : parent stops child
