2019-02-13 22:51:57,699: update.0.child      : update.0                        : MainThread     : INFO    : python.interpreter   version: 2.7.12 (default, Nov 12 2018, 14:36:49) [GCC 5.4.0 20160609]
2019-02-13 22:51:57,699: update.0.child      : update.0                        : MainThread     : INFO    :                      pid/tid: 20862/MainThread
2019-02-13 22:51:57,699: update.0.child      : update.0                        : MainThread     : INFO    : initialize update.0.child
2019-02-13 22:51:57,703: update.0.child      : update.0                        : MainThread     : INFO    : cfg: {'agents': {},
 u'bridges': {u'control_pubsub': {'addr_in': 'tcp://138.201.86.166:41339',
                                  'addr_out': 'tcp://138.201.86.166:43036',
                                  u'bulk_size': 0,
                                  u'log_level': u'error',
                                  u'stall_hwm': 1},
              u'log_pubsub': {'addr_in': 'tcp://138.201.86.166:39343',
                              'addr_out': 'tcp://138.201.86.166:33062',
                              u'bulk_size': 0,
                              u'log_level': u'error',
                              u'stall_hwm': 1},
              u'state_pubsub': {'addr_in': 'tcp://138.201.86.166:34796',
                                'addr_out': 'tcp://138.201.86.166:45913',
                                u'bulk_size': 0,
                                u'log_level': u'error',
                                u'stall_hwm': 1}},
 'cname': u'UpdateWorker',
 u'components': {},
 u'count': 1,
 'dburl': 'mongodb://user:user@ds223760.mlab.com:23760/adaptivity',
 u'default_dburl': u'mongodb://rp:rp@ds015335.mlab.com:15335/rp',
 'logdir': '/home/jdakka/hyperspace-htbac/microscope/hyperspace/microscope/re.session.two.jdakka.017940.0005',
 'number': 0,
 'owner': 're.session.two.jdakka.017940.0005',
 'session_id': 're.session.two.jdakka.017940.0005'}
2019-02-13 22:51:57,703: update.0.child      : update.0                        : MainThread     : DEBUG   : start components: {}
2019-02-13 22:51:57,703: update.0.child      : update.0                        : MainThread     : DEBUG   : alive check in term
2019-02-13 22:51:57,703: update.0.child      : update.0                        : MainThread     : DEBUG   : START: update.0.child register publisher log_pubsub
2019-02-13 22:51:57,703: update.0.child      : update.0                        : MainThread     : DEBUG   : using addr tcp://138.201.86.166:39343 for pubsub log_pubsub
2019-02-13 22:51:57,708: update.0.child      : update.0                        : MainThread     : DEBUG   : registered publisher : log_pubsub : log.pubsub.pub.0000
2019-02-13 22:51:57,708: update.0.child      : update.0                        : MainThread     : DEBUG   : alive check in term
2019-02-13 22:51:57,708: update.0.child      : update.0                        : MainThread     : DEBUG   : START: update.0.child register publisher state_pubsub
2019-02-13 22:51:57,708: update.0.child      : update.0                        : MainThread     : DEBUG   : using addr tcp://138.201.86.166:34796 for pubsub state_pubsub
2019-02-13 22:51:57,711: update.0.child      : update.0                        : MainThread     : DEBUG   : registered publisher : state_pubsub : state.pubsub.pub.0000
2019-02-13 22:51:57,711: update.0.child      : update.0                        : MainThread     : DEBUG   : alive check in term
2019-02-13 22:51:57,712: update.0.child      : update.0                        : MainThread     : DEBUG   : START: update.0.child register publisher control_pubsub
2019-02-13 22:51:57,712: update.0.child      : update.0                        : MainThread     : DEBUG   : using addr tcp://138.201.86.166:41339 for pubsub control_pubsub
2019-02-13 22:51:57,727: update.0.child      : update.0                        : MainThread     : DEBUG   : registered publisher : control_pubsub : control.pubsub.pub.0000
2019-02-13 22:51:57,727: update.0.child      : update.0                        : MainThread     : DEBUG   : alive check in term
2019-02-13 22:51:57,727: update.0.child      : update.0                        : MainThread     : DEBUG   : START: update.0.child register subscriber update.0.child.subscriber._cancel_monitor_cb
2019-02-13 22:51:57,728: update.0.child      : update.0                        : MainThread     : DEBUG   : using addr tcp://138.201.86.166:43036 for pubsub control_pubsub
2019-02-13 22:51:57,735: update.0.child      : update.0                        : MainThread     : DEBUG   : parent name: update.0.child.subscriber._cancel_monitor_cb
2019-02-13 22:51:57,735: update.0.child      : update.0                        : MainThread     : DEBUG   : start thread
2019-02-13 22:51:57,736: update.0.child      : update.0                        : update.0.child.subscriber._cancel_monitor_cb: DEBUG   : child name: update.0.child.subscriber._cancel_monitor_cb.thread
2019-02-13 22:51:57,736: update.0.child      : update.0                        : update.0.child.subscriber._cancel_monitor_cb: INFO    : child (me) initializing
2019-02-13 22:51:57,736: update.0.child      : update.0                        : update.0.child.subscriber._cancel_monitor_cb: DEBUG   : ru_initialize_common (NOOP)
2019-02-13 22:51:57,736: update.0.child      : update.0                        : update.0.child.subscriber._cancel_monitor_cb: DEBUG   : ru_initialize_child (NOOP)
2019-02-13 22:51:57,737: update.0.child      : update.0                        : update.0.child.subscriber._cancel_monitor_cb: INFO    : send alive
2019-02-13 22:51:57,737: update.0.child      : update.0                        : update.0.child.subscriber._cancel_monitor_cb: INFO    : put message: [update.0.child.subscriber._cancel_monitor_cb.thread] alive
2019-02-13 22:51:57,737: update.0.child      : update.0                        : MainThread     : INFO    : get msg: alive
2019-02-13 22:51:57,738: update.0.child      : update.0                        : MainThread     : DEBUG   : ru_initialize_common (NOOP)
2019-02-13 22:51:57,738: update.0.child      : update.0                        : MainThread     : DEBUG   : ru_initialize_parent (NOOP)
2019-02-13 22:51:57,738: update.0.child      : update.0                        : MainThread     : DEBUG   : child thread update.0.child.subscriber._cancel_monitor_cb started
2019-02-13 22:51:57,738: update.0.child      : update.0                        : MainThread     : DEBUG   : update.0.child registered control_pubsub subscriber update.0.child.subscriber._cancel_monitor_cb
2019-02-13 22:51:58,473: update.0.child      : update.0                        : MainThread     : DEBUG   : alive check in term
2019-02-13 22:51:58,474: update.0.child      : update.0                        : MainThread     : DEBUG   : START: update.0.child register subscriber update.0.child.subscriber._state_cb
2019-02-13 22:51:58,474: update.0.child      : update.0                        : MainThread     : DEBUG   : using addr tcp://138.201.86.166:45913 for pubsub state_pubsub
2019-02-13 22:51:58,478: update.0.child      : update.0                        : MainThread     : DEBUG   : parent name: update.0.child.subscriber._state_cb
2019-02-13 22:51:58,478: update.0.child      : update.0                        : MainThread     : DEBUG   : start thread
2019-02-13 22:51:58,526: update.0.child      : update.0                        : update.0.child.subscriber._state_cb: DEBUG   : child name: update.0.child.subscriber._state_cb.thread
2019-02-13 22:51:58,526: update.0.child      : update.0                        : update.0.child.subscriber._state_cb: INFO    : child (me) initializing
2019-02-13 22:51:58,526: update.0.child      : update.0                        : update.0.child.subscriber._state_cb: DEBUG   : ru_initialize_common (NOOP)
2019-02-13 22:51:58,526: update.0.child      : update.0                        : update.0.child.subscriber._state_cb: DEBUG   : ru_initialize_child (NOOP)
2019-02-13 22:51:58,526: update.0.child      : update.0                        : update.0.child.subscriber._state_cb: INFO    : send alive
2019-02-13 22:51:58,526: update.0.child      : update.0                        : update.0.child.subscriber._state_cb: INFO    : put message: [update.0.child.subscriber._state_cb.thread] alive
2019-02-13 22:51:58,527: update.0.child      : update.0                        : MainThread     : INFO    : get msg: alive
2019-02-13 22:51:58,528: update.0.child      : update.0                        : MainThread     : DEBUG   : ru_initialize_common (NOOP)
2019-02-13 22:51:58,528: update.0.child      : update.0                        : MainThread     : DEBUG   : ru_initialize_parent (NOOP)
2019-02-13 22:51:58,528: update.0.child      : update.0                        : MainThread     : DEBUG   : child thread update.0.child.subscriber._state_cb started
2019-02-13 22:51:58,528: update.0.child      : update.0                        : MainThread     : DEBUG   : update.0.child registered state_pubsub subscriber update.0.child.subscriber._state_cb
2019-02-13 22:51:58,528: update.0.child      : update.0                        : MainThread     : DEBUG   : alive check in term
2019-02-13 22:51:58,528: update.0.child      : update.0                        : MainThread     : DEBUG   : START: update.0.child register idler update.0.child.idler._idle_cb
2019-02-13 22:51:58,528: update.0.child      : update.0                        : MainThread     : DEBUG   : parent name: update.0.child.idler._idle_cb
2019-02-13 22:51:58,528: update.0.child      : update.0                        : MainThread     : DEBUG   : start thread
2019-02-13 22:51:58,528: update.0.child      : update.0                        : update.0.child.idler._idle_cb: DEBUG   : child name: update.0.child.idler._idle_cb.thread
2019-02-13 22:51:58,528: update.0.child      : update.0                        : update.0.child.idler._idle_cb: INFO    : child (me) initializing
2019-02-13 22:51:58,528: update.0.child      : update.0                        : update.0.child.idler._idle_cb: DEBUG   : ru_initialize_common (NOOP)
2019-02-13 22:51:58,528: update.0.child      : update.0                        : update.0.child.idler._idle_cb: DEBUG   : ru_initialize_child (NOOP)
2019-02-13 22:51:58,528: update.0.child      : update.0                        : update.0.child.idler._idle_cb: INFO    : send alive
2019-02-13 22:51:58,528: update.0.child      : update.0                        : update.0.child.idler._idle_cb: INFO    : put message: [update.0.child.idler._idle_cb.thread] alive
2019-02-13 22:51:58,529: update.0.child      : update.0                        : MainThread     : INFO    : get msg: alive
2019-02-13 22:51:58,529: update.0.child      : update.0                        : MainThread     : DEBUG   : ru_initialize_common (NOOP)
2019-02-13 22:51:58,529: update.0.child      : update.0                        : MainThread     : DEBUG   : ru_initialize_parent (NOOP)
2019-02-13 22:51:58,529: update.0.child      : update.0                        : MainThread     : DEBUG   : child thread update.0.child.idler._idle_cb started
2019-02-13 22:51:58,529: update.0.child      : update.0                        : MainThread     : DEBUG   : update.0.child registered idler update.0.child.idler._idle_cb
2019-02-13 22:51:58,529: update.0.child      : update.0                        : MainThread     : INFO    : child (me) initializing
2019-02-13 22:51:58,530: update.0.child      : update.0                        : MainThread     : DEBUG   : parent name: update.0.child.watch
2019-02-13 22:51:58,530: update.0.child      : update.0                        : MainThread     : DEBUG   : start thread
2019-02-13 22:51:58,530: update.0.child      : update.0                        : update.0.child.watch: DEBUG   : child name: update.0.child.watch.thread
2019-02-13 22:51:58,530: update.0.child      : update.0                        : update.0.child.watch: INFO    : child (me) initializing
2019-02-13 22:51:58,530: update.0.child      : update.0                        : update.0.child.watch: DEBUG   : ru_initialize_common (NOOP)
2019-02-13 22:51:58,530: update.0.child      : update.0                        : update.0.child.watch: DEBUG   : ru_initialize_child (NOOP)
2019-02-13 22:51:58,530: update.0.child      : update.0                        : update.0.child.watch: INFO    : send alive
2019-02-13 22:51:58,530: update.0.child      : update.0                        : update.0.child.watch: INFO    : put message: [update.0.child.watch.thread] alive
2019-02-13 22:51:58,531: update.0.child      : update.0                        : MainThread     : INFO    : get msg: alive
2019-02-13 22:51:58,531: update.0.child      : update.0                        : MainThread     : DEBUG   : ru_initialize_common (NOOP)
2019-02-13 22:51:58,531: update.0.child      : update.0                        : MainThread     : DEBUG   : ru_initialize_parent (NOOP)
2019-02-13 22:51:58,531: update.0.child      : update.0                        : MainThread     : DEBUG   : child thread update.0.child.watch started
2019-02-13 22:51:58,531: update.0.child      : update.0                        : MainThread     : INFO    : child (me) is alive
2019-02-13 22:51:58,531: update.0.child      : update.0                        : MainThread     : INFO    : send alive
2019-02-13 22:51:58,531: update.0.child      : update.0                        : MainThread     : INFO    : send message: [update.0.child] alive
2019-02-13 22:52:03,760: update.0.child      : update.0                        : update.0.child.subscriber._state_cb: DEBUG   : bulk update result: {'nModified': 1, 'nUpserted': 0, 'nMatched': 1, 'writeErrors': [], 'upserted': [], 'writeConcernErrors': [], 'nRemoved': 0, 'nInserted': 0}
2019-02-13 22:52:03,761: update.0.child      : update.0                        : update.0.child.subscriber._cancel_monitor_cb: DEBUG   : command ignored: pilot_staging_input_request
2019-02-13 22:52:05,636: update.0.child      : update.0                        : update.0.child.idler._idle_cb: DEBUG   : bulk update result: {'nModified': 1, 'nUpserted': 0, 'nMatched': 1, 'writeErrors': [], 'upserted': [], 'writeConcernErrors': [], 'nRemoved': 0, 'nInserted': 0}
2019-02-13 22:52:17,941: update.0.child      : update.0                        : update.0.child.subscriber._state_cb: DEBUG   : bulk update result: {'nModified': 1, 'nUpserted': 0, 'nMatched': 1, 'writeErrors': [], 'upserted': [], 'writeConcernErrors': [], 'nRemoved': 0, 'nInserted': 0}
2019-02-13 22:52:17,941: update.0.child      : update.0                        : update.0.child.subscriber._cancel_monitor_cb: DEBUG   : command ignored: pilot_staging_input_result
2019-02-14 06:47:03,949: update.0.child      : update.0                        : update.0.child.subscriber._state_cb: DEBUG   : bulk update result: {'nModified': 1, 'nUpserted': 0, 'nMatched': 1, 'writeErrors': [], 'upserted': [], 'writeConcernErrors': [], 'nRemoved': 0, 'nInserted': 0}
2019-02-14 06:47:05,303: update.0.child      : update.0                        : update.0.child.subscriber._cancel_monitor_cb: DEBUG   : command ignored: add_pilots
2019-02-14 06:47:05,736: update.0.child      : update.0                        : update.0.child.subscriber._state_cb: DEBUG   : bulk update result: {'nModified': 28, 'nUpserted': 0, 'nMatched': 28, 'writeErrors': [], 'upserted': [], 'writeConcernErrors': [], 'nRemoved': 0, 'nInserted': 0}
2019-02-14 06:47:07,068: update.0.child      : update.0                        : update.0.child.idler._idle_cb: DEBUG   : bulk update result: {'nModified': 84, 'nUpserted': 0, 'nMatched': 84, 'writeErrors': [], 'upserted': [], 'writeConcernErrors': [], 'nRemoved': 0, 'nInserted': 0}
2019-02-14 06:47:19,588: update.0.child      : update.0                        : update.0.child.subscriber._state_cb: DEBUG   : bulk update result: {'nModified': 28, 'nUpserted': 0, 'nMatched': 28, 'writeErrors': [], 'upserted': [], 'writeConcernErrors': [], 'nRemoved': 0, 'nInserted': 0}
2019-02-14 07:47:24,189: update.0.child      : update.0                        : update.0.child.subscriber._state_cb: DEBUG   : bulk update result: {'nModified': 4, 'nUpserted': 0, 'nMatched': 4, 'writeErrors': [], 'upserted': [], 'writeConcernErrors': [], 'nRemoved': 0, 'nInserted': 0}
2019-02-14 07:47:25,457: update.0.child      : update.0                        : update.0.child.subscriber._state_cb: DEBUG   : bulk update result: {'nModified': 12, 'nUpserted': 0, 'nMatched': 12, 'writeErrors': [], 'upserted': [], 'writeConcernErrors': [], 'nRemoved': 0, 'nInserted': 0}
2019-02-14 07:47:26,684: update.0.child      : update.0                        : update.0.child.idler._idle_cb: DEBUG   : bulk update result: {'nModified': 8, 'nUpserted': 0, 'nMatched': 8, 'writeErrors': [], 'upserted': [], 'writeConcernErrors': [], 'nRemoved': 0, 'nInserted': 0}
2019-02-14 07:47:27,776: update.0.child      : update.0                        : update.0.child.idler._idle_cb: DEBUG   : bulk update result: {'nModified': 12, 'nUpserted': 0, 'nMatched': 12, 'writeErrors': [], 'upserted': [], 'writeConcernErrors': [], 'nRemoved': 0, 'nInserted': 0}
2019-02-14 07:47:28,959: update.0.child      : update.0                        : update.0.child.idler._idle_cb: DEBUG   : bulk update result: {'nModified': 18, 'nUpserted': 0, 'nMatched': 18, 'writeErrors': [], 'upserted': [], 'writeConcernErrors': [], 'nRemoved': 0, 'nInserted': 0}
2019-02-14 08:47:22,976: update.0.child      : update.0                        : update.0.child.subscriber._state_cb: DEBUG   : bulk update result: {'nModified': 9, 'nUpserted': 0, 'nMatched': 9, 'writeErrors': [], 'upserted': [], 'writeConcernErrors': [], 'nRemoved': 0, 'nInserted': 0}
2019-02-14 08:47:24,638: update.0.child      : update.0                        : update.0.child.idler._idle_cb: DEBUG   : bulk update result: {'nModified': 18, 'nUpserted': 0, 'nMatched': 18, 'writeErrors': [], 'upserted': [], 'writeConcernErrors': [], 'nRemoved': 0, 'nInserted': 0}
2019-02-14 08:47:25,730: update.0.child      : update.0                        : update.0.child.idler._idle_cb: DEBUG   : bulk update result: {'nModified': 3, 'nUpserted': 0, 'nMatched': 3, 'writeErrors': [], 'upserted': [], 'writeConcernErrors': [], 'nRemoved': 0, 'nInserted': 0}
2019-02-14 08:48:04,704: update.0.child      : update.0                        : update.0.child.subscriber._cancel_monitor_cb: DEBUG   : command ignored: cancel_pilots
2019-02-14 08:48:25,592: update.0.child      : update.0                        : update.0.child.subscriber._state_cb: DEBUG   : bulk update result: {'nModified': 1, 'nUpserted': 0, 'nMatched': 1, 'writeErrors': [], 'upserted': [], 'writeConcernErrors': [], 'nRemoved': 0, 'nInserted': 0}
2019-02-14 08:48:25,592: update.0.child      : update.0                        : update.0.child.subscriber._cancel_monitor_cb: DEBUG   : command ignored: cancel_pilots
2019-02-14 08:48:28,802: update.0.child      : update.0                        : update.0.child.watch: INFO    : recv message: STOP
2019-02-14 08:48:28,802: update.0.child      : update.0                        : update.0.child.watch: INFO    : message received: STOP
2019-02-14 08:48:28,803: update.0.child      : update.0                        : update.0.child.watch: INFO    : STOP received: STOP
2019-02-14 08:48:28,803: update.0.child      : update.0                        : update.0.child.watch: INFO    : watcher closes
2019-02-14 08:48:28,803: update.0.child      : update.0                        : update.0.child.watch: INFO    : put message: [update.0.child.watch.thread] work finished
2019-02-14 08:48:28,803: update.0.child      : update.0                        : update.0.child.watch: DEBUG   : ru_finalize_child (NOOP)
2019-02-14 08:48:28,803: update.0.child      : update.0                        : update.0.child.watch: DEBUG   : ru_finalize_common (NOOP)
2019-02-14 08:48:28,803: update.0.child      : update.0                        : update.0.child.watch: INFO    : put message: [update.0.child.watch.thread] terminating
2019-02-14 08:48:28,817: update.0.child      : update.0                        : MainThread     : WARNING : alive check: proc invalid - stop [False - True]
2019-02-14 08:48:28,850: update.0.child      : update.0                        : MainThread     : INFO    : stop update.0.child (20862 : 20862 : MainThread) [radical.pilot.worker.update.Update.stop]
2019-02-14 08:48:28,906: update.0.child      : update.0                        : MainThread     : INFO    : parent stops child  20862 -> 20862 [update.0.child]
2019-02-14 08:48:28,907: update.0.child      : update.0                        : MainThread     : INFO    : send message: [update.0.child] STOP
2019-02-14 08:48:28,907: update.0.child      : update.0                        : MainThread     : WARNING : send failed ([Errno 9] Bad file descriptor) - terminate
2019-02-14 08:48:28,907: update.0.child      : update.0                        : MainThread     : DEBUG   : TERM : update.0.child unregister idler update.0.child.idler._idle_cb
2019-02-14 08:48:28,907: update.0.child      : update.0                        : MainThread     : INFO    : parent stops child
2019-02-14 08:48:28,908: update.0.child      : update.0                        : MainThread     : DEBUG   : ru_finalize_parent (NOOP)
2019-02-14 08:48:28,908: update.0.child      : update.0                        : MainThread     : DEBUG   : ru_finalize_common (NOOP)
2019-02-14 08:48:28,992: update.0.child      : update.0                        : update.0.child.idler._idle_cb: DEBUG   : ru_finalize_child (NOOP)
2019-02-14 08:48:28,992: update.0.child      : update.0                        : update.0.child.idler._idle_cb: DEBUG   : ru_finalize_common (NOOP)
2019-02-14 08:48:28,993: update.0.child      : update.0                        : update.0.child.idler._idle_cb: INFO    : put message: [update.0.child.idler._idle_cb.thread] terminating
2019-02-14 08:48:29,022: update.0.child      : update.0                        : MainThread     : DEBUG   : TERM : update.0.child unregistered idler update.0.child.idler._idle_cb
2019-02-14 08:48:29,023: update.0.child      : update.0                        : MainThread     : DEBUG   : TERM : update.0.child unregister subscriber update.0.child.subscriber._state_cb
2019-02-14 08:48:29,023: update.0.child      : update.0                        : MainThread     : DEBUG   : unregistered subscriber update.0.child.subscriber._state_cb
2019-02-14 08:48:29,023: update.0.child      : update.0                        : MainThread     : DEBUG   : ru_finalize_common()
2019-02-14 08:48:29,023: update.0.child      : update.0                        : MainThread     : DEBUG   : TERM : update.0.child unregister publisher log_pubsub
2019-02-14 08:48:29,024: update.0.child      : update.0                        : MainThread     : DEBUG   : unregistered publisher log_pubsub
2019-02-14 08:48:29,024: update.0.child      : update.0                        : MainThread     : DEBUG   : TERM : update.0.child unregister publisher state_pubsub
2019-02-14 08:48:29,025: update.0.child      : update.0                        : MainThread     : DEBUG   : unregistered publisher state_pubsub
2019-02-14 08:48:29,026: update.0.child      : update.0                        : MainThread     : DEBUG   : TERM : update.0.child unregister publisher control_pubsub
2019-02-14 08:48:29,027: update.0.child      : update.0                        : MainThread     : DEBUG   : unregistered publisher control_pubsub
2019-02-14 08:48:29,027: update.0.child      : update.0                        : MainThread     : DEBUG   : update.0.child close prof
2019-02-14 08:48:29,065: update.0.child      : update.0                        : MainThread     : INFO    : parent stops child
2019-02-14 08:48:29,065: update.0.child      : update.0                        : MainThread     : DEBUG   : ru_finalize_parent (NOOP)
2019-02-14 08:48:29,065: update.0.child      : update.0                        : MainThread     : DEBUG   : ru_finalize_common (NOOP)
2019-02-14 08:48:29,065: update.0.child      : update.0                        : MainThread     : INFO    : parent stops child
2019-02-14 08:48:29,065: update.0.child      : update.0                        : MainThread     : DEBUG   : ru_finalize_parent (NOOP)
2019-02-14 08:48:29,066: update.0.child      : update.0                        : update.0.child.subscriber._cancel_monitor_cb: DEBUG   : ru_finalize_child (NOOP)
2019-02-14 08:48:29,067: update.0.child      : update.0                        : update.0.child.subscriber._cancel_monitor_cb: INFO    : put message: [update.0.child.subscriber._cancel_monitor_cb.thread] terminating
2019-02-14 08:48:29,068: update.0.child      : update.0                        : MainThread     : INFO    : parent stops child
2019-02-14 08:48:29,068: update.0.child      : update.0                        : MainThread     : DEBUG   : ru_finalize_parent (NOOP)
2019-02-14 08:48:29,069: update.0.child      : update.0                        : update.0.child.subscriber._state_cb: DEBUG   : ru_finalize_child (NOOP)
2019-02-14 08:48:29,069: update.0.child      : update.0                        : update.0.child.subscriber._state_cb: INFO    : put message: [update.0.child.subscriber._state_cb.thread] terminating
2019-02-14 08:48:29,069: update.0.child      : update.0                        : MainThread     : INFO    : parent stops child
2019-02-14 08:48:29,070: update.0.child      : update.0                        : MainThread     : WARNING : super update.0.child is invalid
2019-02-14 08:48:29,070: update.0.child      : update.0                        : MainThread     : WARNING : component update.0.child is invalid
2019-02-14 08:48:29,072: update.0.child      : update.0                        : MainThread     : INFO    : stop update.0.child (20862 : 20862 : MainThread) [radical.pilot.worker.update.Update.stop]
2019-02-14 08:48:29,072: update.0.child      : update.0                        : MainThread     : DEBUG   : TERM : update.0.child unregister idler update.0.child.idler._idle_cb
2019-02-14 08:48:29,072: update.0.child      : update.0                        : MainThread     : WARNING : timed cb update.0.child.idler._idle_cb is not registered
2019-02-14 08:48:29,072: update.0.child      : update.0                        : MainThread     : DEBUG   : TERM : update.0.child unregister subscriber update.0.child.subscriber._state_cb
2019-02-14 08:48:29,073: update.0.child      : update.0                        : MainThread     : WARNING : subscriber _state_cb is not registered
2019-02-14 08:48:29,073: update.0.child      : update.0                        : MainThread     : DEBUG   : ru_finalize_common()
2019-02-14 08:48:29,073: update.0.child      : update.0                        : MainThread     : WARNING : publisher log_pubsub is not registered
2019-02-14 08:48:29,073: update.0.child      : update.0                        : MainThread     : WARNING : publisher state_pubsub is not registered
2019-02-14 08:48:29,073: update.0.child      : update.0                        : MainThread     : WARNING : publisher control_pubsub is not registered
2019-02-14 08:48:29,073: update.0.child      : update.0                        : MainThread     : DEBUG   : update.0.child close prof
2019-02-14 08:48:29,073: update.0.child      : update.0                        : MainThread     : INFO    : send message: [update.0.child] terminating
2019-02-14 08:48:29,073: update.0.child      : update.0                        : MainThread     : WARNING : send failed ([Errno 9] Bad file descriptor) - terminate
2019-02-14 08:48:29,074: update.0.child      : update.0                        : MainThread     : INFO    : parent stops child
2019-02-14 08:48:29,074: update.0.child      : update.0                        : MainThread     : INFO    : parent stops child
2019-02-14 08:48:29,074: update.0.child      : update.0                        : MainThread     : INFO    : parent stops child
