2019-02-13 22:51:57,601: update.0            : MainProcess                     : MainThread     : INFO    : python.interpreter   version: 2.7.12 (default, Nov 12 2018, 14:36:49) [GCC 5.4.0 20160609]
2019-02-13 22:51:57,601: update.0            : MainProcess                     : MainThread     : INFO    :                      pid/tid: 20716/MainThread
2019-02-13 22:51:57,601: update.0            : MainProcess                     : MainThread     : DEBUG   : alive check in term
2019-02-13 22:51:57,602: update.0            : MainProcess                     : MainThread     : DEBUG   : start process
2019-02-13 22:51:58,531: update.0            : MainProcess                     : MainThread     : INFO    : recv message: alive
2019-02-13 22:51:58,532: update.0            : MainProcess                     : MainThread     : INFO    : initialize update.0
2019-02-13 22:51:58,533: update.0            : MainProcess                     : MainThread     : INFO    : cfg: {'agents': {},
 u'bridges': {u'control_pubsub': {'addr_in': 'tcp://138.201.86.166:41339',
                                  'addr_out': 'tcp://138.201.86.166:43036',
                                  u'bulk_size': 0,
                                  u'log_level': u'error',
                                  u'stall_hwm': 1},
              u'log_pubsub': {'addr_in': 'tcp://138.201.86.166:39343',
                              'addr_out': 'tcp://138.201.86.166:33062',
                              u'bulk_size': 0,
                              u'log_level': u'error',
                              u'stall_hwm': 1},
              u'state_pubsub': {'addr_in': 'tcp://138.201.86.166:34796',
                                'addr_out': 'tcp://138.201.86.166:45913',
                                u'bulk_size': 0,
                                u'log_level': u'error',
                                u'stall_hwm': 1}},
 'cname': u'UpdateWorker',
 u'components': {},
 u'count': 1,
 'dburl': 'mongodb://user:user@ds223760.mlab.com:23760/adaptivity',
 u'default_dburl': u'mongodb://rp:rp@ds015335.mlab.com:15335/rp',
 'logdir': '/home/jdakka/hyperspace-htbac/microscope/hyperspace/microscope/re.session.two.jdakka.017940.0005',
 'number': 0,
 'owner': 're.session.two.jdakka.017940.0005',
 'session_id': 're.session.two.jdakka.017940.0005'}
2019-02-13 22:51:58,533: update.0            : MainProcess                     : MainThread     : DEBUG   : alive check in term
2019-02-13 22:51:58,533: update.0            : MainProcess                     : MainThread     : DEBUG   : START: update.0 register publisher log_pubsub
2019-02-13 22:51:58,533: update.0            : MainProcess                     : MainThread     : DEBUG   : using addr tcp://138.201.86.166:39343 for pubsub log_pubsub
2019-02-13 22:51:58,578: update.0            : MainProcess                     : MainThread     : DEBUG   : registered publisher : log_pubsub : log.pubsub.pub.0000
2019-02-13 22:51:58,578: update.0            : MainProcess                     : MainThread     : DEBUG   : alive check in term
2019-02-13 22:51:58,578: update.0            : MainProcess                     : MainThread     : DEBUG   : START: update.0 register publisher state_pubsub
2019-02-13 22:51:58,578: update.0            : MainProcess                     : MainThread     : DEBUG   : using addr tcp://138.201.86.166:34796 for pubsub state_pubsub
2019-02-13 22:51:58,579: update.0            : MainProcess                     : MainThread     : DEBUG   : registered publisher : state_pubsub : state.pubsub.pub.0000
2019-02-13 22:51:58,579: update.0            : MainProcess                     : MainThread     : DEBUG   : alive check in term
2019-02-13 22:51:58,580: update.0            : MainProcess                     : MainThread     : DEBUG   : START: update.0 register publisher control_pubsub
2019-02-13 22:51:58,580: update.0            : MainProcess                     : MainThread     : DEBUG   : using addr tcp://138.201.86.166:41339 for pubsub control_pubsub
2019-02-13 22:51:58,580: update.0            : MainProcess                     : MainThread     : DEBUG   : registered publisher : control_pubsub : control.pubsub.pub.0000
2019-02-13 22:51:58,581: update.0            : MainProcess                     : MainThread     : DEBUG   : parent name: update.0.watch
2019-02-13 22:51:58,581: update.0            : MainProcess                     : MainThread     : DEBUG   : start thread
2019-02-13 22:51:58,581: update.0            : MainProcess                     : update.0.watch : DEBUG   : child name: update.0.watch.thread
2019-02-13 22:51:58,581: update.0            : MainProcess                     : update.0.watch : INFO    : child (me) initializing
2019-02-13 22:51:58,581: update.0            : MainProcess                     : update.0.watch : DEBUG   : ru_initialize_common (NOOP)
2019-02-13 22:51:58,581: update.0            : MainProcess                     : update.0.watch : DEBUG   : ru_initialize_child (NOOP)
2019-02-13 22:51:58,581: update.0            : MainProcess                     : update.0.watch : INFO    : send alive
2019-02-13 22:51:58,581: update.0            : MainProcess                     : update.0.watch : INFO    : put message: [update.0.watch.thread] alive
2019-02-13 22:51:58,582: update.0            : MainProcess                     : MainThread     : INFO    : get msg: alive
2019-02-13 22:51:58,582: update.0            : MainProcess                     : MainThread     : DEBUG   : ru_initialize_common (NOOP)
2019-02-13 22:51:58,582: update.0            : MainProcess                     : MainThread     : DEBUG   : ru_initialize_parent (NOOP)
2019-02-13 22:51:58,582: update.0            : MainProcess                     : MainThread     : DEBUG   : child thread update.0.watch started
2019-02-13 22:51:58,582: update.0            : MainProcess                     : MainThread     : INFO    : child is alive
2019-02-13 22:51:58,582: update.0            : MainProcess                     : MainThread     : DEBUG   : process class started child
2019-02-14 08:48:28,749: update.0            : MainProcess                     : MainThread     : INFO    : stop update.0 (20716 : 20862 : MainThread) [radical.pilot.worker.update.Update.stop]
2019-02-14 08:48:28,801: update.0            : MainProcess                     : MainThread     : INFO    : parent stops child  20716 -> 20862 [update.0]
2019-02-14 08:48:28,802: update.0            : MainProcess                     : MainThread     : INFO    : send message: [update.0] STOP
2019-02-14 08:48:28,802: update.0            : MainProcess                     : MainThread     : DEBUG   : ru_finalize_common()
2019-02-14 08:48:28,802: update.0            : MainProcess                     : MainThread     : DEBUG   : TERM : update.0 unregister publisher log_pubsub
2019-02-14 08:48:28,803: update.0            : MainProcess                     : MainThread     : DEBUG   : unregistered publisher log_pubsub
2019-02-14 08:48:28,804: update.0            : MainProcess                     : MainThread     : DEBUG   : TERM : update.0 unregister publisher state_pubsub
2019-02-14 08:48:28,805: update.0            : MainProcess                     : MainThread     : DEBUG   : unregistered publisher state_pubsub
2019-02-14 08:48:28,805: update.0            : MainProcess                     : MainThread     : DEBUG   : TERM : update.0 unregister publisher control_pubsub
2019-02-14 08:48:28,806: update.0            : MainProcess                     : MainThread     : DEBUG   : unregistered publisher control_pubsub
2019-02-14 08:48:28,807: update.0            : MainProcess                     : MainThread     : DEBUG   : update.0 close prof
2019-02-14 08:48:28,826: update.0            : MainProcess                     : update.0.watch : INFO    : recv message: 
2019-02-14 08:48:28,827: update.0            : MainProcess                     : update.0.watch : INFO    : message received: 
2019-02-14 08:48:28,827: update.0            : MainProcess                     : update.0.watch : WARNING : no message, parent closed ep!
2019-02-14 08:48:28,827: update.0            : MainProcess                     : update.0.watch : INFO    : watcher closes
2019-02-14 08:48:28,827: update.0            : MainProcess                     : update.0.watch : INFO    : put message: [update.0.watch.thread] work finished
2019-02-14 08:48:28,827: update.0            : MainProcess                     : update.0.watch : DEBUG   : ru_finalize_child (NOOP)
2019-02-14 08:48:28,827: update.0            : MainProcess                     : update.0.watch : DEBUG   : ru_finalize_common (NOOP)
2019-02-14 08:48:28,827: update.0            : MainProcess                     : update.0.watch : INFO    : put message: [update.0.watch.thread] terminating
2019-02-14 08:48:28,835: update.0            : MainProcess                     : MainThread     : INFO    : parent stops child
2019-02-14 08:48:28,835: update.0            : MainProcess                     : MainThread     : DEBUG   : ru_finalize_parent (NOOP)
2019-02-14 08:48:28,835: update.0            : MainProcess                     : MainThread     : DEBUG   : ru_finalize_common (NOOP)
2019-02-14 08:48:32,208: update.0            : MainProcess                     : MainThread     : INFO    : stop update.0 (20716 : 20862 : MainThread) [radical.pilot.worker.update.Update.stop]
