2019-02-14 00:46:53,573: control.pubsub.sub.0000: agent_0.staging.output.0        : MainThread     : INFO    : python.interpreter   version: 2.7.11 (default, Feb 23 2016, 17:47:07) [GCC 4.8.5 20150623 (Red Hat 4.8.5-4)]
2019-02-14 00:46:53,579: control.pubsub.sub.0000: agent_0.staging.output.0        : MainThread     : INFO    :                      pid/tid: 29577/MainThread
2019-02-14 00:46:53,579: control.pubsub.sub.0000: agent_0.staging.output.0        : MainThread     : INFO    : create control_pubsub - sub - tcp://10.4.116.12:42168
2019-02-14 00:46:53,579: control.pubsub.sub.0000: agent_0.staging.output.0        : MainThread     : DEBUG   : start process
2019-02-14 00:46:53,579: control.pubsub.sub.0000: agent_0.staging.output.0        : MainThread     : DEBUG   : ru_initialize_common (NOOP)
2019-02-14 00:46:53,579: control.pubsub.sub.0000: agent_0.staging.output.0        : MainThread     : DEBUG   : ru_initialize_parent (NOOP)
2019-02-14 00:46:53,579: control.pubsub.sub.0000: agent_0.staging.output.0        : MainThread     : DEBUG   : process class started (no child)
2019-02-14 00:46:54,721: control.pubsub.sub.0000: agent_0.scheduling.0            : MainThread     : INFO    : python.interpreter   version: 2.7.11 (default, Feb 23 2016, 17:47:07) [GCC 4.8.5 20150623 (Red Hat 4.8.5-4)]
2019-02-14 00:46:54,723: control.pubsub.sub.0000: agent_0.scheduling.0            : MainThread     : INFO    :                      pid/tid: 29600/MainThread
2019-02-14 00:46:54,723: control.pubsub.sub.0000: agent_0.scheduling.0            : MainThread     : INFO    : create control_pubsub - sub - tcp://10.4.116.12:42168
2019-02-14 00:46:54,723: control.pubsub.sub.0000: agent_0.scheduling.0            : MainThread     : DEBUG   : start process
2019-02-14 00:46:54,723: control.pubsub.sub.0000: agent_0.scheduling.0            : MainThread     : DEBUG   : ru_initialize_common (NOOP)
2019-02-14 00:46:54,723: control.pubsub.sub.0000: agent_0.scheduling.0            : MainThread     : DEBUG   : ru_initialize_parent (NOOP)
2019-02-14 00:46:54,724: control.pubsub.sub.0000: agent_0.scheduling.0            : MainThread     : DEBUG   : process class started (no child)
2019-02-14 00:46:57,196: control.pubsub.sub.0000: agent_0.staging.input.0         : MainThread     : INFO    : python.interpreter   version: 2.7.11 (default, Feb 23 2016, 17:47:07) [GCC 4.8.5 20150623 (Red Hat 4.8.5-4)]
2019-02-14 00:46:57,199: control.pubsub.sub.0000: agent_0.staging.input.0         : MainThread     : INFO    :                      pid/tid: 29631/MainThread
2019-02-14 00:46:57,199: control.pubsub.sub.0000: agent_0.staging.input.0         : MainThread     : INFO    : create control_pubsub - sub - tcp://10.4.116.12:42168
2019-02-14 00:46:57,199: control.pubsub.sub.0000: agent_0.staging.input.0         : MainThread     : DEBUG   : start process
2019-02-14 00:46:57,199: control.pubsub.sub.0000: agent_0.staging.input.0         : MainThread     : DEBUG   : ru_initialize_common (NOOP)
2019-02-14 00:46:57,199: control.pubsub.sub.0000: agent_0.staging.input.0         : MainThread     : DEBUG   : ru_initialize_parent (NOOP)
2019-02-14 00:46:57,199: control.pubsub.sub.0000: agent_0.staging.input.0         : MainThread     : DEBUG   : process class started (no child)
2019-02-14 00:46:58,420: control.pubsub.sub.0000: update.0                        : MainThread     : INFO    : python.interpreter   version: 2.7.11 (default, Feb 23 2016, 17:47:07) [GCC 4.8.5 20150623 (Red Hat 4.8.5-4)]
2019-02-14 00:46:58,422: control.pubsub.sub.0000: update.0                        : MainThread     : INFO    :                      pid/tid: 29656/MainThread
2019-02-14 00:46:58,422: control.pubsub.sub.0000: update.0                        : MainThread     : INFO    : create control_pubsub - sub - tcp://10.4.116.12:42168
2019-02-14 00:46:58,422: control.pubsub.sub.0000: update.0                        : MainThread     : DEBUG   : start process
2019-02-14 00:46:58,422: control.pubsub.sub.0000: update.0                        : MainThread     : DEBUG   : ru_initialize_common (NOOP)
2019-02-14 00:46:58,422: control.pubsub.sub.0000: update.0                        : MainThread     : DEBUG   : ru_initialize_parent (NOOP)
2019-02-14 00:46:58,422: control.pubsub.sub.0000: update.0                        : MainThread     : DEBUG   : process class started (no child)
2019-02-14 00:46:59,346: control.pubsub.sub.0000: agent_0.executing.0             : MainThread     : INFO    : python.interpreter   version: 2.7.11 (default, Feb 23 2016, 17:47:07) [GCC 4.8.5 20150623 (Red Hat 4.8.5-4)]
2019-02-14 00:46:59,348: control.pubsub.sub.0000: agent_0.executing.0             : MainThread     : INFO    :                      pid/tid: 29680/MainThread
2019-02-14 00:46:59,348: control.pubsub.sub.0000: agent_0.executing.0             : MainThread     : INFO    : create control_pubsub - sub - tcp://10.4.116.12:42168
2019-02-14 00:46:59,349: control.pubsub.sub.0000: agent_0.executing.0             : MainThread     : DEBUG   : start process
2019-02-14 00:46:59,349: control.pubsub.sub.0000: agent_0.executing.0             : MainThread     : DEBUG   : ru_initialize_common (NOOP)
2019-02-14 00:46:59,349: control.pubsub.sub.0000: agent_0.executing.0             : MainThread     : DEBUG   : ru_initialize_parent (NOOP)
2019-02-14 00:46:59,349: control.pubsub.sub.0000: agent_0.executing.0             : MainThread     : DEBUG   : process class started (no child)
2019-02-14 02:48:10,415: control.pubsub.sub.0000: agent_0.staging.input.0         : agent_0.staging.input.0.child.subscriber._cancel_monitor_cb: INFO    : parent stops child  29631 -> None [control.pubsub.sub.0000]
2019-02-14 02:48:10,415: control.pubsub.sub.0000: agent_0.staging.input.0         : agent_0.staging.input.0.child.subscriber._cancel_monitor_cb: DEBUG   : ru_finalize_parent (NOOP)
2019-02-14 02:48:10,422: control.pubsub.sub.0000: agent_0.staging.output.0        : agent_0.staging.output.0.child.subscriber._cancel_monitor_cb: INFO    : parent stops child  29577 -> None [control.pubsub.sub.0000]
2019-02-14 02:48:10,422: control.pubsub.sub.0000: agent_0.staging.output.0        : agent_0.staging.output.0.child.subscriber._cancel_monitor_cb: DEBUG   : ru_finalize_parent (NOOP)
2019-02-14 02:48:10,422: control.pubsub.sub.0000: agent_0.executing.0             : agent_0.executing.0.child.subscriber._cancel_monitor_cb: INFO    : parent stops child  29680 -> None [control.pubsub.sub.0000]
2019-02-14 02:48:10,422: control.pubsub.sub.0000: agent_0.executing.0             : agent_0.executing.0.child.subscriber._cancel_monitor_cb: DEBUG   : ru_finalize_parent (NOOP)
2019-02-14 02:48:10,423: control.pubsub.sub.0000: update.0                        : update.0.child.subscriber._cancel_monitor_cb: INFO    : parent stops child  29656 -> None [control.pubsub.sub.0000]
2019-02-14 02:48:10,423: control.pubsub.sub.0000: update.0                        : update.0.child.subscriber._cancel_monitor_cb: DEBUG   : ru_finalize_parent (NOOP)
2019-02-14 02:48:11,312: control.pubsub.sub.0000: agent_0.scheduling.0            : agent_0.scheduling.0.child.subscriber._cancel_monitor_cb: INFO    : parent stops child  29600 -> None [control.pubsub.sub.0000]
2019-02-14 02:48:11,312: control.pubsub.sub.0000: agent_0.scheduling.0            : agent_0.scheduling.0.child.subscriber._cancel_monitor_cb: DEBUG   : ru_finalize_parent (NOOP)
