2019-02-14 00:46:58,386: update.0.child      : update.0                        : MainThread     : INFO    : python.interpreter   version: 2.7.11 (default, Feb 23 2016, 17:47:07) [GCC 4.8.5 20150623 (Red Hat 4.8.5-4)]
2019-02-14 00:46:58,389: update.0.child      : update.0                        : MainThread     : INFO    :                      pid/tid: 29656/MainThread
2019-02-14 00:46:58,389: update.0.child      : update.0                        : MainThread     : INFO    : initialize update.0.child
2019-02-14 00:46:58,395: update.0.child      : update.0                        : MainThread     : INFO    : cfg: {'agent_launch_method': 'SSH',
 'agent_name': 'agent_0',
 'agents': {},
 'bridges': {'agent_executing_queue': {'addr_in': 'tcp://10.4.116.12:39514',
                                       'addr_out': 'tcp://10.4.116.12:33763',
                                       'bulk_size': 0,
                                       'log_level': 'error',
                                       'stall_hwm': 1},
             'agent_schedule_pubsub': {'addr_in': 'tcp://10.4.116.12:37876',
                                       'addr_out': 'tcp://10.4.116.12:43833',
                                       'bulk_size': 0,
                                       'log_level': 'error',
                                       'stall_hwm': 1},
             'agent_scheduling_queue': {'addr_in': 'tcp://10.4.116.12:39117',
                                        'addr_out': 'tcp://10.4.116.12:36323',
                                        'bulk_size': 0,
                                        'log_level': 'error',
                                        'stall_hwm': 1},
             'agent_staging_input_queue': {'addr_in': 'tcp://10.4.116.12:46032',
                                           'addr_out': 'tcp://10.4.116.12:46137',
                                           'bulk_size': 0,
                                           'log_level': 'error',
                                           'stall_hwm': 1},
             'agent_staging_output_queue': {'addr_in': 'tcp://10.4.116.12:44396',
                                            'addr_out': 'tcp://10.4.116.12:39796',
                                            'bulk_size': 0,
                                            'log_level': 'error',
                                            'stall_hwm': 1},
             'agent_unschedule_pubsub': {'addr_in': 'tcp://10.4.116.12:32915',
                                         'addr_out': 'tcp://10.4.116.12:35400',
                                         'bulk_size': 0,
                                         'log_level': 'error',
                                         'stall_hwm': 1},
             'control_pubsub': {'addr_in': 'tcp://10.4.116.12:39596',
                                'addr_out': 'tcp://10.4.116.12:42168',
                                'bulk_size': 0,
                                'log_level': 'error',
                                'stall_hwm': 1},
             'log_pubsub': {'addr_in': 'tcp://10.4.116.12:34166',
                            'addr_out': 'tcp://10.4.116.12:46085',
                            'bulk_size': 0,
                            'log_level': 'error',
                            'stall_hwm': 1},
             'state_pubsub': {'addr_in': 'tcp://10.4.116.12:37330',
                              'addr_out': 'tcp://10.4.116.12:46094',
                              'bulk_size': 0,
                              'log_level': 'error',
                              'stall_hwm': 1}},
 'bulk_collection_size': 100,
 'bulk_collection_time': 1.0,
 'cname': 'UpdateWorker',
 'components': {},
 'cores': 532,
 'cores_per_node': 0,
 'count': 1,
 'cu_post_exec': None,
 'cu_pre_exec': [],
 'cu_tmp': None,
 'db_poll_sleeptime': 1.0,
 'dburl': 'mongodb://user:user@ds223760.mlab.com:23760/adaptivity',
 'debug': 10,
 'export_to_cu': [],
 'gpus': 0,
 'gpus_per_node': 2,
 'lfs_path_per_node': '$LOCAL',
 'lfs_size_per_node': 3713368,
 'logdir': '.',
 'lrms': 'SLURM',
 'lrms_info': {'agent_nodes': {},
               'cores_per_node': 28,
               'gpus_per_node': 2,
               'lfs_per_node': {'path': '/local/4914560', 'size': 3713368},
               'lm_info': {'cores_per_node': 28},
               'name': 'Slurm',
               'node_list': [['r011', 'r011'],
                             ['r032', 'r032'],
                             ['r042', 'r042'],
                             ['r049', 'r049'],
                             ['r055', 'r055'],
                             ['r065', 'r065'],
                             ['r099', 'r099'],
                             ['r100', 'r100'],
                             ['r101', 'r101'],
                             ['r102', 'r102'],
                             ['r103', 'r103'],
                             ['r104', 'r104'],
                             ['r105', 'r105'],
                             ['r106', 'r106'],
                             ['r107', 'r107'],
                             ['r108', 'r108'],
                             ['r303', 'r303'],
                             ['r305', 'r305'],
                             ['r397', 'r397']]},
 'max_io_loglength': 1024,
 'mode': 'shared',
 'mpi_launch_method': 'MPIRUN',
 'number': 0,
 'owner': 'agent_0',
 'pilot_id': 'pilot.0000',
 'pilot_sandbox': '/pylon5/mc3bggp/dakka/radical.pilot.sandbox/re.session.two.jdakka.017940.0005/pilot.0000/',
 'resource_cfg': {'agent_launch_method': 'SSH',
                  'agent_scheduler': 'CONTINUOUS',
                  'agent_spawner': 'POPEN',
                  'cu_pre_exec': [],
                  'default_queue': 'normal',
                  'default_remote_workdir': '$SCRATCH',
                  'description': "The XSEDE 'Bridges' cluster at PSC (https://portal.xsede.org/psc-bridges/).",
                  'export_to_cu': [],
                  'filesystem_endpoint': 'gsisftp://bridges.psc.xsede.org:2222/',
                  'go': {'filesystem_endpoint': 'go://xsede#bridges/',
                         'job_manager_endpoint': 'slurm+ssh://bridges.psc.xsede.org/'},
                  'gpus_per_node': 2,
                  'gsissh': {'filesystem_endpoint': 'gsisftp://bridges.psc.xsede.org:2222/',
                             'job_manager_endpoint': 'slurm+gsissh://bridges.psc.xsede.org:2222/'},
                  'job_manager_endpoint': 'slurm+gsissh://bridges.psc.xsede.org:2222/',
                  'label': 'xsede.bridges',
                  'lfs_path_per_node': '$LOCAL',
                  'lfs_size_per_node': 3713368,
                  'lrms': 'SLURM',
                  'mpi_launch_method': 'MPIRUN',
                  'notes': 'Always set the ``project`` attribute in the ComputePilotDescription.',
                  'pre_bootstrap_0': ['module purge',
                                      'module load gcc',
                                      'module load mpi/gcc_openmpi',
                                      'module load slurm',
                                      'module load python2'],
                  'python_dist': 'default',
                  'rp_version': 'local',
                  'saga_jd_supplement': {'cpu_architecture': ['p100']},
                  'schemas': ['gsissh', 'ssh', 'go'],
                  'ssh': {'filesystem_endpoint': 'sftp://bridges.psc.xsede.org/',
                          'job_manager_endpoint': 'slurm+ssh://bridges.psc.xsede.org/'},
                  'task_launch_method': 'SSH',
                  'valid_roots': ['/home', '/pylon1', '/pylon5'],
                  'virtenv_mode': 'create'},
 'resource_sandbox': '/pylon5/mc3bggp/dakka/radical.pilot.sandbox',
 'runtime': 130,
 'scheduler': 'CONTINUOUS',
 'session_id': 're.session.two.jdakka.017940.0005',
 'session_sandbox': '/pylon5/mc3bggp/dakka/radical.pilot.sandbox/re.session.two.jdakka.017940.0005',
 'spawner': 'POPEN',
 'staging_area': 'staging_area',
 'staging_schema': 'staging',
 'target': 'local',
 'task_launch_method': 'SSH',
 'uid': 'agent_0',
 'workdir': '/pylon5/mc3bggp/dakka/radical.pilot.sandbox/re.session.two.jdakka.017940.0005/pilot.0000'}
2019-02-14 00:46:58,396: update.0.child      : update.0                        : MainThread     : DEBUG   : start components: {}
2019-02-14 00:46:58,396: update.0.child      : update.0                        : MainThread     : DEBUG   : alive check in term
2019-02-14 00:46:58,396: update.0.child      : update.0                        : MainThread     : DEBUG   : START: update.0.child register publisher log_pubsub
2019-02-14 00:46:58,396: update.0.child      : update.0                        : MainThread     : DEBUG   : using addr tcp://10.4.116.12:34166 for pubsub log_pubsub
2019-02-14 00:46:58,403: update.0.child      : update.0                        : MainThread     : DEBUG   : registered publisher : log_pubsub : log.pubsub.pub.0003
2019-02-14 00:46:58,403: update.0.child      : update.0                        : MainThread     : DEBUG   : alive check in term
2019-02-14 00:46:58,403: update.0.child      : update.0                        : MainThread     : DEBUG   : START: update.0.child register publisher state_pubsub
2019-02-14 00:46:58,403: update.0.child      : update.0                        : MainThread     : DEBUG   : using addr tcp://10.4.116.12:37330 for pubsub state_pubsub
2019-02-14 00:46:58,409: update.0.child      : update.0                        : MainThread     : DEBUG   : registered publisher : state_pubsub : state.pubsub.pub.0003
2019-02-14 00:46:58,409: update.0.child      : update.0                        : MainThread     : DEBUG   : alive check in term
2019-02-14 00:46:58,409: update.0.child      : update.0                        : MainThread     : DEBUG   : START: update.0.child register publisher control_pubsub
2019-02-14 00:46:58,409: update.0.child      : update.0                        : MainThread     : DEBUG   : using addr tcp://10.4.116.12:39596 for pubsub control_pubsub
2019-02-14 00:46:58,415: update.0.child      : update.0                        : MainThread     : DEBUG   : registered publisher : control_pubsub : control.pubsub.pub.0003
2019-02-14 00:46:58,418: update.0.child      : update.0                        : MainThread     : DEBUG   : alive check in term
2019-02-14 00:46:58,418: update.0.child      : update.0                        : MainThread     : DEBUG   : START: update.0.child register subscriber update.0.child.subscriber._cancel_monitor_cb
2019-02-14 00:46:58,418: update.0.child      : update.0                        : MainThread     : DEBUG   : using addr tcp://10.4.116.12:42168 for pubsub control_pubsub
2019-02-14 00:46:58,423: update.0.child      : update.0                        : MainThread     : DEBUG   : parent name: update.0.child.subscriber._cancel_monitor_cb
2019-02-14 00:46:58,423: update.0.child      : update.0                        : MainThread     : DEBUG   : start thread
2019-02-14 00:46:58,423: update.0.child      : update.0                        : update.0.child.subscriber._cancel_monitor_cb: DEBUG   : child name: update.0.child.subscriber._cancel_monitor_cb.thread
2019-02-14 00:46:58,423: update.0.child      : update.0                        : update.0.child.subscriber._cancel_monitor_cb: INFO    : child (me) initializing
2019-02-14 00:46:58,424: update.0.child      : update.0                        : update.0.child.subscriber._cancel_monitor_cb: DEBUG   : ru_initialize_common (NOOP)
2019-02-14 00:46:58,424: update.0.child      : update.0                        : update.0.child.subscriber._cancel_monitor_cb: DEBUG   : ru_initialize_child (NOOP)
2019-02-14 00:46:58,424: update.0.child      : update.0                        : update.0.child.subscriber._cancel_monitor_cb: INFO    : send alive
2019-02-14 00:46:58,424: update.0.child      : update.0                        : update.0.child.subscriber._cancel_monitor_cb: INFO    : put message: [update.0.child.subscriber._cancel_monitor_cb.thread] alive
2019-02-14 00:46:58,424: update.0.child      : update.0                        : MainThread     : INFO    : get msg: alive
2019-02-14 00:46:58,425: update.0.child      : update.0                        : MainThread     : DEBUG   : ru_initialize_common (NOOP)
2019-02-14 00:46:58,425: update.0.child      : update.0                        : MainThread     : DEBUG   : ru_initialize_parent (NOOP)
2019-02-14 00:46:58,425: update.0.child      : update.0                        : MainThread     : DEBUG   : child thread update.0.child.subscriber._cancel_monitor_cb started
2019-02-14 00:46:58,425: update.0.child      : update.0                        : MainThread     : DEBUG   : update.0.child registered control_pubsub subscriber update.0.child.subscriber._cancel_monitor_cb
2019-02-14 00:46:58,476: update.0.child      : update.0                        : MainThread     : DEBUG   : alive check in term
2019-02-14 00:46:58,476: update.0.child      : update.0                        : MainThread     : DEBUG   : START: update.0.child register subscriber update.0.child.subscriber._state_cb
2019-02-14 00:46:58,476: update.0.child      : update.0                        : MainThread     : DEBUG   : using addr tcp://10.4.116.12:46094 for pubsub state_pubsub
2019-02-14 00:46:58,483: update.0.child      : update.0                        : MainThread     : DEBUG   : parent name: update.0.child.subscriber._state_cb
2019-02-14 00:46:58,483: update.0.child      : update.0                        : MainThread     : DEBUG   : start thread
2019-02-14 00:46:58,483: update.0.child      : update.0                        : update.0.child.subscriber._state_cb: DEBUG   : child name: update.0.child.subscriber._state_cb.thread
2019-02-14 00:46:58,483: update.0.child      : update.0                        : update.0.child.subscriber._state_cb: INFO    : child (me) initializing
2019-02-14 00:46:58,483: update.0.child      : update.0                        : update.0.child.subscriber._state_cb: DEBUG   : ru_initialize_common (NOOP)
2019-02-14 00:46:58,483: update.0.child      : update.0                        : update.0.child.subscriber._state_cb: DEBUG   : ru_initialize_child (NOOP)
2019-02-14 00:46:58,483: update.0.child      : update.0                        : update.0.child.subscriber._state_cb: INFO    : send alive
2019-02-14 00:46:58,484: update.0.child      : update.0                        : update.0.child.subscriber._state_cb: INFO    : put message: [update.0.child.subscriber._state_cb.thread] alive
2019-02-14 00:46:58,484: update.0.child      : update.0                        : MainThread     : INFO    : get msg: alive
2019-02-14 00:46:58,484: update.0.child      : update.0                        : MainThread     : DEBUG   : ru_initialize_common (NOOP)
2019-02-14 00:46:58,484: update.0.child      : update.0                        : MainThread     : DEBUG   : ru_initialize_parent (NOOP)
2019-02-14 00:46:58,484: update.0.child      : update.0                        : MainThread     : DEBUG   : child thread update.0.child.subscriber._state_cb started
2019-02-14 00:46:58,485: update.0.child      : update.0                        : MainThread     : DEBUG   : update.0.child registered state_pubsub subscriber update.0.child.subscriber._state_cb
2019-02-14 00:46:58,485: update.0.child      : update.0                        : MainThread     : DEBUG   : alive check in term
2019-02-14 00:46:58,485: update.0.child      : update.0                        : MainThread     : DEBUG   : START: update.0.child register idler update.0.child.idler._idle_cb
2019-02-14 00:46:58,485: update.0.child      : update.0                        : MainThread     : DEBUG   : parent name: update.0.child.idler._idle_cb
2019-02-14 00:46:58,485: update.0.child      : update.0                        : MainThread     : DEBUG   : start thread
2019-02-14 00:46:58,485: update.0.child      : update.0                        : update.0.child.idler._idle_cb: DEBUG   : child name: update.0.child.idler._idle_cb.thread
2019-02-14 00:46:58,486: update.0.child      : update.0                        : update.0.child.idler._idle_cb: INFO    : child (me) initializing
2019-02-14 00:46:58,486: update.0.child      : update.0                        : update.0.child.idler._idle_cb: DEBUG   : ru_initialize_common (NOOP)
2019-02-14 00:46:58,486: update.0.child      : update.0                        : update.0.child.idler._idle_cb: DEBUG   : ru_initialize_child (NOOP)
2019-02-14 00:46:58,486: update.0.child      : update.0                        : update.0.child.idler._idle_cb: INFO    : send alive
2019-02-14 00:46:58,486: update.0.child      : update.0                        : update.0.child.idler._idle_cb: INFO    : put message: [update.0.child.idler._idle_cb.thread] alive
2019-02-14 00:46:58,487: update.0.child      : update.0                        : MainThread     : INFO    : get msg: alive
2019-02-14 00:46:58,487: update.0.child      : update.0                        : MainThread     : DEBUG   : ru_initialize_common (NOOP)
2019-02-14 00:46:58,487: update.0.child      : update.0                        : MainThread     : DEBUG   : ru_initialize_parent (NOOP)
2019-02-14 00:46:58,487: update.0.child      : update.0                        : MainThread     : DEBUG   : child thread update.0.child.idler._idle_cb started
2019-02-14 00:46:58,487: update.0.child      : update.0                        : MainThread     : DEBUG   : update.0.child registered idler update.0.child.idler._idle_cb
2019-02-14 00:46:58,488: update.0.child      : update.0                        : MainThread     : INFO    : child (me) initializing
2019-02-14 00:46:58,488: update.0.child      : update.0                        : MainThread     : DEBUG   : parent name: update.0.child.watch
2019-02-14 00:46:58,488: update.0.child      : update.0                        : MainThread     : DEBUG   : start thread
2019-02-14 00:46:58,488: update.0.child      : update.0                        : update.0.child.watch: DEBUG   : child name: update.0.child.watch.thread
2019-02-14 00:46:58,488: update.0.child      : update.0                        : update.0.child.watch: INFO    : child (me) initializing
2019-02-14 00:46:58,488: update.0.child      : update.0                        : update.0.child.watch: DEBUG   : ru_initialize_common (NOOP)
2019-02-14 00:46:58,489: update.0.child      : update.0                        : update.0.child.watch: DEBUG   : ru_initialize_child (NOOP)
2019-02-14 00:46:58,489: update.0.child      : update.0                        : update.0.child.watch: INFO    : send alive
2019-02-14 00:46:58,489: update.0.child      : update.0                        : update.0.child.watch: INFO    : put message: [update.0.child.watch.thread] alive
2019-02-14 00:46:58,489: update.0.child      : update.0                        : MainThread     : INFO    : get msg: alive
2019-02-14 00:46:58,489: update.0.child      : update.0                        : MainThread     : DEBUG   : ru_initialize_common (NOOP)
2019-02-14 00:46:58,490: update.0.child      : update.0                        : MainThread     : DEBUG   : ru_initialize_parent (NOOP)
2019-02-14 00:46:58,490: update.0.child      : update.0                        : MainThread     : DEBUG   : child thread update.0.child.watch started
2019-02-14 00:46:58,490: update.0.child      : update.0                        : MainThread     : INFO    : child (me) is alive
2019-02-14 00:46:58,490: update.0.child      : update.0                        : MainThread     : INFO    : send alive
2019-02-14 00:46:58,490: update.0.child      : update.0                        : MainThread     : INFO    : send message: [update.0.child] alive
2019-02-14 00:46:59,827: update.0.child      : update.0                        : update.0.child.subscriber._state_cb: DEBUG   : bulk update result: {'nModified': 1, 'nUpserted': 0, 'nMatched': 1, 'writeErrors': [], 'upserted': [], 'writeConcernErrors': [], 'nRemoved': 0, 'nInserted': 0}
2019-02-14 00:47:20,112: update.0.child      : update.0                        : update.0.child.subscriber._state_cb: DEBUG   : bulk update result: {'nModified': 28, 'nUpserted': 0, 'nMatched': 28, 'writeErrors': [], 'upserted': [], 'writeConcernErrors': [], 'nRemoved': 0, 'nInserted': 0}
2019-02-14 00:47:20,745: update.0.child      : update.0                        : update.0.child.subscriber._state_cb: DEBUG   : bulk update result: {'nModified': 100, 'nUpserted': 0, 'nMatched': 100, 'writeErrors': [], 'upserted': [], 'writeConcernErrors': [], 'nRemoved': 0, 'nInserted': 0}
2019-02-14 00:47:22,555: update.0.child      : update.0                        : update.0.child.idler._idle_cb: DEBUG   : bulk update result: {'nModified': 12, 'nUpserted': 0, 'nMatched': 12, 'writeErrors': [], 'upserted': [], 'writeConcernErrors': [], 'nRemoved': 0, 'nInserted': 0}
2019-02-14 01:47:22,124: update.0.child      : update.0                        : update.0.child.subscriber._state_cb: DEBUG   : bulk update result: {'nModified': 1, 'nUpserted': 0, 'nMatched': 1, 'writeErrors': [], 'upserted': [], 'writeConcernErrors': [], 'nRemoved': 0, 'nInserted': 0}
2019-02-14 01:47:23,145: update.0.child      : update.0                        : update.0.child.subscriber._state_cb: DEBUG   : bulk update result: {'nModified': 23, 'nUpserted': 0, 'nMatched': 23, 'writeErrors': [], 'upserted': [], 'writeConcernErrors': [], 'nRemoved': 0, 'nInserted': 0}
2019-02-14 01:47:24,461: update.0.child      : update.0                        : update.0.child.subscriber._state_cb: DEBUG   : bulk update result: {'nModified': 8, 'nUpserted': 0, 'nMatched': 8, 'writeErrors': [], 'upserted': [], 'writeConcernErrors': [], 'nRemoved': 0, 'nInserted': 0}
2019-02-14 01:47:25,530: update.0.child      : update.0                        : update.0.child.subscriber._state_cb: DEBUG   : bulk update result: {'nModified': 10, 'nUpserted': 0, 'nMatched': 10, 'writeErrors': [], 'upserted': [], 'writeConcernErrors': [], 'nRemoved': 0, 'nInserted': 0}
2019-02-14 01:47:26,579: update.0.child      : update.0                        : update.0.child.idler._idle_cb: DEBUG   : bulk update result: {'nModified': 7, 'nUpserted': 0, 'nMatched': 7, 'writeErrors': [], 'upserted': [], 'writeConcernErrors': [], 'nRemoved': 0, 'nInserted': 0}
2019-02-14 01:47:27,613: update.0.child      : update.0                        : update.0.child.idler._idle_cb: DEBUG   : bulk update result: {'nModified': 5, 'nUpserted': 0, 'nMatched': 5, 'writeErrors': [], 'upserted': [], 'writeConcernErrors': [], 'nRemoved': 0, 'nInserted': 0}
2019-02-14 02:47:21,623: update.0.child      : update.0                        : update.0.child.subscriber._state_cb: DEBUG   : bulk update result: {'nModified': 1, 'nUpserted': 0, 'nMatched': 1, 'writeErrors': [], 'upserted': [], 'writeConcernErrors': [], 'nRemoved': 0, 'nInserted': 0}
2019-02-14 02:47:22,671: update.0.child      : update.0                        : update.0.child.subscriber._state_cb: DEBUG   : bulk update result: {'nModified': 27, 'nUpserted': 0, 'nMatched': 27, 'writeErrors': [], 'upserted': [], 'writeConcernErrors': [], 'nRemoved': 0, 'nInserted': 0}
2019-02-14 02:47:24,021: update.0.child      : update.0                        : update.0.child.idler._idle_cb: DEBUG   : bulk update result: {'nModified': 2, 'nUpserted': 0, 'nMatched': 2, 'writeErrors': [], 'upserted': [], 'writeConcernErrors': [], 'nRemoved': 0, 'nInserted': 0}
2019-02-14 02:48:05,420: update.0.child      : update.0                        : update.0.child.subscriber._cancel_monitor_cb: INFO    : got termination command
2019-02-14 02:48:05,591: update.0.child      : update.0                        : update.0.child.subscriber._cancel_monitor_cb: INFO    : stop update.0.child (29656 : 29656 : update.0.child.subscriber._cancel_monitor_cb) [radical.pilot.worker.update.Update.stop]
2019-02-14 02:48:07,418: update.0.child      : update.0                        : update.0.child.subscriber._cancel_monitor_cb: INFO    : parent stops child  29656 -> 29656 [update.0.child]
2019-02-14 02:48:07,418: update.0.child      : update.0                        : update.0.child.subscriber._cancel_monitor_cb: INFO    : send message: [update.0.child] STOP
2019-02-14 02:48:07,418: update.0.child      : update.0                        : update.0.child.subscriber._cancel_monitor_cb: DEBUG   : TERM : update.0.child unregister idler update.0.child.idler._idle_cb
2019-02-14 02:48:07,419: update.0.child      : update.0                        : update.0.child.subscriber._cancel_monitor_cb: INFO    : signal stop for update.0.child.subscriber._cancel_monitor_cb - do not join
2019-02-14 02:48:07,419: update.0.child      : update.0                        : update.0.child.subscriber._cancel_monitor_cb: DEBUG   : TERM : update.0.child unregistered idler update.0.child.idler._idle_cb
2019-02-14 02:48:07,419: update.0.child      : update.0                        : update.0.child.subscriber._cancel_monitor_cb: DEBUG   : TERM : update.0.child unregister subscriber update.0.child.subscriber._state_cb
2019-02-14 02:48:07,419: update.0.child      : update.0                        : update.0.child.subscriber._cancel_monitor_cb: DEBUG   : unregistered subscriber update.0.child.subscriber._state_cb
2019-02-14 02:48:07,419: update.0.child      : update.0                        : update.0.child.subscriber._cancel_monitor_cb: DEBUG   : ru_finalize_common()
2019-02-14 02:48:07,419: update.0.child      : update.0                        : update.0.child.subscriber._cancel_monitor_cb: DEBUG   : TERM : update.0.child unregister publisher log_pubsub
2019-02-14 02:48:07,421: update.0.child      : update.0                        : update.0.child.subscriber._cancel_monitor_cb: DEBUG   : unregistered publisher log_pubsub
2019-02-14 02:48:07,421: update.0.child      : update.0                        : update.0.child.subscriber._cancel_monitor_cb: DEBUG   : TERM : update.0.child unregister publisher state_pubsub
2019-02-14 02:48:07,422: update.0.child      : update.0                        : update.0.child.subscriber._cancel_monitor_cb: DEBUG   : unregistered publisher state_pubsub
2019-02-14 02:48:07,422: update.0.child      : update.0                        : update.0.child.subscriber._cancel_monitor_cb: DEBUG   : TERM : update.0.child unregister publisher control_pubsub
2019-02-14 02:48:07,423: update.0.child      : update.0                        : update.0.child.subscriber._cancel_monitor_cb: DEBUG   : unregistered publisher control_pubsub
2019-02-14 02:48:07,423: update.0.child      : update.0                        : update.0.child.subscriber._cancel_monitor_cb: DEBUG   : update.0.child close prof
2019-02-14 02:48:07,439: update.0.child      : update.0                        : update.0.child.watch: INFO    : recv message: 
2019-02-14 02:48:07,439: update.0.child      : update.0                        : update.0.child.watch: INFO    : message received: 
2019-02-14 02:48:07,440: update.0.child      : update.0                        : update.0.child.watch: WARNING : no message, parent closed ep!
2019-02-14 02:48:07,440: update.0.child      : update.0                        : update.0.child.watch: INFO    : watcher closes
2019-02-14 02:48:07,440: update.0.child      : update.0                        : update.0.child.watch: INFO    : put message: [update.0.child.watch.thread] work finished
2019-02-14 02:48:07,440: update.0.child      : update.0                        : update.0.child.watch: DEBUG   : ru_finalize_child (NOOP)
2019-02-14 02:48:07,440: update.0.child      : update.0                        : update.0.child.watch: DEBUG   : ru_finalize_common (NOOP)
2019-02-14 02:48:07,440: update.0.child      : update.0                        : update.0.child.watch: INFO    : put message: [update.0.child.watch.thread] terminating
2019-02-14 02:48:07,443: update.0.child      : update.0                        : MainThread     : DEBUG   : TERM : update.0.child unregister idler update.0.child.idler._idle_cb
2019-02-14 02:48:10,422: update.0.child      : update.0                        : update.0.child.subscriber._cancel_monitor_cb: INFO    : signal stop for update.0.child.subscriber._cancel_monitor_cb - do not join
2019-02-14 02:48:10,422: update.0.child      : update.0                        : update.0.child.subscriber._cancel_monitor_cb: INFO    : child calls stop()
2019-02-14 02:48:10,422: update.0.child      : update.0                        : update.0.child.subscriber._cancel_monitor_cb: INFO    : signal stop for update.0.child.subscriber._cancel_monitor_cb - do not join
2019-02-14 02:48:10,422: update.0.child      : update.0                        : update.0.child.subscriber._cancel_monitor_cb: INFO    : signal stop for update.0.child.subscriber._cancel_monitor_cb - do not join
2019-02-14 02:48:10,422: update.0.child      : update.0                        : update.0.child.subscriber._cancel_monitor_cb: INFO    : signal stop for update.0.child.subscriber._cancel_monitor_cb - do not join
2019-02-14 02:48:10,422: update.0.child      : update.0                        : update.0.child.subscriber._cancel_monitor_cb: INFO    : signal stop for update.0.child.subscriber._cancel_monitor_cb - do not join
2019-02-14 02:48:10,422: update.0.child      : update.0                        : update.0.child.subscriber._cancel_monitor_cb: DEBUG   : ru_finalize_child (NOOP)
2019-02-14 02:48:10,423: update.0.child      : update.0                        : MainThread     : WARNING : timed cb update.0.child.idler._idle_cb is not registered
2019-02-14 02:48:10,423: update.0.child      : update.0                        : update.0.child.idler._idle_cb: DEBUG   : ru_finalize_child (NOOP)
2019-02-14 02:48:10,423: update.0.child      : update.0                        : MainThread     : DEBUG   : TERM : update.0.child unregister subscriber update.0.child.subscriber._state_cb
2019-02-14 02:48:10,424: update.0.child      : update.0                        : update.0.child.idler._idle_cb: DEBUG   : ru_finalize_common (NOOP)
2019-02-14 02:48:10,424: update.0.child      : update.0                        : MainThread     : WARNING : subscriber _state_cb is not registered
2019-02-14 02:48:10,424: update.0.child      : update.0                        : update.0.child.subscriber._cancel_monitor_cb: INFO    : put message: [update.0.child.subscriber._cancel_monitor_cb.thread] terminating
2019-02-14 02:48:10,424: update.0.child      : update.0                        : update.0.child.idler._idle_cb: INFO    : put message: [update.0.child.idler._idle_cb.thread] terminating
2019-02-14 02:48:10,424: update.0.child      : update.0                        : MainThread     : DEBUG   : ru_finalize_common()
2019-02-14 02:48:10,425: update.0.child      : update.0                        : MainThread     : WARNING : publisher log_pubsub is not registered
2019-02-14 02:48:10,425: update.0.child      : update.0                        : MainThread     : WARNING : publisher state_pubsub is not registered
2019-02-14 02:48:10,425: update.0.child      : update.0                        : MainThread     : WARNING : publisher control_pubsub is not registered
2019-02-14 02:48:10,425: update.0.child      : update.0                        : MainThread     : DEBUG   : update.0.child close prof
2019-02-14 02:48:10,426: update.0.child      : update.0                        : MainThread     : INFO    : send message: [update.0.child] terminating
2019-02-14 02:48:10,426: update.0.child      : update.0                        : MainThread     : WARNING : send failed ([Errno 9] Bad file descriptor) - terminate
2019-02-14 02:48:10,426: update.0.child      : update.0                        : MainThread     : INFO    : parent stops child
2019-02-14 02:48:10,426: update.0.child      : update.0                        : MainThread     : DEBUG   : ru_finalize_parent (NOOP)
2019-02-14 02:48:10,426: update.0.child      : update.0                        : MainThread     : INFO    : parent stops child
2019-02-14 02:48:10,426: update.0.child      : update.0                        : MainThread     : DEBUG   : ru_finalize_parent (NOOP)
2019-02-14 02:48:10,478: update.0.child      : update.0                        : update.0.child.subscriber._state_cb: DEBUG   : ru_finalize_child (NOOP)
2019-02-14 02:48:10,478: update.0.child      : update.0                        : update.0.child.subscriber._state_cb: INFO    : put message: [update.0.child.subscriber._state_cb.thread] terminating
2019-02-14 02:48:10,479: update.0.child      : update.0                        : MainThread     : INFO    : parent stops child
2019-02-14 02:48:10,479: update.0.child      : update.0                        : MainThread     : DEBUG   : ru_finalize_parent (NOOP)
2019-02-14 02:48:10,479: update.0.child      : update.0                        : MainThread     : DEBUG   : ru_finalize_common (NOOP)
