1577806178.389 : radical.entk.task_processor : 70513 : 140733663146416 : DEBUG    : Creating CU from Task task.0000
1577806178.391 : radical.entk.task_processor : 70513 : 140733663146416 : DEBUG    : CU task.0000,None,stage.0000,MD,pipeline.0000,MD_ML created from Task task.0000
1577806179.681 : radical.entk.task_processor : 70513 : 140733663146416 : DEBUG    : Creating CU from Task task.0001
1577806179.683 : radical.entk.task_processor : 70513 : 140733663146416 : DEBUG    : CU task.0001,None,stage.0000,MD,pipeline.0000,MD_ML created from Task task.0001
1577806180.854 : radical.entk.task_processor : 70513 : 140733663146416 : DEBUG    : Creating CU from Task task.0002
1577806180.856 : radical.entk.task_processor : 70513 : 140733663146416 : DEBUG    : CU task.0002,None,stage.0000,MD,pipeline.0000,MD_ML created from Task task.0002
1577806182.020 : radical.entk.task_processor : 70513 : 140733663146416 : DEBUG    : Creating CU from Task task.0003
1577806182.022 : radical.entk.task_processor : 70513 : 140733663146416 : DEBUG    : CU task.0003,None,stage.0000,MD,pipeline.0000,MD_ML created from Task task.0003
1577806183.196 : radical.entk.task_processor : 70513 : 140733663146416 : DEBUG    : Creating CU from Task task.0004
1577806183.198 : radical.entk.task_processor : 70513 : 140733663146416 : DEBUG    : CU task.0004,None,stage.0000,MD,pipeline.0000,MD_ML created from Task task.0004
1577806184.373 : radical.entk.task_processor : 70513 : 140733663146416 : DEBUG    : Creating CU from Task task.0005
1577806184.375 : radical.entk.task_processor : 70513 : 140733663146416 : DEBUG    : CU task.0005,None,stage.0000,MD,pipeline.0000,MD_ML created from Task task.0005
1577806185.540 : radical.entk.task_processor : 70513 : 140733663146416 : DEBUG    : Creating CU from Task task.0006
1577806185.543 : radical.entk.task_processor : 70513 : 140733663146416 : DEBUG    : CU task.0006,None,stage.0000,MD,pipeline.0000,MD_ML created from Task task.0006
1577806186.707 : radical.entk.task_processor : 70513 : 140733663146416 : DEBUG    : Creating CU from Task task.0007
1577806186.709 : radical.entk.task_processor : 70513 : 140733663146416 : DEBUG    : CU task.0007,None,stage.0000,MD,pipeline.0000,MD_ML created from Task task.0007
1577806187.875 : radical.entk.task_processor : 70513 : 140733663146416 : DEBUG    : Creating CU from Task task.0008
1577806187.877 : radical.entk.task_processor : 70513 : 140733663146416 : DEBUG    : CU task.0008,None,stage.0000,MD,pipeline.0000,MD_ML created from Task task.0008
1577806189.039 : radical.entk.task_processor : 70513 : 140733663146416 : DEBUG    : Creating CU from Task task.0009
1577806189.041 : radical.entk.task_processor : 70513 : 140733663146416 : DEBUG    : CU task.0009,None,stage.0000,MD,pipeline.0000,MD_ML created from Task task.0009
1577806190.207 : radical.entk.task_processor : 70513 : 140733663146416 : DEBUG    : Creating CU from Task task.0010
1577806190.209 : radical.entk.task_processor : 70513 : 140733663146416 : DEBUG    : CU task.0010,None,stage.0000,MD,pipeline.0000,MD_ML created from Task task.0010
1577806191.372 : radical.entk.task_processor : 70513 : 140733663146416 : DEBUG    : Creating CU from Task task.0011
1577806191.374 : radical.entk.task_processor : 70513 : 140733663146416 : DEBUG    : CU task.0011,None,stage.0000,MD,pipeline.0000,MD_ML created from Task task.0011
1577806866.179 : radical.entk.task_processor : 70513 : 140734871105968 : DEBUG    : Create Task from CU task.0007,None,stage.0000,MD,pipeline.0000,MD_ML
1577806866.180 : radical.entk.task_processor : 70513 : 140734871105968 : DEBUG    : Task task.0007 created from CU task.0007,None,stage.0000,MD,pipeline.0000,MD_ML
1577806867.348 : radical.entk.task_processor : 70513 : 140734871105968 : DEBUG    : Create Task from CU task.0008,None,stage.0000,MD,pipeline.0000,MD_ML
1577806867.349 : radical.entk.task_processor : 70513 : 140734871105968 : DEBUG    : Task task.0008 created from CU task.0008,None,stage.0000,MD,pipeline.0000,MD_ML
1577806870.999 : radical.entk.task_processor : 70513 : 140734871105968 : DEBUG    : Create Task from CU task.0001,None,stage.0000,MD,pipeline.0000,MD_ML
1577806870.999 : radical.entk.task_processor : 70513 : 140734871105968 : DEBUG    : Task task.0001 created from CU task.0001,None,stage.0000,MD,pipeline.0000,MD_ML
1577806873.534 : radical.entk.task_processor : 70513 : 140734871105968 : DEBUG    : Create Task from CU task.0002,None,stage.0000,MD,pipeline.0000,MD_ML
1577806873.535 : radical.entk.task_processor : 70513 : 140734871105968 : DEBUG    : Task task.0002 created from CU task.0002,None,stage.0000,MD,pipeline.0000,MD_ML
1577806876.054 : radical.entk.task_processor : 70513 : 140734871105968 : DEBUG    : Create Task from CU task.0006,None,stage.0000,MD,pipeline.0000,MD_ML
1577806876.055 : radical.entk.task_processor : 70513 : 140734871105968 : DEBUG    : Task task.0006 created from CU task.0006,None,stage.0000,MD,pipeline.0000,MD_ML
1577806881.045 : radical.entk.task_processor : 70513 : 140734871105968 : DEBUG    : Create Task from CU task.0000,None,stage.0000,MD,pipeline.0000,MD_ML
1577806881.045 : radical.entk.task_processor : 70513 : 140734871105968 : DEBUG    : Task task.0000 created from CU task.0000,None,stage.0000,MD,pipeline.0000,MD_ML
1577806883.453 : radical.entk.task_processor : 70513 : 140734871105968 : DEBUG    : Create Task from CU task.0010,None,stage.0000,MD,pipeline.0000,MD_ML
1577806883.453 : radical.entk.task_processor : 70513 : 140734871105968 : DEBUG    : Task task.0010 created from CU task.0010,None,stage.0000,MD,pipeline.0000,MD_ML
1577806885.854 : radical.entk.task_processor : 70513 : 140734871105968 : DEBUG    : Create Task from CU task.0009,None,stage.0000,MD,pipeline.0000,MD_ML
1577806885.855 : radical.entk.task_processor : 70513 : 140734871105968 : DEBUG    : Task task.0009 created from CU task.0009,None,stage.0000,MD,pipeline.0000,MD_ML
1577806887.137 : radical.entk.task_processor : 70513 : 140734871105968 : DEBUG    : Create Task from CU task.0011,None,stage.0000,MD,pipeline.0000,MD_ML
1577806887.138 : radical.entk.task_processor : 70513 : 140734871105968 : DEBUG    : Task task.0011 created from CU task.0011,None,stage.0000,MD,pipeline.0000,MD_ML
1577806889.539 : radical.entk.task_processor : 70513 : 140734871105968 : DEBUG    : Create Task from CU task.0003,None,stage.0000,MD,pipeline.0000,MD_ML
1577806889.539 : radical.entk.task_processor : 70513 : 140734871105968 : DEBUG    : Task task.0003 created from CU task.0003,None,stage.0000,MD,pipeline.0000,MD_ML
1577806890.937 : radical.entk.task_processor : 70513 : 140734871105968 : DEBUG    : Create Task from CU task.0004,None,stage.0000,MD,pipeline.0000,MD_ML
1577806890.938 : radical.entk.task_processor : 70513 : 140734871105968 : DEBUG    : Task task.0004 created from CU task.0004,None,stage.0000,MD,pipeline.0000,MD_ML
1577806893.457 : radical.entk.task_processor : 70513 : 140734871105968 : DEBUG    : Create Task from CU task.0005,None,stage.0000,MD,pipeline.0000,MD_ML
1577806893.458 : radical.entk.task_processor : 70513 : 140734871105968 : DEBUG    : Task task.0005 created from CU task.0005,None,stage.0000,MD,pipeline.0000,MD_ML
1577806894.900 : radical.entk.task_processor : 70513 : 140733663146416 : DEBUG    : Creating CU from Task task.0012
1577806894.902 : radical.entk.task_processor : 70513 : 140733663146416 : DEBUG    : CU task.0012,None,stage.0001,aggregating,pipeline.0000,MD_ML created from Task task.0012
1577806904.518 : radical.entk.task_processor : 70513 : 140734871105968 : DEBUG    : Create Task from CU task.0012,None,stage.0001,aggregating,pipeline.0000,MD_ML
1577806904.518 : radical.entk.task_processor : 70513 : 140734871105968 : DEBUG    : Task task.0012 created from CU task.0012,None,stage.0001,aggregating,pipeline.0000,MD_ML
1577806906.312 : radical.entk.task_processor : 70513 : 140733663146416 : DEBUG    : Creating CU from Task task.0013
1577806906.315 : radical.entk.task_processor : 70513 : 140733663146416 : DEBUG    : CU task.0013,None,stage.0002,learning,pipeline.0000,MD_ML created from Task task.0013
1577806907.596 : radical.entk.task_processor : 70513 : 140733663146416 : DEBUG    : Creating CU from Task task.0014
1577806907.598 : radical.entk.task_processor : 70513 : 140733663146416 : DEBUG    : CU task.0014,None,stage.0002,learning,pipeline.0000,MD_ML created from Task task.0014
1577806908.773 : radical.entk.task_processor : 70513 : 140733663146416 : DEBUG    : Creating CU from Task task.0015
1577806908.775 : radical.entk.task_processor : 70513 : 140733663146416 : DEBUG    : CU task.0015,None,stage.0002,learning,pipeline.0000,MD_ML created from Task task.0015
1577806909.940 : radical.entk.task_processor : 70513 : 140733663146416 : DEBUG    : Creating CU from Task task.0016
1577806909.942 : radical.entk.task_processor : 70513 : 140733663146416 : DEBUG    : CU task.0016,None,stage.0002,learning,pipeline.0000,MD_ML created from Task task.0016
1577806911.121 : radical.entk.task_processor : 70513 : 140733663146416 : DEBUG    : Creating CU from Task task.0017
1577806911.123 : radical.entk.task_processor : 70513 : 140733663146416 : DEBUG    : CU task.0017,None,stage.0002,learning,pipeline.0000,MD_ML created from Task task.0017
1577806912.291 : radical.entk.task_processor : 70513 : 140733663146416 : DEBUG    : Creating CU from Task task.0018
1577806912.293 : radical.entk.task_processor : 70513 : 140733663146416 : DEBUG    : CU task.0018,None,stage.0002,learning,pipeline.0000,MD_ML created from Task task.0018
1577806913.460 : radical.entk.task_processor : 70513 : 140733663146416 : DEBUG    : Creating CU from Task task.0019
1577806913.462 : radical.entk.task_processor : 70513 : 140733663146416 : DEBUG    : CU task.0019,None,stage.0002,learning,pipeline.0000,MD_ML created from Task task.0019
1577806914.629 : radical.entk.task_processor : 70513 : 140733663146416 : DEBUG    : Creating CU from Task task.0020
1577806914.631 : radical.entk.task_processor : 70513 : 140733663146416 : DEBUG    : CU task.0020,None,stage.0002,learning,pipeline.0000,MD_ML created from Task task.0020
1577806915.795 : radical.entk.task_processor : 70513 : 140733663146416 : DEBUG    : Creating CU from Task task.0021
1577806915.797 : radical.entk.task_processor : 70513 : 140733663146416 : DEBUG    : CU task.0021,None,stage.0002,learning,pipeline.0000,MD_ML created from Task task.0021
1577806916.963 : radical.entk.task_processor : 70513 : 140733663146416 : DEBUG    : Creating CU from Task task.0022
1577806916.965 : radical.entk.task_processor : 70513 : 140733663146416 : DEBUG    : CU task.0022,None,stage.0002,learning,pipeline.0000,MD_ML created from Task task.0022
1577806918.133 : radical.entk.task_processor : 70513 : 140733663146416 : DEBUG    : Creating CU from Task task.0023
1577806918.135 : radical.entk.task_processor : 70513 : 140733663146416 : DEBUG    : CU task.0023,None,stage.0002,learning,pipeline.0000,MD_ML created from Task task.0023
1577806919.302 : radical.entk.task_processor : 70513 : 140733663146416 : DEBUG    : Creating CU from Task task.0024
1577806919.304 : radical.entk.task_processor : 70513 : 140733663146416 : DEBUG    : CU task.0024,None,stage.0002,learning,pipeline.0000,MD_ML created from Task task.0024
1577806920.473 : radical.entk.task_processor : 70513 : 140733663146416 : DEBUG    : Creating CU from Task task.0025
1577806920.475 : radical.entk.task_processor : 70513 : 140733663146416 : DEBUG    : CU task.0025,None,stage.0002,learning,pipeline.0000,MD_ML created from Task task.0025
1577806921.756 : radical.entk.task_processor : 70513 : 140733663146416 : DEBUG    : Creating CU from Task task.0026
1577806921.758 : radical.entk.task_processor : 70513 : 140733663146416 : DEBUG    : CU task.0026,None,stage.0002,learning,pipeline.0000,MD_ML created from Task task.0026
1577806922.922 : radical.entk.task_processor : 70513 : 140733663146416 : DEBUG    : Creating CU from Task task.0027
1577806922.924 : radical.entk.task_processor : 70513 : 140733663146416 : DEBUG    : CU task.0027,None,stage.0002,learning,pipeline.0000,MD_ML created from Task task.0027
1577806924.090 : radical.entk.task_processor : 70513 : 140733663146416 : DEBUG    : Creating CU from Task task.0028
1577806924.092 : radical.entk.task_processor : 70513 : 140733663146416 : DEBUG    : CU task.0028,None,stage.0002,learning,pipeline.0000,MD_ML created from Task task.0028
1577806925.282 : radical.entk.task_processor : 70513 : 140733663146416 : DEBUG    : Creating CU from Task task.0029
1577806925.284 : radical.entk.task_processor : 70513 : 140733663146416 : DEBUG    : CU task.0029,None,stage.0002,learning,pipeline.0000,MD_ML created from Task task.0029
1577806926.447 : radical.entk.task_processor : 70513 : 140733663146416 : DEBUG    : Creating CU from Task task.0030
1577806926.448 : radical.entk.task_processor : 70513 : 140733663146416 : DEBUG    : CU task.0030,None,stage.0002,learning,pipeline.0000,MD_ML created from Task task.0030
1577806927.614 : radical.entk.task_processor : 70513 : 140733663146416 : DEBUG    : Creating CU from Task task.0031
1577806927.616 : radical.entk.task_processor : 70513 : 140733663146416 : DEBUG    : CU task.0031,None,stage.0002,learning,pipeline.0000,MD_ML created from Task task.0031
1577806928.798 : radical.entk.task_processor : 70513 : 140733663146416 : DEBUG    : Creating CU from Task task.0032
1577806928.800 : radical.entk.task_processor : 70513 : 140733663146416 : DEBUG    : CU task.0032,None,stage.0002,learning,pipeline.0000,MD_ML created from Task task.0032
1577807598.599 : radical.entk.task_processor : 70513 : 140734871105968 : DEBUG    : Create Task from CU task.0019,None,stage.0002,learning,pipeline.0000,MD_ML
1577807598.639 : radical.entk.task_processor : 70513 : 140734871105968 : DEBUG    : Task task.0019 created from CU task.0019,None,stage.0002,learning,pipeline.0000,MD_ML
1577807601.160 : radical.entk.task_processor : 70513 : 140734871105968 : DEBUG    : Create Task from CU task.0032,None,stage.0002,learning,pipeline.0000,MD_ML
1577807601.161 : radical.entk.task_processor : 70513 : 140734871105968 : DEBUG    : Task task.0032 created from CU task.0032,None,stage.0002,learning,pipeline.0000,MD_ML
1577807617.193 : radical.entk.task_processor : 70513 : 140734871105968 : DEBUG    : Create Task from CU task.0029,None,stage.0002,learning,pipeline.0000,MD_ML
1577807617.194 : radical.entk.task_processor : 70513 : 140734871105968 : DEBUG    : Task task.0029 created from CU task.0029,None,stage.0002,learning,pipeline.0000,MD_ML
1577807618.360 : radical.entk.task_processor : 70513 : 140734871105968 : DEBUG    : Create Task from CU task.0030,None,stage.0002,learning,pipeline.0000,MD_ML
1577807618.361 : radical.entk.task_processor : 70513 : 140734871105968 : DEBUG    : Task task.0030 created from CU task.0030,None,stage.0002,learning,pipeline.0000,MD_ML
1577807623.465 : radical.entk.task_processor : 70513 : 140734871105968 : DEBUG    : Create Task from CU task.0013,None,stage.0002,learning,pipeline.0000,MD_ML
1577807623.466 : radical.entk.task_processor : 70513 : 140734871105968 : DEBUG    : Task task.0013 created from CU task.0013,None,stage.0002,learning,pipeline.0000,MD_ML
1577807624.632 : radical.entk.task_processor : 70513 : 140734871105968 : DEBUG    : Create Task from CU task.0014,None,stage.0002,learning,pipeline.0000,MD_ML
1577807624.633 : radical.entk.task_processor : 70513 : 140734871105968 : DEBUG    : Task task.0014 created from CU task.0014,None,stage.0002,learning,pipeline.0000,MD_ML
1577807625.799 : radical.entk.task_processor : 70513 : 140734871105968 : DEBUG    : Create Task from CU task.0015,None,stage.0002,learning,pipeline.0000,MD_ML
1577807625.800 : radical.entk.task_processor : 70513 : 140734871105968 : DEBUG    : Task task.0015 created from CU task.0015,None,stage.0002,learning,pipeline.0000,MD_ML
1577807626.966 : radical.entk.task_processor : 70513 : 140734871105968 : DEBUG    : Create Task from CU task.0016,None,stage.0002,learning,pipeline.0000,MD_ML
1577807626.966 : radical.entk.task_processor : 70513 : 140734871105968 : DEBUG    : Task task.0016 created from CU task.0016,None,stage.0002,learning,pipeline.0000,MD_ML
1577807628.132 : radical.entk.task_processor : 70513 : 140734871105968 : DEBUG    : Create Task from CU task.0017,None,stage.0002,learning,pipeline.0000,MD_ML
1577807628.133 : radical.entk.task_processor : 70513 : 140734871105968 : DEBUG    : Task task.0017 created from CU task.0017,None,stage.0002,learning,pipeline.0000,MD_ML
1577807629.300 : radical.entk.task_processor : 70513 : 140734871105968 : DEBUG    : Create Task from CU task.0018,None,stage.0002,learning,pipeline.0000,MD_ML
1577807629.300 : radical.entk.task_processor : 70513 : 140734871105968 : DEBUG    : Task task.0018 created from CU task.0018,None,stage.0002,learning,pipeline.0000,MD_ML
