#  step      rmse_val    rmse_trn    rmse_e_val  rmse_e_trn    rmse_f_val  rmse_f_trn         lr
# If there is no available reference data, rmse_*_{val,trn} will print nan
      0      2.79e+03    1.75e+02      3.03e+00    3.00e+00      8.82e+01    5.52e+00    2.0e-03
   2000      1.20e+03    2.16e+03      1.75e+01    4.98e+00      4.04e+01    7.27e+01    1.8e-03
   4000      1.13e+03    2.54e+01      1.41e+00    5.27e+01      4.02e+01    0.00e+00    1.6e-03
   6000      6.64e+02    6.81e+02      1.57e+00    2.80e+00      2.52e+01    2.59e+01    1.4e-03
   8000      1.58e+02    2.64e+01      1.81e+01    4.18e+01      6.33e+00    0.00e+00    1.2e-03
  10000      9.49e+02    1.83e+02      2.99e+00    4.52e+00      4.07e+01    7.84e+00    1.1e-03
  12000      3.54e+02    1.14e+03      1.93e+00    4.41e+00      1.62e+01    5.21e+01    9.6e-04
  14000      1.31e+02    4.85e+02      1.52e+01    2.33e+00      6.31e+00    2.35e+01    8.5e-04
  16000      8.19e+02    2.12e+02      1.22e+01    1.07e+00      4.21e+01    1.09e+01    7.5e-04
  18000      1.06e+02    6.19e+01      9.03e-01    2.21e+00      5.83e+00    3.38e+00    6.7e-04
  20000      1.10e+02    6.20e+02      1.10e+01    3.16e+00      6.33e+00    3.61e+01    5.9e-04
  22000      7.46e+02    4.43e+02      2.38e+00    2.97e+00      4.61e+01    2.74e+01    5.2e-04
  24000      4.18e+02    8.36e-01      2.65e+00    9.50e-01      2.74e+01    0.00e+00    4.6e-04
  26000      5.72e+01    2.78e+02      2.74e-01    4.21e+00      3.99e+00    1.94e+01    4.1e-04
  28000      7.86e+01    5.83e+01      2.12e-01    3.26e+00      5.83e+00    4.30e+00    3.6e-04
  30000      2.24e+02    1.08e+02      1.70e+00    1.49e+00      1.76e+01    8.51e+00    3.2e-04
  32000      7.27e+01    5.21e+01      5.75e+00    1.68e+00      6.05e+00    4.35e+00    2.8e-04
  34000      7.17e+01    3.86e+01      7.41e+00    2.69e+00      6.32e+00    3.40e+00    2.5e-04
  36000      6.17e+01    6.19e+01      6.75e-02    1.32e+00      5.83e+00    5.84e+00    2.2e-04
  38000      3.98e+01    4.41e+02      1.90e+00    5.21e+00      3.99e+00    4.42e+01    2.0e-04
  40000      5.47e+01    5.31e+02      6.58e-01    7.03e+00      5.83e+00    5.66e+01    1.7e-04
  42000      5.15e+01    2.42e+01      1.07e+00    1.50e+00      5.83e+00    2.72e+00    1.5e-04
  44000      4.84e+01    7.97e+02      5.79e-02    9.25e+00      5.83e+00    9.59e+01    1.4e-04
  46000      2.27e+02    1.28e-01      2.98e+00    1.32e-01      2.90e+01    0.00e+00    1.2e-04
  48000      4.04e+01    5.75e+02      3.42e+00    8.18e+00      5.45e+00    7.79e+01    1.1e-04
  50000      4.31e+01    3.18e-01      6.06e+00    3.25e-01      6.09e+00    0.00e+00    9.5e-05
  52000      2.62e+01    2.50e-03      2.94e+00    2.55e-03      3.96e+00    0.00e+00    8.4e-05
  54000      7.44e+02    5.69e+01      3.14e+00    4.17e+00      1.21e+02    9.14e+00    7.4e-05
  56000      7.61e+02    9.40e+01      1.93e+01    4.10e+00      1.31e+02    1.61e+01    6.6e-05
  58000      3.57e+01    4.63e+01      6.57e+00    7.53e-01      6.30e+00    8.46e+00    5.8e-05
  60000      2.51e+02    4.38e+01      3.59e+00    8.21e-01      4.86e+01    8.47e+00    5.1e-05
  62000      1.93e+01    6.34e-02      1.75e+00    6.42e-02      3.93e+00    0.00e+00    4.5e-05
  64000      1.81e+01    9.29e+01      1.68e+00    1.88e+00      3.91e+00    2.02e+01    4.0e-05
  66000      4.64e+02    5.15e+01      2.73e+01    2.02e+00      1.07e+02    1.19e+01    3.6e-05
  68000      1.63e+01    1.93e+02      1.73e+00    5.25e+00      3.93e+00    4.71e+01    3.2e-05
  70000      1.96e+01    7.53e+01      1.34e-01    4.59e+00      5.07e+00    1.93e+01    2.8e-05
  72000      5.41e+01    8.65e+00      1.28e+00    1.05e+00      1.48e+01    2.30e+00    2.5e-05
  74000      1.64e+02    1.89e+01      3.37e+00    1.21e+00      4.76e+01    5.44e+00    2.2e-05
  76000      2.61e+02    1.06e+01      3.04e+01    3.86e+00      7.89e+01    2.22e+00    1.9e-05
  78000      2.38e+02    1.35e-01      3.10e+01    1.36e-01      7.57e+01    0.00e+00    1.7e-05
  80000      3.15e+01    5.92e+01      6.63e+00    1.74e+00      1.03e+01    2.02e+01    1.5e-05
  82000      5.71e+00    6.59e+00      1.55e+00    1.37e+00      1.90e+00    2.16e+00    1.3e-05
  84000      4.01e+01    6.58e+00      1.71e+00    1.41e+00      1.52e+01    2.26e+00    1.2e-05
  86000      1.35e+02    1.52e+01      2.36e+00    9.99e-01      5.41e+01    6.02e+00    1.1e-05
  88000      1.68e+02    1.33e+01      3.25e+01    1.43e+00      6.81e+01    5.49e+00    9.3e-06
  90000      1.13e+01    8.90e+00      2.91e-01    3.12e+00      4.98e+00    2.82e+00    8.2e-06
  92000      6.83e+01    8.77e+00      2.19e+00    9.65e-01      3.17e+01    3.97e+00    7.3e-06
  94000      5.50e+00    4.79e+00      1.80e+00    6.07e-01      2.38e+00    2.29e+00    6.4e-06
  96000      4.46e+01    1.84e+01      3.16e+00    1.84e+00      2.25e+01    9.28e+00    5.7e-06
  98000      3.40e+00    1.22e+01      2.09e+00    2.94e+00      9.09e-01    5.67e+00    5.1e-06
 100000      6.28e+01    4.17e+01      1.71e+00    1.47e+00      3.49e+01    2.31e+01    4.5e-06
 102000      1.30e+02    1.65e+01      3.40e+01    1.85e+00      7.01e+01    9.41e+00    4.0e-06
 104000      6.42e+01    1.76e+01      3.22e+00    6.97e+00      3.85e+01    6.48e+00    3.5e-06
 106000      8.78e+00    8.80e+00      7.41e-01    1.32e+00      5.46e+00    5.25e+00    3.1e-06
 108000      4.67e+01    4.77e+00      2.44e+00    1.24e+00      3.02e+01    2.65e+00    2.7e-06
 110000      2.57e+01    3.47e+00      6.20e+00    1.11e+00      1.63e+01    1.79e+00    2.4e-06
 112000      5.22e+01    1.84e+01      3.58e+00    7.85e+00      3.59e+01    6.70e+00    2.2e-06
 114000      1.13e+02    4.48e+00      3.46e+01    1.49e+00      7.33e+01    2.39e+00    1.9e-06
 116000      5.58e+01    6.27e+00      1.90e+00    1.96e+00      4.10e+01    3.61e+00    1.7e-06
 118000      1.09e+02    3.66e-04      3.48e+01    3.66e-04      7.34e+01    0.00e+00    1.5e-06
 120000      7.10e+00    8.84e-04      9.15e-01    8.85e-04      5.42e+00    0.00e+00    1.3e-06
 122000      1.05e+02    5.24e+00      3.49e+01    1.29e+00      7.38e+01    3.63e+00    1.2e-06
 124000      2.32e+01    6.22e+00      6.13e+00    2.64e+00      1.74e+01    2.68e+00    1.0e-06
 126000      2.29e+01    6.54e+00      6.12e+00    1.86e+00      1.75e+01    4.46e+00    9.1e-07
 128000      6.93e+01    3.99e+00      3.51e+00    9.40e-01      5.82e+01    2.97e+00    8.1e-07
 130000      3.80e+00    8.41e+00      2.23e+00    3.03e+00      1.83e+00    5.01e+00    7.2e-07
 132000      1.70e+01    6.00e+00      1.88e+00    1.26e+00      1.45e+01    4.74e+00    6.3e-07
 134000      6.27e+00    9.49e+01      9.99e-01    6.86e+00      5.40e+00    8.30e+01    5.6e-07
 136000      4.03e+00    2.30e+00      2.19e+00    5.58e-01      2.30e+00    1.80e+00    5.0e-07
 138000      6.96e+01    5.27e+01      3.66e+00    4.19e+00      6.27e+01    4.71e+01    4.4e-07
 140000      1.30e+01    5.70e+00      1.52e+00    1.31e+00      1.16e+01    4.63e+00    3.9e-07
 142000      2.14e+01    5.56e+00      6.11e+00    1.57e+00      1.81e+01    4.23e+00    3.4e-07
 144000      3.73e+01    4.26e+00      3.67e+00    1.89e+00      3.40e+01    1.84e+00    3.0e-07
 146000      6.19e+01    1.83e-03      1.47e+00    1.83e-03      5.81e+01    0.00e+00    2.7e-07
 148000      2.11e+01    2.53e-05      6.10e+00    2.53e-05      1.82e+01    0.00e+00    2.4e-07
 150000      4.35e+00    3.57e+00      2.07e+00    1.26e+00      3.06e+00    2.40e+00    2.1e-07
 152000      6.38e+01    1.70e+00      1.41e+00    1.17e+00      6.10e+01    3.67e-01    1.9e-07
 154000      3.20e+01    1.06e-04      3.41e+00    1.06e-04      3.01e+01    0.00e+00    1.7e-07
 156000      2.08e+01    8.69e+01      6.10e+00    6.34e+00      1.82e+01    8.30e+01    1.5e-07
 158000      9.19e+01    3.44e+00      3.50e+01    9.72e-01      7.50e+01    2.75e+00    1.3e-07
 160000      6.62e+01    4.79e+00      1.98e+00    9.67e-01      6.43e+01    4.26e+00    1.1e-07
 162000      5.72e+00    1.67e+01      1.03e+00    1.41e+00      5.39e+00    1.61e+01    1.0e-07
 164000      2.06e+01    2.59e+00      6.09e+00    7.91e-01      1.83e+01    2.01e+00    9.0e-08
 166000      4.55e+00    3.48e-05      1.98e+00    3.48e-05      3.52e+00    0.00e+00    8.0e-08
 168000      4.58e+00    9.84e+01      1.98e+00    8.95e+00      3.57e+00    9.59e+01    7.0e-08
 170000      2.81e+01    8.53e+01      3.30e+00    6.35e+00      2.69e+01    8.30e+01    6.2e-08
